#
# There is insufficient memory for the Java Runtime Environment to continue.
# Native memory allocation (malloc) failed to allocate 32744 bytes for ChunkPool::allocate
# Possible reasons:
#   The system is out of physical RAM or swap space
#   The process is running with CompressedOops enabled, and the Java Heap may be blocking the growth of the native heap
# Possible solutions:
#   Reduce memory load on the system
#   Increase physical memory or swap space
#   Check if swap backing store is full
#   Decrease Java heap size (-Xmx/-Xms)
#   Decrease number of Java threads
#   Decrease Java thread stack sizes (-Xss)
#   Set larger code cache with -XX:ReservedCodeCacheSize=
#   JVM is running with Unscaled Compressed Oops mode in which the Java heap is
#     placed in the first 4GB address space. The Java Heap base address is the
#     maximum limit for the native heap growth. Please use -XX:HeapBaseMinAddress
#     to set the Java Heap base and to place the Java Heap above 4GB virtual address.
# This output file may be truncated or incomplete.
#
#  Out of Memory Error (./src/hotspot/share/memory/arena.cpp:81), pid=22800, tid=16056
#
# JRE version: OpenJDK Runtime Environment (11.0.13) (build 11.0.13+0-b1751.21-8125866)
# Java VM: OpenJDK 64-Bit Server VM (11.0.13+0-b1751.21-8125866, mixed mode, tiered, compressed oops, g1 gc, windows-amd64)
# No core dump will be written. Minidumps are not enabled by default on client versions of Windows
#

---------------  S U M M A R Y ------------

Command Line: --add-opens=java.base/java.util=ALL-UNNAMED --add-opens=java.base/java.lang=ALL-UNNAMED --add-opens=java.base/java.lang.invoke=ALL-UNNAMED --add-opens=java.base/java.util=ALL-UNNAMED --add-opens=java.prefs/java.util.prefs=ALL-UNNAMED --add-opens=java.prefs/java.util.prefs=ALL-UNNAMED --add-opens=java.base/java.nio.charset=ALL-UNNAMED --add-opens=java.base/java.net=ALL-UNNAMED --add-opens=java.base/java.util.concurrent.atomic=ALL-UNNAMED -Xmx2048m -Dfile.encoding=UTF-8 -Duser.country=IN -Duser.language=en -Duser.variant org.gradle.launcher.daemon.bootstrap.GradleDaemon 7.4

Host: Intel(R) Core(TM) i5-9300H CPU @ 2.40GHz, 8 cores, 7G,  Windows 11 , 64 bit Build 22000 (10.0.22000.434)
Time: Fri Apr 15 14:28:21 2022 India Standard Time elapsed time: 6.002718 seconds (0d 0h 0m 6s)

---------------  T H R E A D  ---------------

Current thread (0x000001d3b311c000):  JavaThread "Daemon worker" [_thread_in_vm, id=16056, stack(0x000000686ca00000,0x000000686cb00000)]

Stack: [0x000000686ca00000,0x000000686cb00000]
Native frames: (J=compiled Java code, j=interpreted, Vv=VM code, C=native code)
V  [jvm.dll+0x6100fa]
V  [jvm.dll+0x747090]
V  [jvm.dll+0x7486ad]
V  [jvm.dll+0x748d83]
V  [jvm.dll+0x24ab48]
V  [jvm.dll+0xc075b]
V  [jvm.dll+0xc0a0c]
V  [jvm.dll+0x1ca057]
V  [jvm.dll+0x1cc87f]
V  [jvm.dll+0x1c1954]
V  [jvm.dll+0x4e690b]
V  [jvm.dll+0x6e377b]
V  [jvm.dll+0x3f46c4]
V  [jvm.dll+0x3f952f]
C  [java.dll+0x19b4]

Java frames: (J=compiled Java code, j=interpreted, Vv=VM code)
J 1014  java.lang.ClassLoader.defineClass1(Ljava/lang/ClassLoader;Ljava/lang/String;[BIILjava/security/ProtectionDomain;Ljava/lang/String;)Ljava/lang/Class; java.base@11.0.13 (0 bytes) @ 0x000001d3a0f3917b [0x000001d3a0f390c0+0x00000000000000bb]
j  java.lang.System$2.defineClass(Ljava/lang/ClassLoader;Ljava/lang/String;[BLjava/security/ProtectionDomain;Ljava/lang/String;)Ljava/lang/Class;+10 java.base@11.0.13
j  java.lang.invoke.MethodHandles$Lookup.defineClass([B)Ljava/lang/Class;+223 java.base@11.0.13
j  org.gradle.internal.classloader.ClassLoaderUtils$LookupClassDefiner.defineDecoratorClass(Ljava/lang/Class;Ljava/lang/ClassLoader;Ljava/lang/String;[B)Ljava/lang/Class;+22
j  org.gradle.internal.classloader.ClassLoaderUtils.defineDecorator(Ljava/lang/Class;Ljava/lang/ClassLoader;Ljava/lang/String;[B)Ljava/lang/Class;+7
j  org.gradle.model.internal.asm.AsmClassGenerator.define(Ljava/lang/ClassLoader;)Ljava/lang/Class;+16
j  org.gradle.model.internal.asm.AsmClassGenerator.define()Ljava/lang/Class;+8
j  org.gradle.api.internal.model.NamedObjectInstantiator.loaderFor(Ljava/lang/Class;)Lorg/gradle/api/internal/model/NamedObjectInstantiator$ClassGeneratingLoader;+615
j  org.gradle.api.internal.model.NamedObjectInstantiator.lambda$new$0(Ljava/lang/Class;)Lcom/google/common/cache/LoadingCache;+5
j  org.gradle.api.internal.model.NamedObjectInstantiator$$Lambda$93.apply(Ljava/lang/Object;)Ljava/lang/Object;+8
j  org.gradle.cache.internal.DefaultCrossBuildInMemoryCacheFactory$AbstractCrossBuildInMemoryCache.get(Ljava/lang/Object;Ljava/util/function/Function;)Ljava/lang/Object;+26
j  org.gradle.api.internal.model.NamedObjectInstantiator.named(Ljava/lang/Class;Ljava/lang/String;)Lorg/gradle/api/Named;+10
j  org.gradle.internal.component.external.model.PreferJavaRuntimeVariant.<init>(Lorg/gradle/api/internal/model/NamedObjectInstantiator;)V+9
j  org.gradle.api.internal.artifacts.DependencyManagementGlobalScopeServices.createPreferJavaRuntimeVariant(Lorg/gradle/api/internal/model/NamedObjectInstantiator;)Lorg/gradle/internal/component/external/model/PreferJavaRuntimeVariant;+5
v  ~StubRoutines::call_stub
J 2232  jdk.internal.reflect.NativeMethodAccessorImpl.invoke0(Ljava/lang/reflect/Method;Ljava/lang/Object;[Ljava/lang/Object;)Ljava/lang/Object; java.base@11.0.13 (0 bytes) @ 0x000001d3a0ffc43f [0x000001d3a0ffc3c0+0x000000000000007f]
J 2231 c1 jdk.internal.reflect.NativeMethodAccessorImpl.invoke(Ljava/lang/Object;[Ljava/lang/Object;)Ljava/lang/Object; java.base@11.0.13 (104 bytes) @ 0x000001d399e3ae24 [0x000001d399e3a240+0x0000000000000be4]
J 1637 c1 jdk.internal.reflect.DelegatingMethodAccessorImpl.invoke(Ljava/lang/Object;[Ljava/lang/Object;)Ljava/lang/Object; java.base@11.0.13 (10 bytes) @ 0x000001d399d03d3c [0x000001d399d03c40+0x00000000000000fc]
J 2276 c1 org.gradle.internal.reflect.JavaMethod.invoke(Ljava/lang/Object;[Ljava/lang/Object;)Ljava/lang/Object; (74 bytes) @ 0x000001d399e6c3dc [0x000001d399e6c040+0x000000000000039c]
J 2275 c1 org.gradle.internal.service.ReflectionBasedServiceMethod.invoke(Ljava/lang/Object;[Ljava/lang/Object;)Ljava/lang/Object; (16 bytes) @ 0x000001d399e6ba6c [0x000001d399e6b9e0+0x000000000000008c]
j  org.gradle.internal.service.DefaultServiceRegistry$FactoryMethodService.invokeMethod([Ljava/lang/Object;)Ljava/lang/Object;+9
j  org.gradle.internal.service.DefaultServiceRegistry$FactoryService.createServiceInstance()Ljava/lang/Object;+7
J 1833 c1 org.gradle.internal.service.DefaultServiceRegistry$ManagedObjectServiceProvider.getInstance()Ljava/lang/Object; (47 bytes) @ 0x000001d399d528c4 [0x000001d399d52680+0x0000000000000244]
J 1832 c1 org.gradle.internal.service.DefaultServiceRegistry$SingletonService.get()Ljava/lang/Object; (5 bytes) @ 0x000001d399d52334 [0x000001d399d522c0+0x0000000000000074]
j  org.gradle.internal.service.DefaultServiceRegistry$FactoryService.assembleParameters()[Ljava/lang/Object;+44
j  org.gradle.internal.service.DefaultServiceRegistry$FactoryService.createServiceInstance()Ljava/lang/Object;+1
J 1833 c1 org.gradle.internal.service.DefaultServiceRegistry$ManagedObjectServiceProvider.getInstance()Ljava/lang/Object; (47 bytes) @ 0x000001d399d528c4 [0x000001d399d52680+0x0000000000000244]
J 1832 c1 org.gradle.internal.service.DefaultServiceRegistry$SingletonService.get()Ljava/lang/Object; (5 bytes) @ 0x000001d399d52334 [0x000001d399d522c0+0x0000000000000074]
j  org.gradle.internal.service.DefaultServiceRegistry$FactoryService.assembleParameters()[Ljava/lang/Object;+44
j  org.gradle.internal.service.DefaultServiceRegistry$FactoryService.createServiceInstance()Ljava/lang/Object;+1
J 1833 c1 org.gradle.internal.service.DefaultServiceRegistry$ManagedObjectServiceProvider.getInstance()Ljava/lang/Object; (47 bytes) @ 0x000001d399d528c4 [0x000001d399d52680+0x0000000000000244]
J 1832 c1 org.gradle.internal.service.DefaultServiceRegistry$SingletonService.get()Ljava/lang/Object; (5 bytes) @ 0x000001d399d52334 [0x000001d399d522c0+0x0000000000000074]
j  org.gradle.internal.service.DefaultServiceRegistry$FactoryService.assembleParameters()[Ljava/lang/Object;+44
j  org.gradle.internal.service.DefaultServiceRegistry$FactoryService.createServiceInstance()Ljava/lang/Object;+1
J 1833 c1 org.gradle.internal.service.DefaultServiceRegistry$ManagedObjectServiceProvider.getInstance()Ljava/lang/Object; (47 bytes) @ 0x000001d399d528c4 [0x000001d399d52680+0x0000000000000244]
J 1832 c1 org.gradle.internal.service.DefaultServiceRegistry$SingletonService.get()Ljava/lang/Object; (5 bytes) @ 0x000001d399d52334 [0x000001d399d522c0+0x0000000000000074]
j  org.gradle.internal.service.DefaultServiceRegistry$FactoryService.assembleParameters()[Ljava/lang/Object;+44
j  org.gradle.internal.service.DefaultServiceRegistry$FactoryService.createServiceInstance()Ljava/lang/Object;+1
J 1833 c1 org.gradle.internal.service.DefaultServiceRegistry$ManagedObjectServiceProvider.getInstance()Ljava/lang/Object; (47 bytes) @ 0x000001d399d528c4 [0x000001d399d52680+0x0000000000000244]
J 1832 c1 org.gradle.internal.service.DefaultServiceRegistry$SingletonService.get()Ljava/lang/Object; (5 bytes) @ 0x000001d399d52334 [0x000001d399d522c0+0x0000000000000074]
j  org.gradle.internal.service.DefaultServiceRegistry$FactoryService.assembleParameters()[Ljava/lang/Object;+44
j  org.gradle.internal.service.DefaultServiceRegistry$FactoryService.createServiceInstance()Ljava/lang/Object;+1
J 1833 c1 org.gradle.internal.service.DefaultServiceRegistry$ManagedObjectServiceProvider.getInstance()Ljava/lang/Object; (47 bytes) @ 0x000001d399d528c4 [0x000001d399d52680+0x0000000000000244]
J 1832 c1 org.gradle.internal.service.DefaultServiceRegistry$SingletonService.get()Ljava/lang/Object; (5 bytes) @ 0x000001d399d52334 [0x000001d399d522c0+0x0000000000000074]
j  org.gradle.internal.service.DefaultServiceRegistry$FactoryService.assembleParameters()[Ljava/lang/Object;+44
j  org.gradle.internal.service.DefaultServiceRegistry$FactoryService.createServiceInstance()Ljava/lang/Object;+1
J 1833 c1 org.gradle.internal.service.DefaultServiceRegistry$ManagedObjectServiceProvider.getInstance()Ljava/lang/Object; (47 bytes) @ 0x000001d399d528c4 [0x000001d399d52680+0x0000000000000244]
J 1832 c1 org.gradle.internal.service.DefaultServiceRegistry$SingletonService.get()Ljava/lang/Object; (5 bytes) @ 0x000001d399d52334 [0x000001d399d522c0+0x0000000000000074]
j  org.gradle.internal.service.DefaultServiceRegistry$FactoryService.assembleParameters()[Ljava/lang/Object;+44
j  org.gradle.internal.service.DefaultServiceRegistry$FactoryService.createServiceInstance()Ljava/lang/Object;+1
J 1833 c1 org.gradle.internal.service.DefaultServiceRegistry$ManagedObjectServiceProvider.getInstance()Ljava/lang/Object; (47 bytes) @ 0x000001d399d528c4 [0x000001d399d52680+0x0000000000000244]
J 1832 c1 org.gradle.internal.service.DefaultServiceRegistry$SingletonService.get()Ljava/lang/Object; (5 bytes) @ 0x000001d399d52334 [0x000001d399d522c0+0x0000000000000074]
j  org.gradle.internal.service.DefaultServiceRegistry$FactoryService.assembleParameters()[Ljava/lang/Object;+44
j  org.gradle.internal.service.DefaultServiceRegistry$FactoryService.createServiceInstance()Ljava/lang/Object;+1
J 1833 c1 org.gradle.internal.service.DefaultServiceRegistry$ManagedObjectServiceProvider.getInstance()Ljava/lang/Object; (47 bytes) @ 0x000001d399d528c4 [0x000001d399d52680+0x0000000000000244]
J 1832 c1 org.gradle.internal.service.DefaultServiceRegistry$SingletonService.get()Ljava/lang/Object; (5 bytes) @ 0x000001d399d52334 [0x000001d399d522c0+0x0000000000000074]
j  org.gradle.internal.service.DefaultServiceRegistry.find(Ljava/lang/reflect/Type;)Ljava/lang/Object;+22
j  org.gradle.internal.service.DefaultServiceRegistry.get(Ljava/lang/reflect/Type;)Ljava/lang/Object;+2
j  org.gradle.internal.service.DefaultServiceRegistry.get(Ljava/lang/Class;)Ljava/lang/Object;+3
j  org.gradle.api.internal.artifacts.DefaultDependencyManagementServices$DefaultDependencyResolutionServices.getDependencyLockingHandler()Lorg/gradle/api/artifacts/dsl/DependencyLockingHandler;+6
j  org.gradle.api.internal.initialization.DefaultScriptHandler.<init>(Lorg/gradle/groovy/scripts/ScriptSource;Lorg/gradle/api/internal/artifacts/DependencyResolutionServices;Lorg/gradle/api/internal/initialization/ClassLoaderScope;Lorg/gradle/api/internal/initialization/ScriptClassPathResolver;Lorg/gradle/api/internal/model/NamedObjectInstantiator;)V+43
j  org.gradle.api.internal.initialization.DefaultScriptHandlerFactory.create(Lorg/gradle/groovy/scripts/ScriptSource;Lorg/gradle/api/internal/initialization/ClassLoaderScope;Lorg/gradle/api/internal/DomainObjectContext;)Lorg/gradle/api/internal/initialization/ScriptHandlerInternal;+44
j  org.gradle.api.internal.initialization.DefaultScriptHandlerFactory.create(Lorg/gradle/groovy/scripts/ScriptSource;Lorg/gradle/api/internal/initialization/ClassLoaderScope;)Lorg/gradle/api/internal/initialization/ScriptHandlerInternal;+6
j  org.gradle.initialization.SettingsFactory.createSettings(Lorg/gradle/api/internal/GradleInternal;Ljava/io/File;Lorg/gradle/groovy/scripts/ScriptSource;Lorg/gradle/api/internal/properties/GradleProperties;Lorg/gradle/StartParameter;Lorg/gradle/api/internal/initialization/ClassLoaderScope;)Lorg/gradle/api/internal/SettingsInternal;+79
j  org.gradle.initialization.ScriptEvaluatingSettingsProcessor.process(Lorg/gradle/api/internal/GradleInternal;Lorg/gradle/initialization/SettingsLocation;Lorg/gradle/api/internal/initialization/ClassLoaderScope;Lorg/gradle/StartParameter;)Lorg/gradle/api/internal/SettingsInternal;+47
j  org.gradle.initialization.SettingsEvaluatedCallbackFiringSettingsProcessor.process(Lorg/gradle/api/internal/GradleInternal;Lorg/gradle/initialization/SettingsLocation;Lorg/gradle/api/internal/initialization/ClassLoaderScope;Lorg/gradle/StartParameter;)Lorg/gradle/api/internal/SettingsInternal;+9
j  org.gradle.initialization.RootBuildCacheControllerSettingsProcessor.process(Lorg/gradle/api/internal/GradleInternal;Lorg/gradle/initialization/SettingsLocation;Lorg/gradle/api/internal/initialization/ClassLoaderScope;Lorg/gradle/StartParameter;)Lorg/gradle/api/internal/SettingsInternal;+9
j  org.gradle.initialization.BuildOperationSettingsProcessor$2.call(Lorg/gradle/internal/operations/BuildOperationContext;)Lorg/gradle/api/internal/SettingsInternal;+23
j  org.gradle.initialization.BuildOperationSettingsProcessor$2.call(Lorg/gradle/internal/operations/BuildOperationContext;)Ljava/lang/Object;+2
j  org.gradle.internal.operations.DefaultBuildOperationRunner$CallableBuildOperationWorker.execute(Lorg/gradle/internal/operations/CallableBuildOperation;Lorg/gradle/internal/operations/BuildOperationContext;)V+3
j  org.gradle.internal.operations.DefaultBuildOperationRunner$CallableBuildOperationWorker.execute(Lorg/gradle/internal/operations/BuildOperation;Lorg/gradle/internal/operations/BuildOperationContext;)V+6
j  org.gradle.internal.operations.DefaultBuildOperationRunner$2.execute(Lorg/gradle/internal/operations/BuildOperationDescriptor;Lorg/gradle/internal/operations/BuildOperationState;Lorg/gradle/internal/operations/BuildOperationState;Lorg/gradle/internal/operations/DefaultBuildOperationRunner$ReadableBuildOperationContext;Lorg/gradle/internal/operations/DefaultBuildOperationRunner$BuildOperationExecutionListener;)Lorg/gradle/internal/operations/BuildOperation;+22
j  org.gradle.internal.operations.DefaultBuildOperationRunner$2.execute(Lorg/gradle/internal/operations/BuildOperationDescriptor;Lorg/gradle/internal/operations/BuildOperationState;Lorg/gradle/internal/operations/BuildOperationState;Lorg/gradle/internal/operations/DefaultBuildOperationRunner$ReadableBuildOperationContext;Lorg/gradle/internal/operations/DefaultBuildOperationRunner$BuildOperationExecutionListener;)Ljava/lang/Object;+8
j  org.gradle.internal.operations.DefaultBuildOperationRunner.execute(Lorg/gradle/internal/operations/BuildOperationDescriptor$Builder;Lorg/gradle/internal/operations/BuildOperationState;Lorg/gradle/internal/operations/DefaultBuildOperationRunner$BuildOperationExecution;)Ljava/lang/Object;+141
j  org.gradle.internal.operations.DefaultBuildOperationRunner.execute(Lorg/gradle/internal/operations/BuildOperation;Lorg/gradle/internal/operations/BuildOperationWorker;Lorg/gradle/internal/operations/BuildOperationState;)V+18
j  org.gradle.internal.operations.DefaultBuildOperationRunner.call(Lorg/gradle/internal/operations/CallableBuildOperation;)Ljava/lang/Object;+16
j  org.gradle.internal.operations.DefaultBuildOperationExecutor.call(Lorg/gradle/internal/operations/CallableBuildOperation;)Ljava/lang/Object;+5
j  org.gradle.initialization.BuildOperationSettingsProcessor.process(Lorg/gradle/api/internal/GradleInternal;Lorg/gradle/initialization/SettingsLocation;Lorg/gradle/api/internal/initialization/ClassLoaderScope;Lorg/gradle/StartParameter;)Lorg/gradle/api/internal/SettingsInternal;+17
j  org.gradle.initialization.DefaultSettingsLoader.findSettingsAndLoadIfAppropriate(Lorg/gradle/api/internal/GradleInternal;Lorg/gradle/StartParameter;Lorg/gradle/initialization/SettingsLocation;Lorg/gradle/api/internal/initialization/ClassLoaderScope;)Lorg/gradle/api/internal/SettingsInternal;+9
j  org.gradle.initialization.DefaultSettingsLoader.findAndLoadSettings(Lorg/gradle/api/internal/GradleInternal;)Lorg/gradle/api/internal/SettingsInternal;+33
j  org.gradle.initialization.SettingsAttachingSettingsLoader.findAndLoadSettings(Lorg/gradle/api/internal/GradleInternal;)Lorg/gradle/api/internal/SettingsInternal;+5
j  org.gradle.internal.composite.CommandLineIncludedBuildSettingsLoader.findAndLoadSettings(Lorg/gradle/api/internal/GradleInternal;)Lorg/gradle/api/internal/SettingsInternal;+5
j  org.gradle.internal.composite.ChildBuildRegisteringSettingsLoader.findAndLoadSettings(Lorg/gradle/api/internal/GradleInternal;)Lorg/gradle/api/internal/SettingsInternal;+5
j  org.gradle.internal.composite.CompositeBuildSettingsLoader.findAndLoadSettings(Lorg/gradle/api/internal/GradleInternal;)Lorg/gradle/api/internal/SettingsInternal;+5
j  org.gradle.initialization.InitScriptHandlingSettingsLoader.findAndLoadSettings(Lorg/gradle/api/internal/GradleInternal;)Lorg/gradle/api/internal/SettingsInternal;+13
j  org.gradle.initialization.GradlePropertiesHandlingSettingsLoader.findAndLoadSettings(Lorg/gradle/api/internal/GradleInternal;)Lorg/gradle/api/internal/SettingsInternal;+39
j  org.gradle.initialization.DefaultSettingsPreparer.prepareSettings(Lorg/gradle/api/internal/GradleInternal;)V+33
j  org.gradle.initialization.BuildOperationFiringSettingsPreparer$LoadBuild.doLoadBuild()V+11
j  org.gradle.initialization.BuildOperationFiringSettingsPreparer$LoadBuild.run(Lorg/gradle/internal/operations/BuildOperationContext;)V+1
j  org.gradle.internal.operations.DefaultBuildOperationRunner$1.execute(Lorg/gradle/internal/operations/RunnableBuildOperation;Lorg/gradle/internal/operations/BuildOperationContext;)V+2
j  org.gradle.internal.operations.DefaultBuildOperationRunner$1.execute(Lorg/gradle/internal/operations/BuildOperation;Lorg/gradle/internal/operations/BuildOperationContext;)V+6
j  org.gradle.internal.operations.DefaultBuildOperationRunner$2.execute(Lorg/gradle/internal/operations/BuildOperationDescriptor;Lorg/gradle/internal/operations/BuildOperationState;Lorg/gradle/internal/operations/BuildOperationState;Lorg/gradle/internal/operations/DefaultBuildOperationRunner$ReadableBuildOperationContext;Lorg/gradle/internal/operations/DefaultBuildOperationRunner$BuildOperationExecutionListener;)Lorg/gradle/internal/operations/BuildOperation;+22
j  org.gradle.internal.operations.DefaultBuildOperationRunner$2.execute(Lorg/gradle/internal/operations/BuildOperationDescriptor;Lorg/gradle/internal/operations/BuildOperationState;Lorg/gradle/internal/operations/BuildOperationState;Lorg/gradle/internal/operations/DefaultBuildOperationRunner$ReadableBuildOperationContext;Lorg/gradle/internal/operations/DefaultBuildOperationRunner$BuildOperationExecutionListener;)Ljava/lang/Object;+8
j  org.gradle.internal.operations.DefaultBuildOperationRunner.execute(Lorg/gradle/internal/operations/BuildOperationDescriptor$Builder;Lorg/gradle/internal/operations/BuildOperationState;Lorg/gradle/internal/operations/DefaultBuildOperationRunner$BuildOperationExecution;)Ljava/lang/Object;+141
j  org.gradle.internal.operations.DefaultBuildOperationRunner.execute(Lorg/gradle/internal/operations/BuildOperation;Lorg/gradle/internal/operations/BuildOperationWorker;Lorg/gradle/internal/operations/BuildOperationState;)V+18
j  org.gradle.internal.operations.DefaultBuildOperationRunner.run(Lorg/gradle/internal/operations/RunnableBuildOperation;)V+9
j  org.gradle.internal.operations.DefaultBuildOperationExecutor.run(Lorg/gradle/internal/operations/RunnableBuildOperation;)V+5
j  org.gradle.initialization.BuildOperationFiringSettingsPreparer.prepareSettings(Lorg/gradle/api/internal/GradleInternal;)V+13
j  org.gradle.initialization.VintageBuildModelController.lambda$prepareSettings$2()V+8
j  org.gradle.initialization.VintageBuildModelController$$Lambda$201.run()V+4
j  org.gradle.internal.model.StateTransitionController.lambda$doTransition$12(Ljava/lang/Runnable;)Lorg/gradle/internal/build/ExecutionResult;+1
j  org.gradle.internal.model.StateTransitionController$$Lambda$200.get()Ljava/lang/Object;+4
j  org.gradle.internal.model.StateTransitionController.doTransition(Lorg/gradle/internal/model/StateTransitionController$State;Lorg/gradle/internal/model/StateTransitionController$State;Ljava/util/function/Supplier;)Lorg/gradle/internal/build/ExecutionResult;+24
j  org.gradle.internal.model.StateTransitionController.doTransition(Lorg/gradle/internal/model/StateTransitionController$State;Lorg/gradle/internal/model/StateTransitionController$State;Ljava/lang/Runnable;)V+9
j  org.gradle.internal.model.StateTransitionController.lambda$transitionIfNotPreviously$10(Lorg/gradle/internal/model/StateTransitionController$State;Lorg/gradle/internal/model/StateTransitionController$State;Ljava/lang/Runnable;)V+16
j  org.gradle.internal.model.StateTransitionController$$Lambda$202.run()V+16
j  org.gradle.internal.work.DefaultSynchronizer.withLock(Ljava/lang/Runnable;)V+6
j  org.gradle.internal.model.StateTransitionController.transitionIfNotPreviously(Lorg/gradle/internal/model/StateTransitionController$State;Lorg/gradle/internal/model/StateTransitionController$State;Ljava/lang/Runnable;)V+13
j  org.gradle.initialization.VintageBuildModelController.prepareSettings()V+16
j  org.gradle.initialization.VintageBuildModelController.prepareToScheduleTasks()V+1
j  org.gradle.internal.build.DefaultBuildLifecycleController.lambda$prepareToScheduleTasks$2()V+9
j  org.gradle.internal.build.DefaultBuildLifecycleController$$Lambda$198.run()V+4
j  org.gradle.internal.model.StateTransitionController.lambda$doTransition$12(Ljava/lang/Runnable;)Lorg/gradle/internal/build/ExecutionResult;+1
j  org.gradle.internal.model.StateTransitionController$$Lambda$200.get()Ljava/lang/Object;+4
j  org.gradle.internal.model.StateTransitionController.doTransition(Lorg/gradle/internal/model/StateTransitionController$State;Lorg/gradle/internal/model/StateTransitionController$State;Ljava/util/function/Supplier;)Lorg/gradle/internal/build/ExecutionResult;+24
j  org.gradle.internal.model.StateTransitionController.doTransition(Lorg/gradle/internal/model/StateTransitionController$State;Lorg/gradle/internal/model/StateTransitionController$State;Ljava/lang/Runnable;)V+9
j  org.gradle.internal.model.StateTransitionController.lambda$maybeTransition$9(Lorg/gradle/internal/model/StateTransitionController$State;Lorg/gradle/internal/model/StateTransitionController$State;Ljava/lang/Runnable;)V+16
j  org.gradle.internal.model.StateTransitionController$$Lambda$199.run()V+16
j  org.gradle.internal.work.DefaultSynchronizer.withLock(Ljava/lang/Runnable;)V+6
j  org.gradle.internal.model.StateTransitionController.maybeTransition(Lorg/gradle/internal/model/StateTransitionController$State;Lorg/gradle/internal/model/StateTransitionController$State;Ljava/lang/Runnable;)V+13
j  org.gradle.internal.build.DefaultBuildLifecycleController.prepareToScheduleTasks()V+16
j  org.gradle.internal.buildtree.DefaultBuildTreeWorkPreparer.scheduleRequestedTasks(Lorg/gradle/internal/buildtree/BuildTreeWorkGraph;)V+4
j  org.gradle.internal.buildtree.DefaultBuildTreeLifecycleController.lambda$doScheduleAndRunTasks$2(Lorg/gradle/internal/buildtree/BuildTreeWorkGraph;)Lorg/gradle/internal/build/ExecutionResult;+5
j  org.gradle.internal.buildtree.DefaultBuildTreeLifecycleController$$Lambda$196.apply(Ljava/lang/Object;)Ljava/lang/Object;+8
j  org.gradle.composite.internal.DefaultIncludedBuildTaskGraph.withNewWorkGraph(Ljava/util/function/Function;)Ljava/lang/Object;+30
j  org.gradle.internal.buildtree.DefaultBuildTreeLifecycleController.doScheduleAndRunTasks()Lorg/gradle/internal/build/ExecutionResult;+10
j  org.gradle.internal.buildtree.DefaultBuildTreeLifecycleController$$Lambda$192.get()Ljava/lang/Object;+4
j  org.gradle.internal.buildtree.DefaultBuildTreeLifecycleController.lambda$runBuild$4(Ljava/util/function/Supplier;)Ljava/lang/Object;+1
j  org.gradle.internal.buildtree.DefaultBuildTreeLifecycleController$$Lambda$193.get()Ljava/lang/Object;+8
j  org.gradle.internal.model.StateTransitionController.lambda$transition$6(Ljava/util/function/Supplier;)Lorg/gradle/internal/build/ExecutionResult;+1
j  org.gradle.internal.model.StateTransitionController$$Lambda$195.get()Ljava/lang/Object;+4
j  org.gradle.internal.model.StateTransitionController.doTransition(Lorg/gradle/internal/model/StateTransitionController$State;Lorg/gradle/internal/model/StateTransitionController$State;Ljava/util/function/Supplier;)Lorg/gradle/internal/build/ExecutionResult;+24
j  org.gradle.internal.model.StateTransitionController.lambda$transition$7(Lorg/gradle/internal/model/StateTransitionController$State;Lorg/gradle/internal/model/StateTransitionController$State;Ljava/util/function/Supplier;)Ljava/lang/Object;+9
j  org.gradle.internal.model.StateTransitionController$$Lambda$194.create()Ljava/lang/Object;+16
j  org.gradle.internal.work.DefaultSynchronizer.withLock(Lorg/gradle/internal/Factory;)Ljava/lang/Object;+6
j  org.gradle.internal.model.StateTransitionController.transition(Lorg/gradle/internal/model/StateTransitionController$State;Lorg/gradle/internal/model/StateTransitionController$State;Ljava/util/function/Supplier;)Ljava/lang/Object;+13
j  org.gradle.internal.buildtree.DefaultBuildTreeLifecycleController.runBuild(Ljava/util/function/Supplier;)Ljava/lang/Object;+17
j  org.gradle.internal.buildtree.DefaultBuildTreeLifecycleController.scheduleAndRunTasks()V+7
j  org.gradle.tooling.internal.provider.runner.BuildModelActionRunner.run(Lorg/gradle/internal/invocation/BuildAction;Lorg/gradle/internal/buildtree/BuildTreeLifecycleController;)Lorg/gradle/internal/buildtree/BuildActionRunner$Result;+65
j  org.gradle.launcher.exec.ChainingBuildActionRunner.run(Lorg/gradle/internal/invocation/BuildAction;Lorg/gradle/internal/buildtree/BuildTreeLifecycleController;)Lorg/gradle/internal/buildtree/BuildActionRunner$Result;+34
j  org.gradle.internal.buildtree.ProblemReportingBuildActionRunner.run(Lorg/gradle/internal/invocation/BuildAction;Lorg/gradle/internal/buildtree/BuildTreeLifecycleController;)Lorg/gradle/internal/buildtree/BuildActionRunner$Result;+12
j  org.gradle.launcher.exec.BuildOutcomeReportingBuildActionRunner.run(Lorg/gradle/internal/invocation/BuildAction;Lorg/gradle/internal/buildtree/BuildTreeLifecycleController;)Lorg/gradle/internal/buildtree/BuildActionRunner$Result;+81
j  org.gradle.tooling.internal.provider.FileSystemWatchingBuildActionRunner.run(Lorg/gradle/internal/invocation/BuildAction;Lorg/gradle/internal/buildtree/BuildTreeLifecycleController;)Lorg/gradle/internal/buildtree/BuildActionRunner$Result;+246
j  org.gradle.launcher.exec.BuildCompletionNotifyingBuildActionRunner.run(Lorg/gradle/internal/invocation/BuildAction;Lorg/gradle/internal/buildtree/BuildTreeLifecycleController;)Lorg/gradle/internal/buildtree/BuildActionRunner$Result;+6
j  org.gradle.launcher.exec.RootBuildLifecycleBuildActionExecutor.lambda$execute$0(Lorg/gradle/internal/invocation/BuildAction;Lorg/gradle/internal/buildtree/BuildTreeLifecycleController;)Lorg/gradle/internal/buildtree/BuildActionRunner$Result;+6
j  org.gradle.launcher.exec.RootBuildLifecycleBuildActionExecutor$$Lambda$148.apply(Ljava/lang/Object;)Ljava/lang/Object;+12
j  org.gradle.composite.internal.DefaultRootBuildState.run(Ljava/util/function/Function;)Ljava/lang/Object;+87
j  org.gradle.launcher.exec.RootBuildLifecycleBuildActionExecutor.execute(Lorg/gradle/internal/invocation/BuildAction;Lorg/gradle/internal/buildtree/BuildTreeContext;)Lorg/gradle/internal/buildtree/BuildActionRunner$Result;+28
j  org.gradle.internal.buildtree.DefaultBuildTreeContext.execute(Lorg/gradle/internal/invocation/BuildAction;)Lorg/gradle/internal/buildtree/BuildActionRunner$Result;+64
j  org.gradle.launcher.exec.BuildTreeLifecycleBuildActionExecutor.lambda$execute$0(Lorg/gradle/internal/invocation/BuildAction;Lorg/gradle/internal/buildtree/BuildTreeContext;)Lorg/gradle/internal/buildtree/BuildActionRunner$Result;+2
j  org.gradle.launcher.exec.BuildTreeLifecycleBuildActionExecutor$$Lambda$95.apply(Ljava/lang/Object;)Ljava/lang/Object;+8
j  org.gradle.internal.buildtree.BuildTreeState.run(Ljava/util/function/Function;)Ljava/lang/Object;+5
j  org.gradle.launcher.exec.BuildTreeLifecycleBuildActionExecutor.execute(Lorg/gradle/internal/invocation/BuildAction;Lorg/gradle/internal/session/BuildSessionContext;)Lorg/gradle/internal/buildtree/BuildActionRunner$Result;+181
j  org.gradle.launcher.exec.RunAsBuildOperationBuildActionExecutor$3.call(Lorg/gradle/internal/operations/BuildOperationContext;)Lorg/gradle/internal/buildtree/BuildActionRunner$Result;+25
j  org.gradle.launcher.exec.RunAsBuildOperationBuildActionExecutor$3.call(Lorg/gradle/internal/operations/BuildOperationContext;)Ljava/lang/Object;+2
j  org.gradle.internal.operations.DefaultBuildOperationRunner$CallableBuildOperationWorker.execute(Lorg/gradle/internal/operations/CallableBuildOperation;Lorg/gradle/internal/operations/BuildOperationContext;)V+3
j  org.gradle.internal.operations.DefaultBuildOperationRunner$CallableBuildOperationWorker.execute(Lorg/gradle/internal/operations/BuildOperation;Lorg/gradle/internal/operations/BuildOperationContext;)V+6
j  org.gradle.internal.operations.DefaultBuildOperationRunner$2.execute(Lorg/gradle/internal/operations/BuildOperationDescriptor;Lorg/gradle/internal/operations/BuildOperationState;Lorg/gradle/internal/operations/BuildOperationState;Lorg/gradle/internal/operations/DefaultBuildOperationRunner$ReadableBuildOperationContext;Lorg/gradle/internal/operations/DefaultBuildOperationRunner$BuildOperationExecutionListener;)Lorg/gradle/internal/operations/BuildOperation;+22
j  org.gradle.internal.operations.DefaultBuildOperationRunner$2.execute(Lorg/gradle/internal/operations/BuildOperationDescriptor;Lorg/gradle/internal/operations/BuildOperationState;Lorg/gradle/internal/operations/BuildOperationState;Lorg/gradle/internal/operations/DefaultBuildOperationRunner$ReadableBuildOperationContext;Lorg/gradle/internal/operations/DefaultBuildOperationRunner$BuildOperationExecutionListener;)Ljava/lang/Object;+8
j  org.gradle.internal.operations.DefaultBuildOperationRunner.execute(Lorg/gradle/internal/operations/BuildOperationDescriptor$Builder;Lorg/gradle/internal/operations/BuildOperationState;Lorg/gradle/internal/operations/DefaultBuildOperationRunner$BuildOperationExecution;)Ljava/lang/Object;+141
j  org.gradle.internal.operations.DefaultBuildOperationRunner.execute(Lorg/gradle/internal/operations/BuildOperation;Lorg/gradle/internal/operations/BuildOperationWorker;Lorg/gradle/internal/operations/BuildOperationState;)V+18
j  org.gradle.internal.operations.DefaultBuildOperationRunner.call(Lorg/gradle/internal/operations/CallableBuildOperation;)Ljava/lang/Object;+16
j  org.gradle.internal.operations.DefaultBuildOperationExecutor.call(Lorg/gradle/internal/operations/CallableBuildOperation;)Ljava/lang/Object;+5
j  org.gradle.launcher.exec.RunAsBuildOperationBuildActionExecutor.execute(Lorg/gradle/internal/invocation/BuildAction;Lorg/gradle/internal/session/BuildSessionContext;)Lorg/gradle/internal/buildtree/BuildActionRunner$Result;+23
j  org.gradle.launcher.exec.RunAsWorkerThreadBuildActionExecutor.lambda$execute$0(Lorg/gradle/internal/invocation/BuildAction;Lorg/gradle/internal/session/BuildSessionContext;)Lorg/gradle/internal/buildtree/BuildActionRunner$Result;+6
j  org.gradle.launcher.exec.RunAsWorkerThreadBuildActionExecutor$$Lambda$94.create()Ljava/lang/Object;+12
j  org.gradle.internal.work.DefaultWorkerLeaseService.withLocks(Ljava/lang/Iterable;Lorg/gradle/internal/Factory;)Ljava/lang/Object;+26
j  org.gradle.internal.work.DefaultWorkerLeaseService.runAsWorkerThread(Lorg/gradle/internal/Factory;)Ljava/lang/Object;+33
j  org.gradle.launcher.exec.RunAsWorkerThreadBuildActionExecutor.execute(Lorg/gradle/internal/invocation/BuildAction;Lorg/gradle/internal/session/BuildSessionContext;)Lorg/gradle/internal/buildtree/BuildActionRunner$Result;+12
j  org.gradle.tooling.internal.provider.ContinuousBuildActionExecutor.execute(Lorg/gradle/internal/invocation/BuildAction;Lorg/gradle/internal/session/BuildSessionContext;)Lorg/gradle/internal/buildtree/BuildActionRunner$Result;+58
j  org.gradle.tooling.internal.provider.SubscribableBuildActionExecutor.execute(Lorg/gradle/internal/invocation/BuildAction;Lorg/gradle/internal/session/BuildSessionContext;)Lorg/gradle/internal/buildtree/BuildActionRunner$Result;+30
j  org.gradle.internal.session.DefaultBuildSessionContext.execute(Lorg/gradle/internal/invocation/BuildAction;)Lorg/gradle/internal/buildtree/BuildActionRunner$Result;+64
j  org.gradle.tooling.internal.provider.BuildSessionLifecycleBuildActionExecuter$ActionImpl.apply(Lorg/gradle/internal/session/BuildSessionContext;)Lorg/gradle/launcher/exec/BuildActionResult;+6
j  org.gradle.tooling.internal.provider.BuildSessionLifecycleBuildActionExecuter$ActionImpl.apply(Ljava/lang/Object;)Ljava/lang/Object;+5
j  org.gradle.internal.session.BuildSessionState.run(Ljava/util/function/Function;)Ljava/lang/Object;+5
j  org.gradle.tooling.internal.provider.BuildSessionLifecycleBuildActionExecuter.execute(Lorg/gradle/internal/invocation/BuildAction;Lorg/gradle/launcher/exec/BuildActionParameters;Lorg/gradle/initialization/BuildRequestContext;)Lorg/gradle/launcher/exec/BuildActionResult;+95
j  org.gradle.tooling.internal.provider.BuildSessionLifecycleBuildActionExecuter.execute(Lorg/gradle/internal/invocation/BuildAction;Ljava/lang/Object;Ljava/lang/Object;)Lorg/gradle/launcher/exec/BuildActionResult;+10
j  org.gradle.tooling.internal.provider.StartParamsValidatingActionExecuter.execute(Lorg/gradle/internal/invocation/BuildAction;Lorg/gradle/launcher/exec/BuildActionParameters;Lorg/gradle/initialization/BuildRequestContext;)Lorg/gradle/launcher/exec/BuildActionResult;+177
j  org.gradle.tooling.internal.provider.StartParamsValidatingActionExecuter.execute(Lorg/gradle/internal/invocation/BuildAction;Ljava/lang/Object;Ljava/lang/Object;)Lorg/gradle/launcher/exec/BuildActionResult;+10
j  org.gradle.tooling.internal.provider.SessionFailureReportingActionExecuter.execute(Lorg/gradle/internal/invocation/BuildAction;Lorg/gradle/launcher/exec/BuildActionParameters;Lorg/gradle/initialization/BuildRequestContext;)Lorg/gradle/launcher/exec/BuildActionResult;+7
j  org.gradle.tooling.internal.provider.SessionFailureReportingActionExecuter.execute(Lorg/gradle/internal/invocation/BuildAction;Ljava/lang/Object;Ljava/lang/Object;)Lorg/gradle/launcher/exec/BuildActionResult;+10
j  org.gradle.tooling.internal.provider.SetupLoggingActionExecuter.execute(Lorg/gradle/internal/invocation/BuildAction;Lorg/gradle/launcher/exec/BuildActionParameters;Lorg/gradle/initialization/BuildRequestContext;)Lorg/gradle/launcher/exec/BuildActionResult;+50
j  org.gradle.tooling.internal.provider.SetupLoggingActionExecuter.execute(Lorg/gradle/internal/invocation/BuildAction;Ljava/lang/Object;Ljava/lang/Object;)Lorg/gradle/launcher/exec/BuildActionResult;+10
j  org.gradle.launcher.daemon.server.exec.ExecuteBuild.doBuild(Lorg/gradle/launcher/daemon/server/api/DaemonCommandExecution;Lorg/gradle/launcher/daemon/protocol/Build;)V+117
j  org.gradle.launcher.daemon.server.exec.BuildCommandOnly.execute(Lorg/gradle/launcher/daemon/server/api/DaemonCommandExecution;)V+49
j  org.gradle.launcher.daemon.server.api.DaemonCommandExecution.proceed()Z+23
j  org.gradle.launcher.daemon.server.exec.WatchForDisconnection.execute(Lorg/gradle/launcher/daemon/server/api/DaemonCommandExecution;)V+19
j  org.gradle.launcher.daemon.server.api.DaemonCommandExecution.proceed()Z+23
j  org.gradle.launcher.daemon.server.exec.ResetDeprecationLogger.execute(Lorg/gradle/launcher/daemon/server/api/DaemonCommandExecution;)V+7
j  org.gradle.launcher.daemon.server.api.DaemonCommandExecution.proceed()Z+23
j  org.gradle.launcher.daemon.server.exec.RequestStopIfSingleUsedDaemon.execute(Lorg/gradle/launcher/daemon/server/api/DaemonCommandExecution;)V+33
j  org.gradle.launcher.daemon.server.api.DaemonCommandExecution.proceed()Z+23
j  org.gradle.launcher.daemon.server.exec.ForwardClientInput$2.create()Ljava/lang/Void;+4
j  org.gradle.launcher.daemon.server.exec.ForwardClientInput$2.create()Ljava/lang/Object;+1
j  org.gradle.util.internal.Swapper.swap(Ljava/lang/Object;Lorg/gradle/internal/Factory;)Ljava/lang/Object;+21
j  org.gradle.launcher.daemon.server.exec.ForwardClientInput.execute(Lorg/gradle/launcher/daemon/server/api/DaemonCommandExecution;)V+63
j  org.gradle.launcher.daemon.server.api.DaemonCommandExecution.proceed()Z+23
j  org.gradle.launcher.daemon.server.exec.LogAndCheckHealth.execute(Lorg/gradle/launcher/daemon/server/api/DaemonCommandExecution;)V+28
j  org.gradle.launcher.daemon.server.api.DaemonCommandExecution.proceed()Z+23
j  org.gradle.launcher.daemon.server.exec.LogToClient.doBuild(Lorg/gradle/launcher/daemon/server/api/DaemonCommandExecution;Lorg/gradle/launcher/daemon/protocol/Build;)V+87
j  org.gradle.launcher.daemon.server.exec.BuildCommandOnly.execute(Lorg/gradle/launcher/daemon/server/api/DaemonCommandExecution;)V+49
j  org.gradle.launcher.daemon.server.api.DaemonCommandExecution.proceed()Z+23
j  org.gradle.launcher.daemon.server.exec.EstablishBuildEnvironment.doBuild(Lorg/gradle/launcher/daemon/server/api/DaemonCommandExecution;Lorg/gradle/launcher/daemon/protocol/Build;)V+356
j  org.gradle.launcher.daemon.server.exec.BuildCommandOnly.execute(Lorg/gradle/launcher/daemon/server/api/DaemonCommandExecution;)V+49
j  org.gradle.launcher.daemon.server.api.DaemonCommandExecution.proceed()Z+23
j  org.gradle.launcher.daemon.server.exec.StartBuildOrRespondWithBusy$1.run()V+44
j  org.gradle.launcher.daemon.server.DaemonStateCoordinator$1.run()V+4
j  org.gradle.internal.concurrent.ExecutorPolicy$CatchAndRecordFailures.onExecute(Ljava/lang/Runnable;)V+1
j  org.gradle.internal.concurrent.ManagedExecutorImpl$1.run()V+25
j  java.util.concurrent.ThreadPoolExecutor.runWorker(Ljava/util/concurrent/ThreadPoolExecutor$Worker;)V+92 java.base@11.0.13
j  java.util.concurrent.ThreadPoolExecutor$Worker.run()V+5 java.base@11.0.13
j  java.lang.Thread.run()V+11 java.base@11.0.13
v  ~StubRoutines::call_stub

---------------  P R O C E S S  ---------------

Threads class SMR info:
_java_thread_list=0x000001d3b433ffc0, length=27, elements={
0x000001d3940c0800, 0x000001d3b0535000, 0x000001d3b0540000, 0x000001d3b0eb4800,
0x000001d3b0eb5800, 0x000001d3b0eb9000, 0x000001d3b0ec2000, 0x000001d3b0552000,
0x000001d3b0554800, 0x000001d3b1014800, 0x000001d3b3198800, 0x000001d3b279b000,
0x000001d3b32f3800, 0x000001d3b31a1800, 0x000001d3b3ebe800, 0x000001d3b354f000,
0x000001d3b311c000, 0x000001d3b4027800, 0x000001d3b212c800, 0x000001d3b1ead800,
0x000001d3b4138000, 0x000001d3b413c000, 0x000001d3b4139800, 0x000001d3b419c000,
0x000001d3b4321800, 0x000001d3b413b000, 0x000001d3b413a800
}

Java Threads: ( => current thread )
  0x000001d3940c0800 JavaThread "main" [_thread_blocked, id=7124, stack(0x000000686b100000,0x000000686b200000)]
  0x000001d3b0535000 JavaThread "Reference Handler" daemon [_thread_blocked, id=22024, stack(0x000000686b800000,0x000000686b900000)]
  0x000001d3b0540000 JavaThread "Finalizer" daemon [_thread_blocked, id=2560, stack(0x000000686b900000,0x000000686ba00000)]
  0x000001d3b0eb4800 JavaThread "Signal Dispatcher" daemon [_thread_blocked, id=14048, stack(0x000000686ba00000,0x000000686bb00000)]
  0x000001d3b0eb5800 JavaThread "Attach Listener" daemon [_thread_blocked, id=39500, stack(0x000000686bb00000,0x000000686bc00000)]
  0x000001d3b0eb9000 JavaThread "Service Thread" daemon [_thread_blocked, id=40616, stack(0x000000686bc00000,0x000000686bd00000)]
  0x000001d3b0ec2000 JavaThread "C2 CompilerThread0" daemon [_thread_blocked, id=33244, stack(0x000000686bd00000,0x000000686be00000)]
  0x000001d3b0552000 JavaThread "C1 CompilerThread0" daemon [_thread_blocked, id=37216, stack(0x000000686be00000,0x000000686bf00000)]
  0x000001d3b0554800 JavaThread "Sweeper thread" daemon [_thread_blocked, id=25780, stack(0x000000686bf00000,0x000000686c000000)]
  0x000001d3b1014800 JavaThread "Common-Cleaner" daemon [_thread_blocked, id=11524, stack(0x000000686c000000,0x000000686c100000)]
  0x000001d3b3198800 JavaThread "Daemon health stats" [_thread_blocked, id=12736, stack(0x000000686c600000,0x000000686c700000)]
  0x000001d3b279b000 JavaThread "Incoming local TCP Connector on port 52186" [_thread_in_native, id=11828, stack(0x000000686c200000,0x000000686c300000)]
  0x000001d3b32f3800 JavaThread "Daemon periodic checks" [_thread_blocked, id=27856, stack(0x000000686c500000,0x000000686c600000)]
  0x000001d3b31a1800 JavaThread "Daemon" [_thread_blocked, id=32656, stack(0x000000686c700000,0x000000686c800000)]
  0x000001d3b3ebe800 JavaThread "Handler for socket connection from /127.0.0.1:52186 to /127.0.0.1:52187" [_thread_in_native, id=16568, stack(0x000000686c800000,0x000000686c900000)]
  0x000001d3b354f000 JavaThread "Cancel handler" [_thread_blocked, id=34168, stack(0x000000686c900000,0x000000686ca00000)]
=>0x000001d3b311c000 JavaThread "Daemon worker" [_thread_in_vm, id=16056, stack(0x000000686ca00000,0x000000686cb00000)]
  0x000001d3b4027800 JavaThread "Asynchronous log dispatcher for DefaultDaemonConnection: socket connection from /127.0.0.1:52186 to /127.0.0.1:52187" [_thread_blocked, id=38604, stack(0x000000686cb00000,0x000000686cc00000)]
  0x000001d3b212c800 JavaThread "Stdin handler" [_thread_blocked, id=38500, stack(0x000000686cc00000,0x000000686cd00000)]
  0x000001d3b1ead800 JavaThread "Daemon client event forwarder" [_thread_blocked, id=13040, stack(0x000000686cd00000,0x000000686ce00000)]
  0x000001d3b4138000 JavaThread "Cache worker for journal cache (C:\Users\Dark Knight\.gradle\caches\journal-1)" [_thread_blocked, id=37032, stack(0x000000686d300000,0x000000686d400000)]
  0x000001d3b413c000 JavaThread "File lock request listener" [_thread_in_native, id=13056, stack(0x000000686d400000,0x000000686d500000)]
  0x000001d3b4139800 JavaThread "Cache worker for file hash cache (C:\Users\Dark Knight\.gradle\caches\7.4\fileHashes)" [_thread_blocked, id=20568, stack(0x000000686d500000,0x000000686d600000)]
  0x000001d3b419c000 JavaThread "C2 CompilerThread1" daemon [_thread_in_native, id=27164, stack(0x000000686d700000,0x000000686d800000)]
  0x000001d3b4321800 JavaThread "C2 CompilerThread2" daemon [_thread_in_native, id=39884, stack(0x000000686d800000,0x000000686d900000)]
  0x000001d3b413b000 JavaThread "File watcher server" daemon [_thread_in_native, id=36620, stack(0x000000686d900000,0x000000686da00000)]
  0x000001d3b413a800 JavaThread "File watcher consumer" daemon [_thread_blocked, id=35268, stack(0x000000686da00000,0x000000686db00000)]

Other Threads:
  0x000001d3b0532000 VMThread "VM Thread" [stack: 0x000000686b700000,0x000000686b800000] [id=15648]
  0x000001d3b1061800 WatcherThread [stack: 0x000000686c100000,0x000000686c200000] [id=23984]
  0x000001d3940dc800 GCTaskThread "GC Thread#0" [stack: 0x000000686b200000,0x000000686b300000] [id=40576]
  0x000001d3b1b29800 GCTaskThread "GC Thread#1" [stack: 0x000000686c300000,0x000000686c400000] [id=32320]
  0x000001d3b187b000 GCTaskThread "GC Thread#2" [stack: 0x000000686c400000,0x000000686c500000] [id=36704]
  0x000001d3b23b7800 GCTaskThread "GC Thread#3" [stack: 0x000000686ce00000,0x000000686cf00000] [id=7364]
  0x000001d3b2138800 GCTaskThread "GC Thread#4" [stack: 0x000000686cf00000,0x000000686d000000] [id=39524]
  0x000001d3b1fe6800 GCTaskThread "GC Thread#5" [stack: 0x000000686d000000,0x000000686d100000] [id=36540]
  0x000001d3b3a70000 GCTaskThread "GC Thread#6" [stack: 0x000000686d100000,0x000000686d200000] [id=24464]
  0x000001d3b3a71000 GCTaskThread "GC Thread#7" [stack: 0x000000686d200000,0x000000686d300000] [id=15428]
  0x000001d39410f000 ConcurrentGCThread "G1 Main Marker" [stack: 0x000000686b300000,0x000000686b400000] [id=29692]
  0x000001d394110000 ConcurrentGCThread "G1 Conc#0" [stack: 0x000000686b400000,0x000000686b500000] [id=5144]
  0x000001d3b2177000 ConcurrentGCThread "G1 Conc#1" [stack: 0x000000686d600000,0x000000686d700000] [id=17248]
  0x000001d3b0382800 ConcurrentGCThread "G1 Refine#0" [stack: 0x000000686b500000,0x000000686b600000] [id=28952]
  0x000001d3b0385000 ConcurrentGCThread "G1 Young RemSet Sampling" [stack: 0x000000686b600000,0x000000686b700000] [id=39288]

Threads with active compile tasks:
C2 CompilerThread1   6034 2121       4       java.net.URLClassLoader$1::run (5 bytes)
C2 CompilerThread2   6034 2274   !   4       java.net.URL::<init> (543 bytes)

VM state:not at safepoint (normal execution)

VM Mutex/Monitor currently owned by a thread: None

Heap address: 0x0000000080000000, size: 2048 MB, Compressed Oops mode: 32-bit
Narrow klass base: 0x0000000000000000, Narrow klass shift: 3
Compressed class space size: 1073741824 Address: 0x0000000100000000

Heap:
 garbage-first heap   total 131072K, used 30491K [0x0000000080000000, 0x0000000100000000)
  region size 1024K, 16 young (16384K), 4 survivors (4096K)
 Metaspace       used 27241K, capacity 27831K, committed 28160K, reserved 1073152K
  class space    used 3535K, capacity 3740K, committed 3840K, reserved 1048576K
Heap Regions: E=young(eden), S=young(survivor), O=old, HS=humongous(starts), HC=humongous(continues), CS=collection set, F=free, A=archive, TAMS=top-at-mark-start (previous, next)
|   0|0x0000000080000000, 0x0000000080100000, 0x0000000080100000|100%| O|  |TAMS 0x0000000080100000, 0x0000000080000000| Untracked 
|   1|0x0000000080100000, 0x0000000080200000, 0x0000000080200000|100%| O|  |TAMS 0x0000000080200000, 0x0000000080100000| Untracked 
|   2|0x0000000080200000, 0x0000000080300000, 0x0000000080300000|100%| O|  |TAMS 0x0000000080300000, 0x0000000080200000| Untracked 
|   3|0x0000000080300000, 0x0000000080400000, 0x0000000080400000|100%|HS|  |TAMS 0x0000000080400000, 0x0000000080300000| Complete 
|   4|0x0000000080400000, 0x0000000080500000, 0x0000000080500000|100%|HC|  |TAMS 0x0000000080500000, 0x0000000080400000| Complete 
|   5|0x0000000080500000, 0x0000000080600000, 0x0000000080600000|100%|HC|  |TAMS 0x0000000080600000, 0x0000000080500000| Complete 
|   6|0x0000000080600000, 0x0000000080700000, 0x0000000080700000|100%| O|  |TAMS 0x0000000080700000, 0x0000000080600000| Untracked 
|   7|0x0000000080700000, 0x0000000080800000, 0x0000000080800000|100%| O|  |TAMS 0x0000000080800000, 0x0000000080700000| Untracked 
|   8|0x0000000080800000, 0x0000000080900000, 0x0000000080900000|100%| O|  |TAMS 0x0000000080900000, 0x0000000080800000| Untracked 
|   9|0x0000000080900000, 0x0000000080a00000, 0x0000000080a00000|100%| O|  |TAMS 0x0000000080a00000, 0x0000000080900000| Untracked 
|  10|0x0000000080a00000, 0x0000000080b00000, 0x0000000080b00000|100%| O|  |TAMS 0x0000000080b00000, 0x0000000080a00000| Untracked 
|  11|0x0000000080b00000, 0x0000000080c00000, 0x0000000080c00000|100%| O|  |TAMS 0x0000000080c00000, 0x0000000080b00000| Untracked 
|  12|0x0000000080c00000, 0x0000000080d00000, 0x0000000080d00000|100%| O|  |TAMS 0x0000000080d00000, 0x0000000080c00000| Untracked 
|  13|0x0000000080d00000, 0x0000000080e00000, 0x0000000080e00000|100%| O|  |TAMS 0x0000000080e00000, 0x0000000080d00000| Untracked 
|  14|0x0000000080e00000, 0x0000000080f00000, 0x0000000080f00000|100%| O|  |TAMS 0x0000000080f00000, 0x0000000080e00000| Untracked 
|  15|0x0000000080f00000, 0x0000000080fb1a00, 0x0000000081000000| 69%| O|  |TAMS 0x0000000080fb1a00, 0x0000000080f00000| Untracked 
|  16|0x0000000081000000, 0x0000000081000000, 0x0000000081100000|  0%| F|  |TAMS 0x0000000081000000, 0x0000000081000000| Untracked 
|  17|0x0000000081100000, 0x0000000081100000, 0x0000000081200000|  0%| F|  |TAMS 0x0000000081100000, 0x0000000081100000| Untracked 
|  18|0x0000000081200000, 0x0000000081200000, 0x0000000081300000|  0%| F|  |TAMS 0x0000000081200000, 0x0000000081200000| Untracked 
|  19|0x0000000081300000, 0x0000000081300000, 0x0000000081400000|  0%| F|  |TAMS 0x0000000081300000, 0x0000000081300000| Untracked 
|  20|0x0000000081400000, 0x0000000081400000, 0x0000000081500000|  0%| F|  |TAMS 0x0000000081400000, 0x0000000081400000| Untracked 
|  21|0x0000000081500000, 0x0000000081500000, 0x0000000081600000|  0%| F|  |TAMS 0x0000000081500000, 0x0000000081500000| Untracked 
|  22|0x0000000081600000, 0x0000000081600000, 0x0000000081700000|  0%| F|  |TAMS 0x0000000081600000, 0x0000000081600000| Untracked 
|  23|0x0000000081700000, 0x0000000081700000, 0x0000000081800000|  0%| F|  |TAMS 0x0000000081700000, 0x0000000081700000| Untracked 
|  24|0x0000000081800000, 0x0000000081800000, 0x0000000081900000|  0%| F|  |TAMS 0x0000000081800000, 0x0000000081800000| Untracked 
|  25|0x0000000081900000, 0x0000000081900000, 0x0000000081a00000|  0%| F|  |TAMS 0x0000000081900000, 0x0000000081900000| Untracked 
|  26|0x0000000081a00000, 0x0000000081a00000, 0x0000000081b00000|  0%| F|  |TAMS 0x0000000081a00000, 0x0000000081a00000| Untracked 
|  27|0x0000000081b00000, 0x0000000081b00000, 0x0000000081c00000|  0%| F|  |TAMS 0x0000000081b00000, 0x0000000081b00000| Untracked 
|  28|0x0000000081c00000, 0x0000000081c00000, 0x0000000081d00000|  0%| F|  |TAMS 0x0000000081c00000, 0x0000000081c00000| Untracked 
|  29|0x0000000081d00000, 0x0000000081d00000, 0x0000000081e00000|  0%| F|  |TAMS 0x0000000081d00000, 0x0000000081d00000| Untracked 
|  30|0x0000000081e00000, 0x0000000081e00000, 0x0000000081f00000|  0%| F|  |TAMS 0x0000000081e00000, 0x0000000081e00000| Untracked 
|  31|0x0000000081f00000, 0x0000000081f00000, 0x0000000082000000|  0%| F|  |TAMS 0x0000000081f00000, 0x0000000081f00000| Untracked 
|  32|0x0000000082000000, 0x0000000082000000, 0x0000000082100000|  0%| F|  |TAMS 0x0000000082000000, 0x0000000082000000| Untracked 
|  33|0x0000000082100000, 0x0000000082100000, 0x0000000082200000|  0%| F|  |TAMS 0x0000000082100000, 0x0000000082100000| Untracked 
|  34|0x0000000082200000, 0x0000000082200000, 0x0000000082300000|  0%| F|  |TAMS 0x0000000082200000, 0x0000000082200000| Untracked 
|  35|0x0000000082300000, 0x0000000082300000, 0x0000000082400000|  0%| F|  |TAMS 0x0000000082300000, 0x0000000082300000| Untracked 
|  36|0x0000000082400000, 0x0000000082400000, 0x0000000082500000|  0%| F|  |TAMS 0x0000000082400000, 0x0000000082400000| Untracked 
|  37|0x0000000082500000, 0x0000000082500000, 0x0000000082600000|  0%| F|  |TAMS 0x0000000082500000, 0x0000000082500000| Untracked 
|  38|0x0000000082600000, 0x0000000082600000, 0x0000000082700000|  0%| F|  |TAMS 0x0000000082600000, 0x0000000082600000| Untracked 
|  39|0x0000000082700000, 0x0000000082700000, 0x0000000082800000|  0%| F|  |TAMS 0x0000000082700000, 0x0000000082700000| Untracked 
|  40|0x0000000082800000, 0x0000000082800000, 0x0000000082900000|  0%| F|  |TAMS 0x0000000082800000, 0x0000000082800000| Untracked 
|  41|0x0000000082900000, 0x0000000082900000, 0x0000000082a00000|  0%| F|  |TAMS 0x0000000082900000, 0x0000000082900000| Untracked 
|  42|0x0000000082a00000, 0x0000000082a00000, 0x0000000082b00000|  0%| F|  |TAMS 0x0000000082a00000, 0x0000000082a00000| Untracked 
|  43|0x0000000082b00000, 0x0000000082b00000, 0x0000000082c00000|  0%| F|  |TAMS 0x0000000082b00000, 0x0000000082b00000| Untracked 
|  44|0x0000000082c00000, 0x0000000082c00000, 0x0000000082d00000|  0%| F|  |TAMS 0x0000000082c00000, 0x0000000082c00000| Untracked 
|  45|0x0000000082d00000, 0x0000000082d00000, 0x0000000082e00000|  0%| F|  |TAMS 0x0000000082d00000, 0x0000000082d00000| Untracked 
|  46|0x0000000082e00000, 0x0000000082e00000, 0x0000000082f00000|  0%| F|  |TAMS 0x0000000082e00000, 0x0000000082e00000| Untracked 
|  47|0x0000000082f00000, 0x0000000082f00000, 0x0000000083000000|  0%| F|  |TAMS 0x0000000082f00000, 0x0000000082f00000| Untracked 
|  48|0x0000000083000000, 0x0000000083000000, 0x0000000083100000|  0%| F|  |TAMS 0x0000000083000000, 0x0000000083000000| Untracked 
|  49|0x0000000083100000, 0x0000000083100000, 0x0000000083200000|  0%| F|  |TAMS 0x0000000083100000, 0x0000000083100000| Untracked 
|  50|0x0000000083200000, 0x0000000083200000, 0x0000000083300000|  0%| F|  |TAMS 0x0000000083200000, 0x0000000083200000| Untracked 
|  51|0x0000000083300000, 0x0000000083300000, 0x0000000083400000|  0%| F|  |TAMS 0x0000000083300000, 0x0000000083300000| Untracked 
|  52|0x0000000083400000, 0x0000000083400000, 0x0000000083500000|  0%| F|  |TAMS 0x0000000083400000, 0x0000000083400000| Untracked 
|  53|0x0000000083500000, 0x0000000083500000, 0x0000000083600000|  0%| F|  |TAMS 0x0000000083500000, 0x0000000083500000| Untracked 
|  54|0x0000000083600000, 0x0000000083600000, 0x0000000083700000|  0%| F|  |TAMS 0x0000000083600000, 0x0000000083600000| Untracked 
|  55|0x0000000083700000, 0x0000000083700000, 0x0000000083800000|  0%| F|  |TAMS 0x0000000083700000, 0x0000000083700000| Untracked 
|  56|0x0000000083800000, 0x0000000083800000, 0x0000000083900000|  0%| F|  |TAMS 0x0000000083800000, 0x0000000083800000| Untracked 
|  57|0x0000000083900000, 0x0000000083900000, 0x0000000083a00000|  0%| F|  |TAMS 0x0000000083900000, 0x0000000083900000| Untracked 
|  58|0x0000000083a00000, 0x0000000083a00000, 0x0000000083b00000|  0%| F|  |TAMS 0x0000000083a00000, 0x0000000083a00000| Untracked 
|  59|0x0000000083b00000, 0x0000000083b00000, 0x0000000083c00000|  0%| F|  |TAMS 0x0000000083b00000, 0x0000000083b00000| Untracked 
|  60|0x0000000083c00000, 0x0000000083c00000, 0x0000000083d00000|  0%| F|  |TAMS 0x0000000083c00000, 0x0000000083c00000| Untracked 
|  61|0x0000000083d00000, 0x0000000083d00000, 0x0000000083e00000|  0%| F|  |TAMS 0x0000000083d00000, 0x0000000083d00000| Untracked 
|  62|0x0000000083e00000, 0x0000000083e00000, 0x0000000083f00000|  0%| F|  |TAMS 0x0000000083e00000, 0x0000000083e00000| Untracked 
|  63|0x0000000083f00000, 0x0000000083f00000, 0x0000000084000000|  0%| F|  |TAMS 0x0000000083f00000, 0x0000000083f00000| Untracked 
|  64|0x0000000084000000, 0x0000000084000000, 0x0000000084100000|  0%| F|  |TAMS 0x0000000084000000, 0x0000000084000000| Untracked 
|  65|0x0000000084100000, 0x0000000084100000, 0x0000000084200000|  0%| F|  |TAMS 0x0000000084100000, 0x0000000084100000| Untracked 
|  66|0x0000000084200000, 0x0000000084200000, 0x0000000084300000|  0%| F|  |TAMS 0x0000000084200000, 0x0000000084200000| Untracked 
|  67|0x0000000084300000, 0x0000000084300000, 0x0000000084400000|  0%| F|  |TAMS 0x0000000084300000, 0x0000000084300000| Untracked 
|  68|0x0000000084400000, 0x0000000084400000, 0x0000000084500000|  0%| F|  |TAMS 0x0000000084400000, 0x0000000084400000| Untracked 
|  69|0x0000000084500000, 0x0000000084515210, 0x0000000084600000|  8%| S|CS|TAMS 0x0000000084500000, 0x0000000084500000| Complete 
|  70|0x0000000084600000, 0x0000000084700000, 0x0000000084700000|100%| S|CS|TAMS 0x0000000084600000, 0x0000000084600000| Complete 
|  71|0x0000000084700000, 0x0000000084800000, 0x0000000084800000|100%| S|CS|TAMS 0x0000000084700000, 0x0000000084700000| Complete 
|  72|0x0000000084800000, 0x0000000084900000, 0x0000000084900000|100%| S|CS|TAMS 0x0000000084800000, 0x0000000084800000| Complete 
|  73|0x0000000084900000, 0x0000000084900000, 0x0000000084a00000|  0%| F|  |TAMS 0x0000000084900000, 0x0000000084900000| Untracked 
|  74|0x0000000084a00000, 0x0000000084a00000, 0x0000000084b00000|  0%| F|  |TAMS 0x0000000084a00000, 0x0000000084a00000| Untracked 
|  75|0x0000000084b00000, 0x0000000084b00000, 0x0000000084c00000|  0%| F|  |TAMS 0x0000000084b00000, 0x0000000084b00000| Untracked 
|  76|0x0000000084c00000, 0x0000000084c00000, 0x0000000084d00000|  0%| F|  |TAMS 0x0000000084c00000, 0x0000000084c00000| Untracked 
|  77|0x0000000084d00000, 0x0000000084d00000, 0x0000000084e00000|  0%| F|  |TAMS 0x0000000084d00000, 0x0000000084d00000| Untracked 
|  78|0x0000000084e00000, 0x0000000084e00000, 0x0000000084f00000|  0%| F|  |TAMS 0x0000000084e00000, 0x0000000084e00000| Untracked 
|  79|0x0000000084f00000, 0x0000000084f00000, 0x0000000085000000|  0%| F|  |TAMS 0x0000000084f00000, 0x0000000084f00000| Untracked 
|  80|0x0000000085000000, 0x0000000085000000, 0x0000000085100000|  0%| F|  |TAMS 0x0000000085000000, 0x0000000085000000| Untracked 
|  81|0x0000000085100000, 0x0000000085100000, 0x0000000085200000|  0%| F|  |TAMS 0x0000000085100000, 0x0000000085100000| Untracked 
|  82|0x0000000085200000, 0x0000000085200000, 0x0000000085300000|  0%| F|  |TAMS 0x0000000085200000, 0x0000000085200000| Untracked 
|  83|0x0000000085300000, 0x0000000085300000, 0x0000000085400000|  0%| F|  |TAMS 0x0000000085300000, 0x0000000085300000| Untracked 
|  84|0x0000000085400000, 0x0000000085400000, 0x0000000085500000|  0%| F|  |TAMS 0x0000000085400000, 0x0000000085400000| Untracked 
|  85|0x0000000085500000, 0x0000000085500000, 0x0000000085600000|  0%| F|  |TAMS 0x0000000085500000, 0x0000000085500000| Untracked 
|  86|0x0000000085600000, 0x0000000085600000, 0x0000000085700000|  0%| F|  |TAMS 0x0000000085600000, 0x0000000085600000| Untracked 
|  87|0x0000000085700000, 0x0000000085700000, 0x0000000085800000|  0%| F|  |TAMS 0x0000000085700000, 0x0000000085700000| Untracked 
|  88|0x0000000085800000, 0x0000000085800000, 0x0000000085900000|  0%| F|  |TAMS 0x0000000085800000, 0x0000000085800000| Untracked 
|  89|0x0000000085900000, 0x0000000085900000, 0x0000000085a00000|  0%| F|  |TAMS 0x0000000085900000, 0x0000000085900000| Untracked 
|  90|0x0000000085a00000, 0x0000000085a00000, 0x0000000085b00000|  0%| F|  |TAMS 0x0000000085a00000, 0x0000000085a00000| Untracked 
|  91|0x0000000085b00000, 0x0000000085b00000, 0x0000000085c00000|  0%| F|  |TAMS 0x0000000085b00000, 0x0000000085b00000| Untracked 
|  92|0x0000000085c00000, 0x0000000085c00000, 0x0000000085d00000|  0%| F|  |TAMS 0x0000000085c00000, 0x0000000085c00000| Untracked 
|  93|0x0000000085d00000, 0x0000000085d00000, 0x0000000085e00000|  0%| F|  |TAMS 0x0000000085d00000, 0x0000000085d00000| Untracked 
|  94|0x0000000085e00000, 0x0000000085e00000, 0x0000000085f00000|  0%| F|  |TAMS 0x0000000085e00000, 0x0000000085e00000| Untracked 
|  95|0x0000000085f00000, 0x0000000085f00000, 0x0000000086000000|  0%| F|  |TAMS 0x0000000085f00000, 0x0000000085f00000| Untracked 
|  96|0x0000000086000000, 0x0000000086000000, 0x0000000086100000|  0%| F|  |TAMS 0x0000000086000000, 0x0000000086000000| Untracked 
|  97|0x0000000086100000, 0x0000000086100000, 0x0000000086200000|  0%| F|  |TAMS 0x0000000086100000, 0x0000000086100000| Untracked 
|  98|0x0000000086200000, 0x0000000086200000, 0x0000000086300000|  0%| F|  |TAMS 0x0000000086200000, 0x0000000086200000| Untracked 
|  99|0x0000000086300000, 0x0000000086300000, 0x0000000086400000|  0%| F|  |TAMS 0x0000000086300000, 0x0000000086300000| Untracked 
| 100|0x0000000086400000, 0x0000000086400000, 0x0000000086500000|  0%| F|  |TAMS 0x0000000086400000, 0x0000000086400000| Untracked 
| 101|0x0000000086500000, 0x0000000086500000, 0x0000000086600000|  0%| F|  |TAMS 0x0000000086500000, 0x0000000086500000| Untracked 
| 102|0x0000000086600000, 0x0000000086600000, 0x0000000086700000|  0%| F|  |TAMS 0x0000000086600000, 0x0000000086600000| Untracked 
| 103|0x0000000086700000, 0x0000000086700000, 0x0000000086800000|  0%| F|  |TAMS 0x0000000086700000, 0x0000000086700000| Untracked 
| 104|0x0000000086800000, 0x0000000086800000, 0x0000000086900000|  0%| F|  |TAMS 0x0000000086800000, 0x0000000086800000| Untracked 
| 105|0x0000000086900000, 0x0000000086900000, 0x0000000086a00000|  0%| F|  |TAMS 0x0000000086900000, 0x0000000086900000| Untracked 
| 106|0x0000000086a00000, 0x0000000086a00000, 0x0000000086b00000|  0%| F|  |TAMS 0x0000000086a00000, 0x0000000086a00000| Untracked 
| 107|0x0000000086b00000, 0x0000000086b00000, 0x0000000086c00000|  0%| F|  |TAMS 0x0000000086b00000, 0x0000000086b00000| Untracked 
| 108|0x0000000086c00000, 0x0000000086c00000, 0x0000000086d00000|  0%| F|  |TAMS 0x0000000086c00000, 0x0000000086c00000| Untracked 
| 109|0x0000000086d00000, 0x0000000086d00000, 0x0000000086e00000|  0%| F|  |TAMS 0x0000000086d00000, 0x0000000086d00000| Untracked 
| 110|0x0000000086e00000, 0x0000000086e00000, 0x0000000086f00000|  0%| F|  |TAMS 0x0000000086e00000, 0x0000000086e00000| Untracked 
| 111|0x0000000086f00000, 0x0000000086f00000, 0x0000000087000000|  0%| F|  |TAMS 0x0000000086f00000, 0x0000000086f00000| Untracked 
| 112|0x0000000087000000, 0x0000000087000000, 0x0000000087100000|  0%| F|  |TAMS 0x0000000087000000, 0x0000000087000000| Untracked 
| 113|0x0000000087100000, 0x0000000087100000, 0x0000000087200000|  0%| F|  |TAMS 0x0000000087100000, 0x0000000087100000| Untracked 
| 114|0x0000000087200000, 0x0000000087200000, 0x0000000087300000|  0%| F|  |TAMS 0x0000000087200000, 0x0000000087200000| Untracked 
| 115|0x0000000087300000, 0x0000000087300000, 0x0000000087400000|  0%| F|  |TAMS 0x0000000087300000, 0x0000000087300000| Untracked 
| 116|0x0000000087400000, 0x0000000087480800, 0x0000000087500000| 50%| E|  |TAMS 0x0000000087400000, 0x0000000087400000| Complete 
| 117|0x0000000087500000, 0x0000000087600000, 0x0000000087600000|100%| E|CS|TAMS 0x0000000087500000, 0x0000000087500000| Complete 
| 118|0x0000000087600000, 0x0000000087700000, 0x0000000087700000|100%| E|CS|TAMS 0x0000000087600000, 0x0000000087600000| Complete 
| 119|0x0000000087700000, 0x0000000087800000, 0x0000000087800000|100%| E|CS|TAMS 0x0000000087700000, 0x0000000087700000| Complete 
| 120|0x0000000087800000, 0x0000000087900000, 0x0000000087900000|100%| E|CS|TAMS 0x0000000087800000, 0x0000000087800000| Complete 
| 121|0x0000000087900000, 0x0000000087a00000, 0x0000000087a00000|100%| E|CS|TAMS 0x0000000087900000, 0x0000000087900000| Complete 
| 122|0x0000000087a00000, 0x0000000087b00000, 0x0000000087b00000|100%| E|CS|TAMS 0x0000000087a00000, 0x0000000087a00000| Complete 
| 123|0x0000000087b00000, 0x0000000087c00000, 0x0000000087c00000|100%| E|CS|TAMS 0x0000000087b00000, 0x0000000087b00000| Complete 
| 124|0x0000000087c00000, 0x0000000087d00000, 0x0000000087d00000|100%| E|CS|TAMS 0x0000000087c00000, 0x0000000087c00000| Complete 
| 125|0x0000000087d00000, 0x0000000087e00000, 0x0000000087e00000|100%| E|CS|TAMS 0x0000000087d00000, 0x0000000087d00000| Complete 
| 126|0x0000000087e00000, 0x0000000087f00000, 0x0000000087f00000|100%| E|CS|TAMS 0x0000000087e00000, 0x0000000087e00000| Complete 
| 127|0x0000000087f00000, 0x0000000088000000, 0x0000000088000000|100%| E|CS|TAMS 0x0000000087f00000, 0x0000000087f00000| Complete 

Card table byte_map: [0x000001d3a9260000,0x000001d3a9660000] _byte_map_base: 0x000001d3a8e60000

Marking Bits (Prev, Next): (CMBitMap*) 0x000001d394105fc0, (CMBitMap*) 0x000001d394105f88
 Prev Bits: [0x000001d3aba60000, 0x000001d3ada60000)
 Next Bits: [0x000001d3a9a60000, 0x000001d3aba60000)

Polling page: 0x000001d3941a0000

Metaspace:

Usage:
  Non-class:     23.53 MB capacity,    23.15 MB ( 98%) used,   332.16 KB (  1%) free+waste,    52.56 KB ( <1%) overhead. 
      Class:      3.65 MB capacity,     3.45 MB ( 95%) used,   178.16 KB (  5%) free+waste,    26.31 KB ( <1%) overhead. 
       Both:     27.18 MB capacity,    26.60 MB ( 98%) used,   510.31 KB (  2%) free+waste,    78.88 KB ( <1%) overhead. 

Virtual space:
  Non-class space:       24.00 MB reserved,      23.75 MB ( 99%) committed 
      Class space:        1.00 GB reserved,       3.75 MB ( <1%) committed 
             Both:        1.02 GB reserved,      27.50 MB (  3%) committed 

Chunk freelists:
   Non-Class:  37.00 KB
       Class:  4.00 KB
        Both:  41.00 KB

MaxMetaspaceSize: 17179869184.00 GB
CompressedClassSpaceSize: 1.00 GB
Initial GC threshold: 20.80 MB
Current GC threshold: 35.20 MB
CDS: off

CodeHeap 'non-profiled nmethods': size=120000Kb used=1275Kb max_used=1275Kb free=118725Kb
 bounds [0x000001d3a0ed0000, 0x000001d3a1140000, 0x000001d3a8400000]
CodeHeap 'profiled nmethods': size=120000Kb used=4922Kb max_used=4922Kb free=115077Kb
 bounds [0x000001d3999a0000, 0x000001d399e70000, 0x000001d3a0ed0000]
CodeHeap 'non-nmethods': size=5760Kb used=1226Kb max_used=1270Kb free=4533Kb
 bounds [0x000001d399400000, 0x000001d399670000, 0x000001d3999a0000]
 total_blobs=2775 nmethods=2273 adapters=414
 compilation: enabled
              stopped_count=0, restarted_count=0
 full_count=0

Compilation events (20 events):
Event: 5.941 Thread 0x000001d3b0552000 nmethod 2267 0x000001d399e5aa10 code [0x000001d399e5abc0, 0x000001d399e5acf8]
Event: 5.943 Thread 0x000001d3b0552000 2268   !   3       java.util.concurrent.ConcurrentHashMap::replaceNode (437 bytes)
Event: 5.946 Thread 0x000001d3b0552000 nmethod 2268 0x000001d399e5ad90 code [0x000001d399e5b140, 0x000001d399e5d1f8]
Event: 5.946 Thread 0x000001d3b0552000 2269       3       java.lang.invoke.TypeConvertingMethodAdapter::convertType (299 bytes)
Event: 5.947 Thread 0x000001d3b4321800 nmethod 2265 0x000001d3a1001c10 code [0x000001d3a1001da0, 0x000001d3a1002198]
Event: 5.951 Thread 0x000001d3b0552000 nmethod 2269 0x000001d399e5e090 code [0x000001d399e5e9e0, 0x000001d399e637e8]
Event: 5.951 Thread 0x000001d3b0552000 2270       3       jdk.internal.misc.VM::isSystemDomainLoader (17 bytes)
Event: 5.952 Thread 0x000001d3b0552000 nmethod 2270 0x000001d399e65490 code [0x000001d399e656e0, 0x000001d399e66058]
Event: 5.952 Thread 0x000001d3b0552000 2271       3       java.lang.ClassLoader::getPlatformClassLoader (21 bytes)
Event: 5.952 Thread 0x000001d3b0552000 nmethod 2271 0x000001d399e66390 code [0x000001d399e665c0, 0x000001d399e66e38]
Event: 5.961 Thread 0x000001d3b0552000 2272       3       jdk.internal.reflect.ReflectionFactory::newMethodAccessor (119 bytes)
Event: 5.964 Thread 0x000001d3b0552000 nmethod 2272 0x000001d399e67110 code [0x000001d399e67500, 0x000001d399e69248]
Event: 5.964 Thread 0x000001d3b0552000 2273       3       jdk.internal.reflect.Reflection::isCallerSensitive (24 bytes)
Event: 5.965 Thread 0x000001d3b0552000 nmethod 2273 0x000001d399e69b90 code [0x000001d399e69ec0, 0x000001d399e6b238]
Event: 5.980 Thread 0x000001d3b4321800 2274   !   4       java.net.URL::<init> (543 bytes)
Event: 5.987 Thread 0x000001d3b0552000 2275   !   3       org.gradle.internal.service.ReflectionBasedServiceMethod::invoke (16 bytes)
Event: 5.987 Thread 0x000001d3b0552000 nmethod 2275 0x000001d399e6b810 code [0x000001d399e6b9e0, 0x000001d399e6bb78]
Event: 5.987 Thread 0x000001d3b0552000 2276   !   3       org.gradle.internal.reflect.JavaMethod::invoke (74 bytes)
Event: 5.990 Thread 0x000001d3b0552000 nmethod 2276 0x000001d399e6bc90 code [0x000001d399e6c040, 0x000001d399e6d748]
Event: 6.000 Thread 0x000001d3b0552000 2277       3       org.objectweb.asm.MethodWriter::visitAbstractType (8 bytes)

GC Heap History (10 events):
Event: 1.046 GC heap before
{Heap before GC invocations=0 (full 0):
 garbage-first heap   total 131072K, used 29696K [0x0000000080000000, 0x0000000100000000)
  region size 1024K, 24 young (24576K), 0 survivors (0K)
 Metaspace       used 10136K, capacity 10329K, committed 10624K, reserved 1058816K
  class space    used 1042K, capacity 1108K, committed 1152K, reserved 1048576K
}
Event: 1.053 GC heap after
{Heap after GC invocations=1 (full 0):
 garbage-first heap   total 131072K, used 9333K [0x0000000080000000, 0x0000000100000000)
  region size 1024K, 3 young (3072K), 3 survivors (3072K)
 Metaspace       used 10136K, capacity 10329K, committed 10624K, reserved 1058816K
  class space    used 1042K, capacity 1108K, committed 1152K, reserved 1048576K
}
Event: 1.432 GC heap before
{Heap before GC invocations=1 (full 0):
 garbage-first heap   total 131072K, used 30837K [0x0000000080000000, 0x0000000100000000)
  region size 1024K, 24 young (24576K), 3 survivors (3072K)
 Metaspace       used 11233K, capacity 11446K, committed 11520K, reserved 1058816K
  class space    used 1157K, capacity 1246K, committed 1280K, reserved 1048576K
}
Event: 1.435 GC heap after
{Heap after GC invocations=2 (full 0):
 garbage-first heap   total 131072K, used 9946K [0x0000000080000000, 0x0000000100000000)
  region size 1024K, 1 young (1024K), 1 survivors (1024K)
 Metaspace       used 11233K, capacity 11446K, committed 11520K, reserved 1058816K
  class space    used 1157K, capacity 1246K, committed 1280K, reserved 1048576K
}
Event: 4.374 GC heap before
{Heap before GC invocations=2 (full 0):
 garbage-first heap   total 131072K, used 64218K [0x0000000080000000, 0x0000000100000000)
  region size 1024K, 54 young (55296K), 1 survivors (1024K)
 Metaspace       used 17493K, capacity 17845K, committed 18048K, reserved 1064960K
  class space    used 2026K, capacity 2147K, committed 2176K, reserved 1048576K
}
Event: 4.385 GC heap after
{Heap after GC invocations=3 (full 0):
 garbage-first heap   total 131072K, used 16342K [0x0000000080000000, 0x0000000100000000)
  region size 1024K, 7 young (7168K), 7 survivors (7168K)
 Metaspace       used 17493K, capacity 17845K, committed 18048K, reserved 1064960K
  class space    used 2026K, capacity 2147K, committed 2176K, reserved 1048576K
}
Event: 5.046 GC heap before
{Heap before GC invocations=3 (full 0):
 garbage-first heap   total 131072K, used 48086K [0x0000000080000000, 0x0000000100000000)
  region size 1024K, 39 young (39936K), 7 survivors (7168K)
 Metaspace       used 20853K, capacity 21189K, committed 21296K, reserved 1069056K
  class space    used 2534K, capacity 2688K, committed 2688K, reserved 1048576K
}
Event: 5.052 GC heap after
{Heap after GC invocations=4 (full 0):
 garbage-first heap   total 131072K, used 17356K [0x0000000080000000, 0x0000000100000000)
  region size 1024K, 2 young (2048K), 2 survivors (2048K)
 Metaspace       used 20853K, capacity 21189K, committed 21296K, reserved 1069056K
  class space    used 2534K, capacity 2688K, committed 2688K, reserved 1048576K
}
Event: 5.883 GC heap before
{Heap before GC invocations=5 (full 0):
 garbage-first heap   total 131072K, used 71628K [0x0000000080000000, 0x0000000100000000)
  region size 1024K, 55 young (56320K), 2 survivors (2048K)
 Metaspace       used 26565K, capacity 27217K, committed 27520K, reserved 1073152K
  class space    used 3431K, capacity 3642K, committed 3712K, reserved 1048576K
}
Event: 5.888 GC heap after
{Heap after GC invocations=6 (full 0):
 garbage-first heap   total 131072K, used 19227K [0x0000000080000000, 0x0000000100000000)
  region size 1024K, 4 young (4096K), 4 survivors (4096K)
 Metaspace       used 26565K, capacity 27217K, committed 27520K, reserved 1073152K
  class space    used 3431K, capacity 3642K, committed 3712K, reserved 1048576K
}

Deoptimization events (20 events):
Event: 5.141 Thread 0x000001d3b311c000 Uncommon trap: trap_request=0xffffff4d fr.pc=0x000001d3a0fc1b30 relative=0x00000000000003b0
Event: 5.141 Thread 0x000001d3b311c000 Uncommon trap: reason=unstable_if action=reinterpret pc=0x000001d3a0fc1b30 method=jdk.internal.org.objectweb.asm.Type.getArgumentsAndReturnSizes(Ljava/lang/String;)I @ 88 c2
Event: 5.141 Thread 0x000001d3b311c000 DEOPT PACKING pc=0x000001d3a0fc1b30 sp=0x000000686caf97c0
Event: 5.141 Thread 0x000001d3b311c000 DEOPT UNPACKING pc=0x000001d39944a1af sp=0x000000686caf9748 mode 2
Event: 5.380 Thread 0x000001d3b311c000 Uncommon trap: trap_request=0xffffff4d fr.pc=0x000001d3a0f2a17c relative=0x000000000000023c
Event: 5.380 Thread 0x000001d3b311c000 Uncommon trap: reason=unstable_if action=reinterpret pc=0x000001d3a0f2a17c method=java.util.concurrent.ConcurrentHashMap.get(Ljava/lang/Object;)Ljava/lang/Object; @ 76 c2
Event: 5.380 Thread 0x000001d3b311c000 DEOPT PACKING pc=0x000001d3a0f2a17c sp=0x000000686caf8850
Event: 5.380 Thread 0x000001d3b311c000 DEOPT UNPACKING pc=0x000001d39944a1af sp=0x000000686caf87b8 mode 2
Event: 5.569 Thread 0x000001d3b311c000 Uncommon trap: trap_request=0xffffff4d fr.pc=0x000001d3a0fd6be8 relative=0x0000000000000408
Event: 5.569 Thread 0x000001d3b311c000 Uncommon trap: reason=unstable_if action=reinterpret pc=0x000001d3a0fd6be8 method=sun.nio.cs.UTF_8$Decoder.decodeArrayLoop(Ljava/nio/ByteBuffer;Ljava/nio/CharBuffer;)Ljava/nio/charset/CoderResult; @ 110 c2
Event: 5.569 Thread 0x000001d3b311c000 DEOPT PACKING pc=0x000001d3a0fd6be8 sp=0x000000686caf8700
Event: 5.569 Thread 0x000001d3b311c000 DEOPT UNPACKING pc=0x000001d39944a1af sp=0x000000686caf8638 mode 2
Event: 5.740 Thread 0x000001d3b311c000 Uncommon trap: trap_request=0xffffff7e fr.pc=0x000001d3a0ff6f1c relative=0x000000000000015c
Event: 5.740 Thread 0x000001d3b311c000 Uncommon trap: reason=predicate action=maybe_recompile pc=0x000001d3a0ff6f1c method=com.google.common.base.CharMatcher.indexIn(Ljava/lang/CharSequence;I)I @ 19 c2
Event: 5.740 Thread 0x000001d3b311c000 DEOPT PACKING pc=0x000001d3a0ff6f1c sp=0x000000686cafb550
Event: 5.740 Thread 0x000001d3b311c000 DEOPT UNPACKING pc=0x000001d39944a1af sp=0x000000686cafb4e0 mode 2
Event: 5.763 Thread 0x000001d3b311c000 Uncommon trap: trap_request=0xffffff4d fr.pc=0x000001d3a0f859f4 relative=0x0000000000001434
Event: 5.763 Thread 0x000001d3b311c000 Uncommon trap: reason=unstable_if action=reinterpret pc=0x000001d3a0f859f4 method=java.util.concurrent.ConcurrentHashMap.putVal(Ljava/lang/Object;Ljava/lang/Object;Z)Ljava/lang/Object; @ 231 c2
Event: 5.763 Thread 0x000001d3b311c000 DEOPT PACKING pc=0x000001d3a0f859f4 sp=0x000000686cafc7b0
Event: 5.763 Thread 0x000001d3b311c000 DEOPT UNPACKING pc=0x000001d39944a1af sp=0x000000686cafc730 mode 2

Classes redefined (0 events):
No events

Internal exceptions (20 events):
Event: 4.906 Thread 0x000001d3b311c000 Exception <a 'java/lang/NoSuchMethodError'{0x0000000086668e60}: 'java.lang.Object java.lang.invoke.DirectMethodHandle$Holder.invokeStatic(java.lang.Object, java.lang.Object, java.lang.Object, int)'> (0x0000000086668e60) thrown at [./src/hotspot/share/interpreter/linkResolver.cpp, line 773]
Event: 4.907 Thread 0x000001d3b311c000 Exception <a 'java/lang/NoSuchMethodError'{0x000000008666d578}: 'java.lang.Object java.lang.invoke.DirectMethodHandle$Holder.invokeSpecial(java.lang.Object, java.lang.Object, java.lang.Object, java.lang.Object, int)'> (0x000000008666d578) thrown at [./src/hotspot/share/interpreter/linkResolver.cpp, line 773]
Event: 4.907 Thread 0x000001d3b311c000 Exception <a 'java/lang/NoSuchMethodError'{0x00000000866714b0}: 'java.lang.Object java.lang.invoke.Invokers$Holder.linkToTargetMethod(java.lang.Object, java.lang.Object, int, java.lang.Object)'> (0x00000000866714b0) thrown at [./src/hotspot/share/interpreter/linkResolver.cpp, line 773]
Event: 5.076 Thread 0x000001d3b311c000 Exception <a 'java/lang/NoSuchMethodError'{0x0000000087fcf7d0}: 'int java.lang.invoke.DirectMethodHandle$Holder.invokeSpecialIFC(java.lang.Object, java.lang.Object, java.lang.Object, java.lang.Object)'> (0x0000000087fcf7d0) thrown at [./src/hotspot/share/interpreter/linkResolver.cpp, line 773]
Event: 5.079 Thread 0x000001d3b311c000 Exception <a 'java/lang/NoSuchMethodError'{0x0000000087fdd788}: 'java.lang.Object java.lang.invoke.DirectMethodHandle$Holder.invokeInterface(java.lang.Object, java.lang.Object, java.lang.Object)'> (0x0000000087fdd788) thrown at [./src/hotspot/share/interpreter/linkResolver.cpp, line 773]
Event: 5.079 Thread 0x000001d3b311c000 Exception <a 'java/lang/IncompatibleClassChangeError'{0x0000000087fe0c60}: Found class java.lang.Object, but interface was expected> (0x0000000087fe0c60) thrown at [./src/hotspot/share/interpreter/linkResolver.cpp, line 839]
Event: 5.194 Thread 0x000001d3b311c000 Exception <a 'java/lang/NoSuchMethodError'{0x00000000877af018}: 'void java.lang.invoke.DirectMethodHandle$Holder.invokeSpecial(java.lang.Object, java.lang.Object, java.lang.Object, java.lang.Object, java.lang.Object)'> (0x00000000877af018) thrown at [./src/hotspot/share/interpreter/linkResolver.cpp, line 773]
Event: 5.224 Thread 0x000001d3b311c000 Exception <a 'java/lang/NoSuchMethodError'{0x00000000875de0a8}: 'java.lang.Object java.lang.invoke.DirectMethodHandle$Holder.invokeSpecial(java.lang.Object, java.lang.Object, java.lang.Object, java.lang.Object, java.lang.Object, java.lang.Object, java.lang.Object, java.lang.Object, java.lang.Object)'> (0x00000000875de0a8) thrown at [./src/hotspot/share/interpreter/linkResolver.cpp, line 773]
Event: 5.310 Thread 0x000001d3b311c000 Exception <a 'java/lang/NoSuchMethodError'{0x0000000086a37678}: 'java.lang.Object java.lang.invoke.DirectMethodHandle$Holder.invokeVirtual(java.lang.Object, java.lang.Object, java.lang.Object, java.lang.Object)'> (0x0000000086a37678) thrown at [./src/hotspot/share/interpreter/linkResolver.cpp, line 773]
Event: 5.419 Thread 0x000001d3b311c000 Exception <a 'java/lang/NoSuchMethodError'{0x0000000086488310}: 'void java.lang.invoke.DirectMethodHandle$Holder.invokeSpecial(java.lang.Object, java.lang.Object, java.lang.Object, java.lang.Object, java.lang.Object, java.lang.Object)'> (0x0000000086488310) thrown at [./src/hotspot/share/interpreter/linkResolver.cpp, line 773]
Event: 5.433 Thread 0x000001d3b311c000 Exception <a 'java/lang/NoSuchMethodError'{0x00000000864f75b8}: 'void java.lang.invoke.DirectMethodHandle$Holder.invokeSpecial(java.lang.Object, java.lang.Object, java.lang.Object, java.lang.Object, java.lang.Object, java.lang.Object, java.lang.Object)'> (0x00000000864f75b8) thrown at [./src/hotspot/share/interpreter/linkResolver.cpp, line 773]
Event: 5.434 Thread 0x000001d3b311c000 Exception <a 'java/lang/NoSuchMethodError'{0x00000000864ffaa8}: 'java.lang.Object java.lang.invoke.Invokers$Holder.linkToTargetMethod(java.lang.Object, java.lang.Object, java.lang.Object, java.lang.Object, java.lang.Object, java.lang.Object)'> (0x00000000864ffaa8) thrown at [./src/hotspot/share/interpreter/linkResolver.cpp, line 773]
Event: 5.472 Thread 0x000001d3b311c000 Exception <a 'java/lang/NoSuchMethodError'{0x00000000862cb358}: 'java.lang.Object java.lang.invoke.DirectMethodHandle$Holder.invokeVirtual(java.lang.Object, java.lang.Object, java.lang.Object, java.lang.Object, java.lang.Object, java.lang.Object, java.lang.Object, java.lang.Object, java.lang.Object, java.lang.Object, java.lang.Object, java.lang.Object, java.lang.Object, java.lang.Object, java.lang.Object, java.lang.Object, java.lang.Object, java.lang.Object, java.lang.Object, java.lang.Object, java.lang.Ob
Event: 5.548 Thread 0x000001d3b311c000 Exception <a 'java/lang/NoSuchMethodError'{0x00000000858d3b60}: 'int java.lang.invoke.DirectMethodHandle$Holder.invokeStaticInit(java.lang.Object, java.lang.Object, java.lang.Object)'> (0x00000000858d3b60) thrown at [./src/hotspot/share/interpreter/linkResolver.cpp, line 773]
Event: 5.647 Thread 0x000001d3b311c000 Exception <a 'java/lang/NoSuchMethodError'{0x0000000085367850}: 'void java.lang.invoke.DirectMethodHandle$Holder.invokeStaticInit(java.lang.Object, java.lang.Object)'> (0x0000000085367850) thrown at [./src/hotspot/share/interpreter/linkResolver.cpp, line 773]
Event: 5.788 Thread 0x000001d3b311c000 Exception <a 'java/lang/NoSuchMethodError'{0x0000000084d12d68}: 'void java.lang.invoke.DirectMethodHandle$Holder.invokeStatic(java.lang.Object, java.lang.Object, java.lang.Object, java.lang.Object)'> (0x0000000084d12d68) thrown at [./src/hotspot/share/interpreter/linkResolver.cpp, line 773]
Event: 5.791 Thread 0x000001d3b311c000 Exception <a 'java/lang/NoSuchMethodError'{0x0000000084d31fa0}: 'int java.lang.invoke.DirectMethodHandle$Holder.invokeVirtual(java.lang.Object, java.lang.Object)'> (0x0000000084d31fa0) thrown at [./src/hotspot/share/interpreter/linkResolver.cpp, line 773]
Event: 5.795 Thread 0x000001d3b311c000 Exception <a 'java/lang/NoSuchMethodError'{0x0000000084d4ab78}: 'java.lang.Object java.lang.invoke.DirectMethodHandle$Holder.invokeVirtual(java.lang.Object, java.lang.Object, java.lang.Object)'> (0x0000000084d4ab78) thrown at [./src/hotspot/share/interpreter/linkResolver.cpp, line 773]
Event: 5.797 Thread 0x000001d3b311c000 Exception <a 'java/lang/NoSuchMethodError'{0x0000000084d67e78}: 'int java.lang.invoke.DirectMethodHandle$Holder.invokeVirtual(java.lang.Object, java.lang.Object, java.lang.Object)'> (0x0000000084d67e78) thrown at [./src/hotspot/share/interpreter/linkResolver.cpp, line 773]
Event: 5.841 Thread 0x000001d3b311c000 Exception <a 'java/lang/NoSuchMethodError'{0x0000000084b892b8}: 'void java.lang.invoke.DirectMethodHandle$Holder.invokeSpecial(java.lang.Object, java.lang.Object)'> (0x0000000084b892b8) thrown at [./src/hotspot/share/interpreter/linkResolver.cpp, line 773]

Events (20 events):
Event: 5.994 loading class org/gradle/api/internal/attributes/CompatibilityRule
Event: 5.994 loading class org/gradle/api/internal/attributes/CompatibilityRule done
Event: 5.994 loading class org/gradle/api/internal/attributes/EmptySchema$DoNothingCompatibilityRule
Event: 5.994 loading class org/gradle/api/internal/attributes/EmptySchema$DoNothingCompatibilityRule done
Event: 5.995 loading class org/gradle/api/internal/attributes/EmptySchema$DoNothingDisambiguationRule
Event: 5.995 loading class org/gradle/api/internal/attributes/EmptySchema$DoNothingDisambiguationRule done
Event: 5.995 loading class org/gradle/api/attributes/Usage
Event: 5.995 loading class org/gradle/api/attributes/Usage done
Event: 5.996 loading class org/gradle/api/attributes/LibraryElements
Event: 5.996 loading class org/gradle/api/attributes/LibraryElements done
Event: 5.996 loading class org/gradle/model/internal/inspect/FormattingValidationProblemCollector
Event: 5.996 loading class org/gradle/model/internal/inspect/FormattingValidationProblemCollector done
Event: 5.997 loading class org/gradle/model/internal/type/ModelType
Event: 5.997 loading class org/gradle/model/internal/type/ModelType done
Event: 5.998 loading class org/gradle/model/internal/type/ModelType$Simple
Event: 5.998 loading class org/gradle/model/internal/type/ModelType$Simple done
Event: 5.999 loading class org/gradle/model/internal/type/TypeWrapper
Event: 5.999 loading class org/gradle/model/internal/type/TypeWrapper done
Event: 5.999 loading class org/gradle/model/internal/type/ClassTypeWrapper
Event: 5.999 loading class org/gradle/model/internal/type/ClassTypeWrapper done


Dynamic libraries:
0x00007ff620110000 - 0x00007ff62011a000 	C:\Users\Dark Knight\Desktop\android-studio-2021.3.1.5-windows-JETPACK COMPOSE\android-studio\jre\bin\java.exe
0x00007ff8e17c0000 - 0x00007ff8e19c9000 	C:\WINDOWS\SYSTEM32\ntdll.dll
0x00007ff8e0d60000 - 0x00007ff8e0e1d000 	C:\WINDOWS\System32\KERNEL32.DLL
0x00007ff8dedd0000 - 0x00007ff8df144000 	C:\WINDOWS\System32\KERNELBASE.dll
0x00007ff8df1c0000 - 0x00007ff8df2d1000 	C:\WINDOWS\System32\ucrtbase.dll
0x00007ff8cd380000 - 0x00007ff8cd399000 	C:\Users\Dark Knight\Desktop\android-studio-2021.3.1.5-windows-JETPACK COMPOSE\android-studio\jre\bin\jli.dll
0x00007ff8cc490000 - 0x00007ff8cc4a7000 	C:\Users\Dark Knight\Desktop\android-studio-2021.3.1.5-windows-JETPACK COMPOSE\android-studio\jre\bin\VCRUNTIME140.dll
0x00007ff8dfc90000 - 0x00007ff8dfe3c000 	C:\WINDOWS\System32\USER32.dll
0x00007ff8df2e0000 - 0x00007ff8df306000 	C:\WINDOWS\System32\win32u.dll
0x00007ff8cc010000 - 0x00007ff8cc2b5000 	C:\WINDOWS\WinSxS\amd64_microsoft.windows.common-controls_6595b64144ccf1df_6.0.22000.120_none_9d947278b86cc467\COMCTL32.dll
0x00007ff8e1750000 - 0x00007ff8e1779000 	C:\WINDOWS\System32\GDI32.dll
0x00007ff8e0060000 - 0x00007ff8e0103000 	C:\WINDOWS\System32\msvcrt.dll
0x00007ff8decb0000 - 0x00007ff8dedc2000 	C:\WINDOWS\System32\gdi32full.dll
0x00007ff8df540000 - 0x00007ff8df5dd000 	C:\WINDOWS\System32\msvcp_win.dll
0x00007ff8dfb30000 - 0x00007ff8dfb61000 	C:\WINDOWS\System32\IMM32.DLL
0x00007ff8c83e0000 - 0x00007ff8c847d000 	C:\Users\Dark Knight\Desktop\android-studio-2021.3.1.5-windows-JETPACK COMPOSE\android-studio\jre\bin\msvcp140.dll
0x00007ff87d230000 - 0x00007ff87dd32000 	C:\Users\Dark Knight\Desktop\android-studio-2021.3.1.5-windows-JETPACK COMPOSE\android-studio\jre\bin\server\jvm.dll
0x00007ff8dfe60000 - 0x00007ff8dff0e000 	C:\WINDOWS\System32\ADVAPI32.dll
0x00007ff8df900000 - 0x00007ff8df99e000 	C:\WINDOWS\System32\sechost.dll
0x00007ff8e0e20000 - 0x00007ff8e0f40000 	C:\WINDOWS\System32\RPCRT4.dll
0x00007ff8dfe50000 - 0x00007ff8dfe58000 	C:\WINDOWS\System32\PSAPI.DLL
0x00007ff8db2e0000 - 0x00007ff8db2e9000 	C:\WINDOWS\SYSTEM32\WSOCK32.dll
0x00007ff8d8ac0000 - 0x00007ff8d8af3000 	C:\WINDOWS\SYSTEM32\WINMM.dll
0x00007ff8d50c0000 - 0x00007ff8d50ca000 	C:\WINDOWS\SYSTEM32\VERSION.dll
0x00007ff8dfac0000 - 0x00007ff8dfb2f000 	C:\WINDOWS\System32\WS2_32.dll
0x00007ff8ddea0000 - 0x00007ff8ddeb8000 	C:\WINDOWS\SYSTEM32\kernel.appcore.dll
0x00007ff8d3890000 - 0x00007ff8d38a1000 	C:\Users\Dark Knight\Desktop\android-studio-2021.3.1.5-windows-JETPACK COMPOSE\android-studio\jre\bin\verify.dll
0x00007ff8dc7f0000 - 0x00007ff8dca11000 	C:\WINDOWS\SYSTEM32\DBGHELP.DLL
0x00007ff8c5620000 - 0x00007ff8c5651000 	C:\WINDOWS\SYSTEM32\dbgcore.DLL
0x00007ff8df5e0000 - 0x00007ff8df65f000 	C:\WINDOWS\System32\bcryptPrimitives.dll
0x00007ff8ceab0000 - 0x00007ff8cead9000 	C:\Users\Dark Knight\Desktop\android-studio-2021.3.1.5-windows-JETPACK COMPOSE\android-studio\jre\bin\java.dll
0x00007ff8d92d0000 - 0x00007ff8d92db000 	C:\Users\Dark Knight\Desktop\android-studio-2021.3.1.5-windows-JETPACK COMPOSE\android-studio\jre\bin\jimage.dll
0x00007ff8cea10000 - 0x00007ff8cea28000 	C:\Users\Dark Knight\Desktop\android-studio-2021.3.1.5-windows-JETPACK COMPOSE\android-studio\jre\bin\zip.dll
0x00007ff8e0fa0000 - 0x00007ff8e174e000 	C:\WINDOWS\System32\SHELL32.dll
0x00007ff8dce30000 - 0x00007ff8dd698000 	C:\WINDOWS\SYSTEM32\windows.storage.dll
0x00007ff8e09d0000 - 0x00007ff8e0d48000 	C:\WINDOWS\System32\combase.dll
0x00007ff8dccc0000 - 0x00007ff8dce26000 	C:\WINDOWS\SYSTEM32\wintypes.dll
0x00007ff8dff10000 - 0x00007ff8dfffa000 	C:\WINDOWS\System32\SHCORE.dll
0x00007ff8e0f40000 - 0x00007ff8e0f9d000 	C:\WINDOWS\System32\shlwapi.dll
0x00007ff8debe0000 - 0x00007ff8dec01000 	C:\WINDOWS\SYSTEM32\profapi.dll
0x00007ff8ce930000 - 0x00007ff8ce94a000 	C:\Users\Dark Knight\Desktop\android-studio-2021.3.1.5-windows-JETPACK COMPOSE\android-studio\jre\bin\net.dll
0x00007ff8d7b90000 - 0x00007ff8d7c9c000 	C:\WINDOWS\SYSTEM32\WINHTTP.dll
0x00007ff8de2d0000 - 0x00007ff8de337000 	C:\WINDOWS\system32\mswsock.dll
0x00007ff8ce620000 - 0x00007ff8ce634000 	C:\Users\Dark Knight\Desktop\android-studio-2021.3.1.5-windows-JETPACK COMPOSE\android-studio\jre\bin\nio.dll
0x00007ff8cc4b0000 - 0x00007ff8cc4d7000 	C:\Users\Dark Knight\.gradle\native\e1d6ef7f7dcc3fd88c89a11ec53ec762bb8ba0a96d01ffa2cd45eb1d1d8dd5c5\windows-amd64\native-platform.dll
0x00007ff89a610000 - 0x00007ff89a754000 	C:\Users\Dark Knight\.gradle\native\0d407fdbe67a94daf76414ababcb853783967236a71b16ec16e742cd7a986fd3\windows-amd64\native-platform-file-events.dll
0x00007ff8d8ed0000 - 0x00007ff8d8eda000 	C:\Users\Dark Knight\Desktop\android-studio-2021.3.1.5-windows-JETPACK COMPOSE\android-studio\jre\bin\management.dll
0x00007ff8d8de0000 - 0x00007ff8d8ded000 	C:\Users\Dark Knight\Desktop\android-studio-2021.3.1.5-windows-JETPACK COMPOSE\android-studio\jre\bin\management_ext.dll
0x00007ff8de510000 - 0x00007ff8de528000 	C:\WINDOWS\SYSTEM32\CRYPTSP.dll
0x00007ff8dde00000 - 0x00007ff8dde35000 	C:\WINDOWS\system32\rsaenh.dll
0x00007ff8de3c0000 - 0x00007ff8de3e9000 	C:\WINDOWS\SYSTEM32\USERENV.dll
0x00007ff8de690000 - 0x00007ff8de6b7000 	C:\WINDOWS\SYSTEM32\bcrypt.dll
0x00007ff8de530000 - 0x00007ff8de53c000 	C:\WINDOWS\SYSTEM32\CRYPTBASE.dll
0x00007ff8dda10000 - 0x00007ff8dda3d000 	C:\WINDOWS\SYSTEM32\IPHLPAPI.DLL
0x00007ff8dfe40000 - 0x00007ff8dfe49000 	C:\WINDOWS\System32\NSI.dll
0x00007ff8d8560000 - 0x00007ff8d8579000 	C:\WINDOWS\SYSTEM32\dhcpcsvc6.DLL
0x00007ff8d8680000 - 0x00007ff8d869e000 	C:\WINDOWS\SYSTEM32\dhcpcsvc.DLL
0x00007ff8dda40000 - 0x00007ff8ddb27000 	C:\WINDOWS\SYSTEM32\DNSAPI.dll

dbghelp: loaded successfully - version: 4.0.5 - missing functions: none
symbol engine: initialized successfully - sym options: 0x614 - pdb path: .;C:\Users\Dark Knight\Desktop\android-studio-2021.3.1.5-windows-JETPACK COMPOSE\android-studio\jre\bin;C:\WINDOWS\SYSTEM32;C:\WINDOWS\WinSxS\amd64_microsoft.windows.common-controls_6595b64144ccf1df_6.0.22000.120_none_9d947278b86cc467;C:\Users\Dark Knight\Desktop\android-studio-2021.3.1.5-windows-JETPACK COMPOSE\android-studio\jre\bin\server;C:\Users\Dark Knight\.gradle\native\e1d6ef7f7dcc3fd88c89a11ec53ec762bb8ba0a96d01ffa2cd45eb1d1d8dd5c5\windows-amd64;C:\Users\Dark Knight\.gradle\native\0d407fdbe67a94daf76414ababcb853783967236a71b16ec16e742cd7a986fd3\windows-amd64

VM Arguments:
jvm_args: --add-opens=java.base/java.util=ALL-UNNAMED --add-opens=java.base/java.lang=ALL-UNNAMED --add-opens=java.base/java.lang.invoke=ALL-UNNAMED --add-opens=java.base/java.util=ALL-UNNAMED --add-opens=java.prefs/java.util.prefs=ALL-UNNAMED --add-opens=java.prefs/java.util.prefs=ALL-UNNAMED --add-opens=java.base/java.nio.charset=ALL-UNNAMED --add-opens=java.base/java.net=ALL-UNNAMED --add-opens=java.base/java.util.concurrent.atomic=ALL-UNNAMED -Xmx2048m -Dfile.encoding=UTF-8 -Duser.country=IN -Duser.language=en -Duser.variant 
java_command: org.gradle.launcher.daemon.bootstrap.GradleDaemon 7.4
java_class_path (initial): C:\Users\Dark Knight\.gradle\wrapper\dists\gradle-7.4-bin\c0gwcg53nkjbqw7r0h0umtfvt\gradle-7.4\lib\gradle-launcher-7.4.jar
Launcher Type: SUN_STANDARD

[Global flags]
     intx CICompilerCount                          = 4                                         {product} {ergonomic}
     uint ConcGCThreads                            = 2                                         {product} {ergonomic}
     uint G1ConcRefinementThreads                  = 8                                         {product} {ergonomic}
   size_t G1HeapRegionSize                         = 1048576                                   {product} {ergonomic}
    uintx GCDrainStackTargetSize                   = 64                                        {product} {ergonomic}
   size_t InitialHeapSize                          = 134217728                                 {product} {ergonomic}
   size_t MarkStackSize                            = 4194304                                   {product} {ergonomic}
   size_t MaxHeapSize                              = 2147483648                                {product} {command line}
   size_t MaxNewSize                               = 1287651328                                {product} {ergonomic}
   size_t MinHeapDeltaBytes                        = 1048576                                   {product} {ergonomic}
    uintx NonNMethodCodeHeapSize                   = 5836300                                {pd product} {ergonomic}
    uintx NonProfiledCodeHeapSize                  = 122910970                              {pd product} {ergonomic}
    uintx ProfiledCodeHeapSize                     = 122910970                              {pd product} {ergonomic}
    uintx ReservedCodeCacheSize                    = 251658240                              {pd product} {ergonomic}
     bool SegmentedCodeCache                       = true                                      {product} {ergonomic}
     bool UseCompressedClassPointers               = true                                 {lp64_product} {ergonomic}
     bool UseCompressedOops                        = true                                 {lp64_product} {ergonomic}
     bool UseG1GC                                  = true                                      {product} {ergonomic}
     bool UseLargePagesIndividualAllocation        = false                                  {pd product} {ergonomic}

Logging:
Log output configuration:
 #0: stdout all=warning uptime,level,tags
 #1: stderr all=off uptime,level,tags

Environment Variables:
PATH=C:\Windows\system32;C:\Windows;C:\Windows\System32\Wbem;C:\Windows\System32\WindowsPowerShell\v1.0\;C:\Windows\System32\OpenSSH\;C:\Program Files (x86)\NVIDIA Corporation\PhysX\Common;C:\Program Files\NVIDIA Corporation\NVIDIA NvDLISR;C:\WINDOWS\system32;C:\WINDOWS;C:\WINDOWS\System32\Wbem;C:\WINDOWS\System32\WindowsPowerShell\v1.0\;C:\WINDOWS\System32\OpenSSH\;C:\MinGW\bin;C:\Program Files\MEGA-X;C:\WINDOWS\system32;C:\WINDOWS;C:\WINDOWS\System32\Wbem;C:\WINDOWS\System32\WindowsPowerShell\v1.0\;C:\WINDOWS\System32\OpenSSH\;C:\Program Files\Git\cmd;C:\Users\Dark Knight\AppData\Local\Microsoft\WindowsApps;C:\Users\Dark Knight\AppData\Local\atom\bin;C:\MinGW\bin;C:\Program Files (x86)\Microsoft Visual Studio\2019\BuildTools\MSBuild\Current\Bin;C:\Users\Dark Knight\AppData\Local\Microsoft\WindowsApps;
USERNAME=Dark Knight
OS=Windows_NT
PROCESSOR_IDENTIFIER=Intel64 Family 6 Model 158 Stepping 10, GenuineIntel



---------------  S Y S T E M  ---------------

OS: Windows 11 , 64 bit Build 22000 (10.0.22000.434)
OS uptime: 21 days 4:52 hours

CPU:total 8 (initial active 8) (4 cores per cpu, 2 threads per core) family 6 model 158 stepping 10 microcode 0xde, cmov, cx8, fxsr, mmx, sse, sse2, sse3, ssse3, sse4.1, sse4.2, popcnt, avx, avx2, aes, clmul, erms, 3dnowpref, lzcnt, ht, tsc, tscinvbit, bmi1, bmi2, adx, fma

Memory: 4k page, system-wide physical 8072M (639M free)
TotalPageFile size 12168M (AvailPageFile size 10M)
current process WorkingSet (physical memory assigned to process): 213M, peak: 221M
current process commit charge ("private bytes"): 304M, peak: 311M

vm_info: OpenJDK 64-Bit Server VM (11.0.13+0-b1751.21-8125866) for windows-amd64 JRE (11.0.13+0-b1751.21-8125866), built on Feb  2 2022 03:00:22 by "builder" with MS VC++ 14.0 (VS2015)

END.
