#
# There is insufficient memory for the Java Runtime Environment to continue.
# Native memory allocation (malloc) failed to allocate 1816496 bytes for Chunk::new
# Possible reasons:
#   The system is out of physical RAM or swap space
#   The process is running with CompressedOops enabled, and the Java Heap may be blocking the growth of the native heap
# Possible solutions:
#   Reduce memory load on the system
#   Increase physical memory or swap space
#   Check if swap backing store is full
#   Decrease Java heap size (-Xmx/-Xms)
#   Decrease number of Java threads
#   Decrease Java thread stack sizes (-Xss)
#   Set larger code cache with -XX:ReservedCodeCacheSize=
#   JVM is running with Unscaled Compressed Oops mode in which the Java heap is
#     placed in the first 4GB address space. The Java Heap base address is the
#     maximum limit for the native heap growth. Please use -XX:HeapBaseMinAddress
#     to set the Java Heap base and to place the Java Heap above 4GB virtual address.
# This output file may be truncated or incomplete.
#
#  Out of Memory Error (./src/hotspot/share/memory/arena.cpp:197), pid=38452, tid=15148
#
# JRE version: OpenJDK Runtime Environment (11.0.13) (build 11.0.13+0-b1751.21-8125866)
# Java VM: OpenJDK 64-Bit Server VM (11.0.13+0-b1751.21-8125866, mixed mode, tiered, compressed oops, g1 gc, windows-amd64)
# No core dump will be written. Minidumps are not enabled by default on client versions of Windows
#

---------------  S U M M A R Y ------------

Command Line: --add-opens=java.base/java.util=ALL-UNNAMED --add-opens=java.base/java.lang=ALL-UNNAMED --add-opens=java.base/java.lang.invoke=ALL-UNNAMED --add-opens=java.base/java.util=ALL-UNNAMED --add-opens=java.prefs/java.util.prefs=ALL-UNNAMED --add-opens=java.prefs/java.util.prefs=ALL-UNNAMED --add-opens=java.base/java.nio.charset=ALL-UNNAMED --add-opens=java.base/java.net=ALL-UNNAMED --add-opens=java.base/java.util.concurrent.atomic=ALL-UNNAMED -Xmx2048m -Dfile.encoding=UTF-8 -Duser.country=IN -Duser.language=en -Duser.variant org.gradle.launcher.daemon.bootstrap.GradleDaemon 7.4

Host: Intel(R) Core(TM) i5-9300H CPU @ 2.40GHz, 8 cores, 7G,  Windows 11 , 64 bit Build 22000 (10.0.22000.434)
Time: Fri Apr 15 14:57:18 2022 India Standard Time elapsed time: 16.332161 seconds (0d 0h 0m 16s)

---------------  T H R E A D  ---------------

Current thread (0x0000025afac78000):  JavaThread "C2 CompilerThread0" daemon [_thread_in_native, id=15148, stack(0x000000c8a7600000,0x000000c8a7700000)]


Current CompileTask:
C2:  16332 7776       4       jdk.internal.loader.URLClassPath$JarLoader$2::getInputStream (15 bytes)

Stack: [0x000000c8a7600000,0x000000c8a7700000]
Native frames: (J=compiled Java code, j=interpreted, Vv=VM code, C=native code)
V  [jvm.dll+0x6100fa]
V  [jvm.dll+0x747090]
V  [jvm.dll+0x7486ad]
V  [jvm.dll+0x748d83]
V  [jvm.dll+0x24ab48]
V  [jvm.dll+0xc04dc]
V  [jvm.dll+0xc0a0c]
V  [jvm.dll+0x35eb5b]
V  [jvm.dll+0x32b833]
V  [jvm.dll+0x32ad2a]
V  [jvm.dll+0x2032b2]
V  [jvm.dll+0x202437]
V  [jvm.dll+0x188e01]
V  [jvm.dll+0x21106b]
V  [jvm.dll+0x20f8c1]
V  [jvm.dll+0x70de0f]
V  [jvm.dll+0x706a75]
V  [jvm.dll+0x60ed66]
C  [ucrtbase.dll+0x26c0c]
C  [KERNEL32.DLL+0x154e0]
C  [ntdll.dll+0x485b]


---------------  P R O C E S S  ---------------

Threads class SMR info:
_java_thread_list=0x0000025a808d6f60, length=123, elements={
0x0000025ae07bc800, 0x0000025afac54800, 0x0000025afac62800, 0x0000025afac70800,
0x0000025afac71800, 0x0000025afac72800, 0x0000025afac78000, 0x0000025afac7c000,
0x0000025afac7d800, 0x0000025afb74f800, 0x0000025afccd3000, 0x0000025afc810000,
0x0000025afb85a800, 0x0000025afe159800, 0x0000025afcc88800, 0x0000025afe784800,
0x0000025afcba2000, 0x0000025afdc04000, 0x0000025afcf89800, 0x0000025afd5a8800,
0x0000025afd805000, 0x0000025afd806000, 0x0000025afd803800, 0x0000025afd802800,
0x0000025afd804000, 0x0000025afd809000, 0x0000025afd806800, 0x0000025afd807800,
0x0000025afd808800, 0x0000025aff410800, 0x0000025aff40a800, 0x0000025aff411000,
0x0000025aff40e800, 0x0000025aff40c800, 0x0000025aff40f800, 0x0000025aff413000,
0x0000025aff413800, 0x0000025aff40e000, 0x0000025aff419800, 0x0000025aff416000,
0x0000025aff415000, 0x0000025aff417800, 0x0000025aff414800, 0x0000025aff417000,
0x0000025aff418800, 0x0000025afdf8f000, 0x0000025afdf90800, 0x0000025afdf95800,
0x0000025afdf94800, 0x0000025afdf90000, 0x0000025afdf92800, 0x0000025afdf96800,
0x0000025afdf97000, 0x0000025afdf91800, 0x0000025afdf98000, 0x0000025afdf99000,
0x0000025afdf93000, 0x0000025afdf99800, 0x0000025afdf94000, 0x0000025afdf9d000,
0x0000025afdf9a800, 0x0000025afdf9b000, 0x0000025afdf9c000, 0x0000025afdf9d800,
0x0000025a80400800, 0x0000025a80407000, 0x0000025a80405000, 0x0000025a80404800,
0x0000025a80403800, 0x0000025a80406000, 0x0000025a80401000, 0x0000025a80402800,
0x0000025a80407800, 0x0000025a80402000, 0x0000025a8040a000, 0x0000025a8040c800,
0x0000025a8040b000, 0x0000025a80408800, 0x0000025a8040d800, 0x0000025a8040e000,
0x0000025a8040f000, 0x0000025a80409800, 0x0000025a8040b800, 0x0000025afdee2800,
0x0000025afdee1800, 0x0000025afdee4000, 0x0000025afdedf000, 0x0000025afdee3000,
0x0000025afdee5000, 0x0000025afdee5800, 0x0000025afdee0000, 0x0000025afdee6800,
0x0000025afdee0800, 0x0000025afdee9800, 0x0000025afdeea800, 0x0000025afdeeb800,
0x0000025afdee8000, 0x0000025afdeec000, 0x0000025afdee7000, 0x0000025afdee9000,
0x0000025afdeed000, 0x0000025afdeed800, 0x0000025afbc52000, 0x0000025afbc52800,
0x0000025afbc51000, 0x0000025afbc50000, 0x0000025afbc53800, 0x0000025afbc54000,
0x0000025afbc55000, 0x0000025afbc4f800, 0x0000025afbc5b800, 0x0000025afbc57800,
0x0000025afbc56000, 0x0000025afbc5a000, 0x0000025afbc5a800, 0x0000025afbc5c800,
0x0000025afbc56800, 0x0000025afbc5e000, 0x0000025afbc5d000, 0x0000025afbc58800,
0x0000025afbc59000, 0x0000025a804de000, 0x0000025a804dd000
}

Java Threads: ( => current thread )
  0x0000025ae07bc800 JavaThread "main" [_thread_blocked, id=17816, stack(0x000000c8a6a00000,0x000000c8a6b00000)]
  0x0000025afac54800 JavaThread "Reference Handler" daemon [_thread_blocked, id=25676, stack(0x000000c8a7100000,0x000000c8a7200000)]
  0x0000025afac62800 JavaThread "Finalizer" daemon [_thread_blocked, id=30936, stack(0x000000c8a7200000,0x000000c8a7300000)]
  0x0000025afac70800 JavaThread "Signal Dispatcher" daemon [_thread_blocked, id=30664, stack(0x000000c8a7300000,0x000000c8a7400000)]
  0x0000025afac71800 JavaThread "Attach Listener" daemon [_thread_blocked, id=28048, stack(0x000000c8a7400000,0x000000c8a7500000)]
  0x0000025afac72800 JavaThread "Service Thread" daemon [_thread_blocked, id=30724, stack(0x000000c8a7500000,0x000000c8a7600000)]
=>0x0000025afac78000 JavaThread "C2 CompilerThread0" daemon [_thread_in_native, id=15148, stack(0x000000c8a7600000,0x000000c8a7700000)]
  0x0000025afac7c000 JavaThread "C1 CompilerThread0" daemon [_thread_blocked, id=27464, stack(0x000000c8a7700000,0x000000c8a7800000)]
  0x0000025afac7d800 JavaThread "Sweeper thread" daemon [_thread_blocked, id=30448, stack(0x000000c8a7800000,0x000000c8a7900000)]
  0x0000025afb74f800 JavaThread "Common-Cleaner" daemon [_thread_blocked, id=5000, stack(0x000000c8a7900000,0x000000c8a7a00000)]
  0x0000025afccd3000 JavaThread "Daemon health stats" [_thread_blocked, id=11452, stack(0x000000c8a7e00000,0x000000c8a7f00000)]
  0x0000025afc810000 JavaThread "Incoming local TCP Connector on port 52588" [_thread_in_native, id=8872, stack(0x000000c8a7b00000,0x000000c8a7c00000)]
  0x0000025afb85a800 JavaThread "Daemon periodic checks" [_thread_blocked, id=30020, stack(0x000000c8a8000000,0x000000c8a8100000)]
  0x0000025afe159800 JavaThread "Daemon" [_thread_blocked, id=13360, stack(0x000000c8a8100000,0x000000c8a8200000)]
  0x0000025afcc88800 JavaThread "Handler for socket connection from /127.0.0.1:52588 to /127.0.0.1:52589" [_thread_in_native, id=35152, stack(0x000000c8a8200000,0x000000c8a8300000)]
  0x0000025afe784800 JavaThread "Cancel handler" [_thread_blocked, id=33304, stack(0x000000c8a8300000,0x000000c8a8400000)]
  0x0000025afcba2000 JavaThread "Daemon worker" [_thread_in_vm, id=40436, stack(0x000000c8a8400000,0x000000c8a8500000)]
  0x0000025afdc04000 JavaThread "Asynchronous log dispatcher for DefaultDaemonConnection: socket connection from /127.0.0.1:52588 to /127.0.0.1:52589" [_thread_blocked, id=1924, stack(0x000000c8a8500000,0x000000c8a8600000)]
  0x0000025afcf89800 JavaThread "Stdin handler" [_thread_blocked, id=21568, stack(0x000000c8a8600000,0x000000c8a8700000)]
  0x0000025afd5a8800 JavaThread "Daemon client event forwarder" [_thread_blocked, id=27064, stack(0x000000c8a8700000,0x000000c8a8800000)]
  0x0000025afd805000 JavaThread "Cache worker for journal cache (C:\Users\Dark Knight\.gradle\caches\journal-1)" [_thread_blocked, id=36032, stack(0x000000c8a8900000,0x000000c8a8a00000)]
  0x0000025afd806000 JavaThread "File lock request listener" [_thread_in_native, id=14332, stack(0x000000c8a8a00000,0x000000c8a8b00000)]
  0x0000025afd803800 JavaThread "Cache worker for file hash cache (C:\Users\Dark Knight\.gradle\caches\7.4\fileHashes)" [_thread_blocked, id=25440, stack(0x000000c8a8b00000,0x000000c8a8c00000)]
  0x0000025afd802800 JavaThread "File watcher server" daemon [_thread_in_native, id=20340, stack(0x000000c8a9100000,0x000000c8a9200000)]
  0x0000025afd804000 JavaThread "File watcher consumer" daemon [_thread_blocked, id=39504, stack(0x000000c8a9200000,0x000000c8a9300000)]
  0x0000025afd809000 JavaThread "Cache worker for checksums cache (C:\Android Projects\JetWeatherForecast\.gradle\7.4\checksums)" [_thread_blocked, id=40380, stack(0x000000c8a9300000,0x000000c8a9400000)]
  0x0000025afd806800 JavaThread "Cache worker for cache directory md-rule (C:\Users\Dark Knight\.gradle\caches\7.4\md-rule)" [_thread_blocked, id=19976, stack(0x000000c8a9400000,0x000000c8a9500000)]
  0x0000025afd807800 JavaThread "Cache worker for file hash cache (C:\Android Projects\JetWeatherForecast\.gradle\7.4\fileHashes)" [_thread_blocked, id=32932, stack(0x000000c8a9500000,0x000000c8a9600000)]
  0x0000025afd808800 JavaThread "Cache worker for cache directory md-supplier (C:\Users\Dark Knight\.gradle\caches\7.4\md-supplier)" [_thread_blocked, id=33492, stack(0x000000c8a9600000,0x000000c8a9700000)]
  0x0000025aff410800 JavaThread "Cache worker for execution history cache (C:\Users\Dark Knight\.gradle\caches\7.4\executionHistory)" [_thread_blocked, id=7332, stack(0x000000c8a9700000,0x000000c8a9800000)]
  0x0000025aff40a800 JavaThread "jar transforms" [_thread_blocked, id=38036, stack(0x000000c8a9800000,0x000000c8a9900000)]
  0x0000025aff411000 JavaThread "Cache worker for file content cache (C:\Users\Dark Knight\.gradle\caches\7.4\fileContent)" [_thread_blocked, id=28252, stack(0x000000c8a9900000,0x000000c8a9a00000)]
  0x0000025aff40e800 JavaThread "jar transforms Thread 2" [_thread_blocked, id=40048, stack(0x000000c8a9a00000,0x000000c8a9b00000)]
  0x0000025aff40c800 JavaThread "Cache worker for dependencies-accessors (C:\Android Projects\JetWeatherForecast\.gradle\7.4\dependencies-accessors)" [_thread_blocked, id=36540, stack(0x000000c8a9b00000,0x000000c8a9c00000)]
  0x0000025aff40f800 JavaThread "jar transforms Thread 3" [_thread_blocked, id=2860, stack(0x000000c8a9c00000,0x000000c8a9d00000)]
  0x0000025aff413000 JavaThread "Cache worker for Build Output Cleanup Cache (C:\Android Projects\JetWeatherForecast\.gradle\buildOutputCleanup)" [_thread_blocked, id=13644, stack(0x000000c8a9d00000,0x000000c8a9e00000)]
  0x0000025aff413800 JavaThread "Unconstrained build operations" [_thread_blocked, id=37300, stack(0x000000c8a8800000,0x000000c8a8900000)]
  0x0000025aff40e000 JavaThread "Unconstrained build operations Thread 2" [_thread_blocked, id=33236, stack(0x000000c8a9e00000,0x000000c8a9f00000)]
  0x0000025aff419800 JavaThread "Unconstrained build operations Thread 3" [_thread_blocked, id=37416, stack(0x000000c8a9f00000,0x000000c8aa000000)]
  0x0000025aff416000 JavaThread "Unconstrained build operations Thread 4" [_thread_blocked, id=25768, stack(0x000000c8aa000000,0x000000c8aa100000)]
  0x0000025aff415000 JavaThread "Unconstrained build operations Thread 5" [_thread_blocked, id=20888, stack(0x000000c8aa100000,0x000000c8aa200000)]
  0x0000025aff417800 JavaThread "Unconstrained build operations Thread 6" [_thread_blocked, id=40364, stack(0x000000c8aa200000,0x000000c8aa300000)]
  0x0000025aff414800 JavaThread "Unconstrained build operations Thread 7" [_thread_blocked, id=35292, stack(0x000000c8aa300000,0x000000c8aa400000)]
  0x0000025aff417000 JavaThread "Unconstrained build operations Thread 8" [_thread_blocked, id=40084, stack(0x000000c8aa400000,0x000000c8aa500000)]
  0x0000025aff418800 JavaThread "Unconstrained build operations Thread 9" [_thread_blocked, id=24220, stack(0x000000c8aa500000,0x000000c8aa600000)]
  0x0000025afdf8f000 JavaThread "Unconstrained build operations Thread 10" [_thread_blocked, id=40208, stack(0x000000c8aa600000,0x000000c8aa700000)]
  0x0000025afdf90800 JavaThread "Unconstrained build operations Thread 11" [_thread_blocked, id=33848, stack(0x000000c8aa700000,0x000000c8aa800000)]
  0x0000025afdf95800 JavaThread "Unconstrained build operations Thread 12" [_thread_blocked, id=20808, stack(0x000000c8aa800000,0x000000c8aa900000)]
  0x0000025afdf94800 JavaThread "Unconstrained build operations Thread 13" [_thread_blocked, id=19688, stack(0x000000c8aa900000,0x000000c8aaa00000)]
  0x0000025afdf90000 JavaThread "Unconstrained build operations Thread 14" [_thread_blocked, id=13524, stack(0x000000c8aaa00000,0x000000c8aab00000)]
  0x0000025afdf92800 JavaThread "Unconstrained build operations Thread 15" [_thread_blocked, id=40272, stack(0x000000c8aab00000,0x000000c8aac00000)]
  0x0000025afdf96800 JavaThread "Unconstrained build operations Thread 16" [_thread_blocked, id=35960, stack(0x000000c8aac00000,0x000000c8aad00000)]
  0x0000025afdf97000 JavaThread "Unconstrained build operations Thread 17" [_thread_blocked, id=13488, stack(0x000000c8aad00000,0x000000c8aae00000)]
  0x0000025afdf91800 JavaThread "Unconstrained build operations Thread 18" [_thread_blocked, id=37088, stack(0x000000c8aae00000,0x000000c8aaf00000)]
  0x0000025afdf98000 JavaThread "Unconstrained build operations Thread 19" [_thread_blocked, id=29276, stack(0x000000c8aaf00000,0x000000c8ab000000)]
  0x0000025afdf99000 JavaThread "Unconstrained build operations Thread 20" [_thread_blocked, id=12392, stack(0x000000c8ab000000,0x000000c8ab100000)]
  0x0000025afdf93000 JavaThread "Unconstrained build operations Thread 21" [_thread_blocked, id=6732, stack(0x000000c8ab100000,0x000000c8ab200000)]
  0x0000025afdf99800 JavaThread "Unconstrained build operations Thread 22" [_thread_blocked, id=40684, stack(0x000000c8ab200000,0x000000c8ab300000)]
  0x0000025afdf94000 JavaThread "Unconstrained build operations Thread 23" [_thread_blocked, id=10712, stack(0x000000c8ab300000,0x000000c8ab400000)]
  0x0000025afdf9d000 JavaThread "Unconstrained build operations Thread 24" [_thread_blocked, id=33804, stack(0x000000c8ab400000,0x000000c8ab500000)]
  0x0000025afdf9a800 JavaThread "Unconstrained build operations Thread 25" [_thread_blocked, id=1680, stack(0x000000c8ab500000,0x000000c8ab600000)]
  0x0000025afdf9b000 JavaThread "Unconstrained build operations Thread 26" [_thread_blocked, id=31136, stack(0x000000c8ab600000,0x000000c8ab700000)]
  0x0000025afdf9c000 JavaThread "Unconstrained build operations Thread 27" [_thread_blocked, id=26940, stack(0x000000c8ab700000,0x000000c8ab800000)]
  0x0000025afdf9d800 JavaThread "Unconstrained build operations Thread 28" [_thread_blocked, id=37572, stack(0x000000c8ab800000,0x000000c8ab900000)]
  0x0000025a80400800 JavaThread "Unconstrained build operations Thread 29" [_thread_blocked, id=32184, stack(0x000000c8ab900000,0x000000c8aba00000)]
  0x0000025a80407000 JavaThread "Unconstrained build operations Thread 30" [_thread_blocked, id=35264, stack(0x000000c8aba00000,0x000000c8abb00000)]
  0x0000025a80405000 JavaThread "Unconstrained build operations Thread 31" [_thread_blocked, id=36504, stack(0x000000c8abb00000,0x000000c8abc00000)]
  0x0000025a80404800 JavaThread "Unconstrained build operations Thread 32" [_thread_blocked, id=13660, stack(0x000000c8abc00000,0x000000c8abd00000)]
  0x0000025a80403800 JavaThread "Unconstrained build operations Thread 33" [_thread_blocked, id=34668, stack(0x000000c8abd00000,0x000000c8abe00000)]
  0x0000025a80406000 JavaThread "Unconstrained build operations Thread 34" [_thread_blocked, id=40004, stack(0x000000c8abe00000,0x000000c8abf00000)]
  0x0000025a80401000 JavaThread "Unconstrained build operations Thread 35" [_thread_blocked, id=37148, stack(0x000000c8abf00000,0x000000c8ac000000)]
  0x0000025a80402800 JavaThread "Unconstrained build operations Thread 36" [_thread_blocked, id=18460, stack(0x000000c8ac000000,0x000000c8ac100000)]
  0x0000025a80407800 JavaThread "Unconstrained build operations Thread 37" [_thread_blocked, id=38584, stack(0x000000c8ac100000,0x000000c8ac200000)]
  0x0000025a80402000 JavaThread "Unconstrained build operations Thread 38" [_thread_blocked, id=36384, stack(0x000000c8ac200000,0x000000c8ac300000)]
  0x0000025a8040a000 JavaThread "Unconstrained build operations Thread 39" [_thread_blocked, id=40788, stack(0x000000c8ac300000,0x000000c8ac400000)]
  0x0000025a8040c800 JavaThread "Unconstrained build operations Thread 40" [_thread_blocked, id=22504, stack(0x000000c8ac400000,0x000000c8ac500000)]
  0x0000025a8040b000 JavaThread "Unconstrained build operations Thread 41" [_thread_blocked, id=35412, stack(0x000000c8ac500000,0x000000c8ac600000)]
  0x0000025a80408800 JavaThread "Unconstrained build operations Thread 42" [_thread_blocked, id=39928, stack(0x000000c8ac600000,0x000000c8ac700000)]
  0x0000025a8040d800 JavaThread "Unconstrained build operations Thread 43" [_thread_blocked, id=33028, stack(0x000000c8ac700000,0x000000c8ac800000)]
  0x0000025a8040e000 JavaThread "Unconstrained build operations Thread 44" [_thread_blocked, id=31016, stack(0x000000c8ac800000,0x000000c8ac900000)]
  0x0000025a8040f000 JavaThread "Unconstrained build operations Thread 45" [_thread_blocked, id=14636, stack(0x000000c8ac900000,0x000000c8aca00000)]
  0x0000025a80409800 JavaThread "Unconstrained build operations Thread 46" [_thread_blocked, id=4044, stack(0x000000c8aca00000,0x000000c8acb00000)]
  0x0000025a8040b800 JavaThread "Unconstrained build operations Thread 47" [_thread_blocked, id=7320, stack(0x000000c8acb00000,0x000000c8acc00000)]
  0x0000025afdee2800 JavaThread "Unconstrained build operations Thread 48" [_thread_blocked, id=37144, stack(0x000000c8acc00000,0x000000c8acd00000)]
  0x0000025afdee1800 JavaThread "Unconstrained build operations Thread 49" [_thread_blocked, id=39140, stack(0x000000c8acd00000,0x000000c8ace00000)]
  0x0000025afdee4000 JavaThread "Unconstrained build operations Thread 50" [_thread_blocked, id=12052, stack(0x000000c8ace00000,0x000000c8acf00000)]
  0x0000025afdedf000 JavaThread "Unconstrained build operations Thread 51" [_thread_blocked, id=30632, stack(0x000000c8acf00000,0x000000c8ad000000)]
  0x0000025afdee3000 JavaThread "Unconstrained build operations Thread 52" [_thread_blocked, id=27388, stack(0x000000c8ad000000,0x000000c8ad100000)]
  0x0000025afdee5000 JavaThread "Unconstrained build operations Thread 53" [_thread_blocked, id=25816, stack(0x000000c8ad100000,0x000000c8ad200000)]
  0x0000025afdee5800 JavaThread "Unconstrained build operations Thread 54" [_thread_blocked, id=37076, stack(0x000000c8ad200000,0x000000c8ad300000)]
  0x0000025afdee0000 JavaThread "Unconstrained build operations Thread 55" [_thread_blocked, id=25924, stack(0x000000c8ad300000,0x000000c8ad400000)]
  0x0000025afdee6800 JavaThread "Unconstrained build operations Thread 56" [_thread_blocked, id=13372, stack(0x000000c8ad400000,0x000000c8ad500000)]
  0x0000025afdee0800 JavaThread "Unconstrained build operations Thread 57" [_thread_blocked, id=36264, stack(0x000000c8ad500000,0x000000c8ad600000)]
  0x0000025afdee9800 JavaThread "Unconstrained build operations Thread 58" [_thread_blocked, id=24900, stack(0x000000c8ad600000,0x000000c8ad700000)]
  0x0000025afdeea800 JavaThread "Unconstrained build operations Thread 59" [_thread_blocked, id=39484, stack(0x000000c8ad700000,0x000000c8ad800000)]
  0x0000025afdeeb800 JavaThread "Unconstrained build operations Thread 60" [_thread_blocked, id=7028, stack(0x000000c8ad800000,0x000000c8ad900000)]
  0x0000025afdee8000 JavaThread "Unconstrained build operations Thread 61" [_thread_blocked, id=38964, stack(0x000000c8ad900000,0x000000c8ada00000)]
  0x0000025afdeec000 JavaThread "Unconstrained build operations Thread 62" [_thread_blocked, id=7748, stack(0x000000c8ada00000,0x000000c8adb00000)]
  0x0000025afdee7000 JavaThread "Unconstrained build operations Thread 63" [_thread_blocked, id=39492, stack(0x000000c8adb00000,0x000000c8adc00000)]
  0x0000025afdee9000 JavaThread "Unconstrained build operations Thread 64" [_thread_blocked, id=38252, stack(0x000000c8adc00000,0x000000c8add00000)]
  0x0000025afdeed000 JavaThread "Unconstrained build operations Thread 65" [_thread_blocked, id=17352, stack(0x000000c8add00000,0x000000c8ade00000)]
  0x0000025afdeed800 JavaThread "Unconstrained build operations Thread 66" [_thread_blocked, id=36520, stack(0x000000c8ade00000,0x000000c8adf00000)]
  0x0000025afbc52000 JavaThread "Unconstrained build operations Thread 67" [_thread_blocked, id=31708, stack(0x000000c8adf00000,0x000000c8ae000000)]
  0x0000025afbc52800 JavaThread "Unconstrained build operations Thread 68" [_thread_blocked, id=13216, stack(0x000000c8ae000000,0x000000c8ae100000)]
  0x0000025afbc51000 JavaThread "Unconstrained build operations Thread 69" [_thread_blocked, id=9768, stack(0x000000c8ae100000,0x000000c8ae200000)]
  0x0000025afbc50000 JavaThread "Unconstrained build operations Thread 70" [_thread_blocked, id=12476, stack(0x000000c8ae200000,0x000000c8ae300000)]
  0x0000025afbc53800 JavaThread "Unconstrained build operations Thread 71" [_thread_blocked, id=26648, stack(0x000000c8ae300000,0x000000c8ae400000)]
  0x0000025afbc54000 JavaThread "Unconstrained build operations Thread 72" [_thread_blocked, id=11528, stack(0x000000c8ae400000,0x000000c8ae500000)]
  0x0000025afbc55000 JavaThread "Unconstrained build operations Thread 73" [_thread_blocked, id=31972, stack(0x000000c8ae500000,0x000000c8ae600000)]
  0x0000025afbc4f800 JavaThread "Unconstrained build operations Thread 74" [_thread_blocked, id=6348, stack(0x000000c8ae600000,0x000000c8ae700000)]
  0x0000025afbc5b800 JavaThread "Unconstrained build operations Thread 75" [_thread_blocked, id=15596, stack(0x000000c8ae700000,0x000000c8ae800000)]
  0x0000025afbc57800 JavaThread "Unconstrained build operations Thread 76" [_thread_blocked, id=40220, stack(0x000000c8ae800000,0x000000c8ae900000)]
  0x0000025afbc56000 JavaThread "Unconstrained build operations Thread 77" [_thread_blocked, id=36848, stack(0x000000c8ae900000,0x000000c8aea00000)]
  0x0000025afbc5a000 JavaThread "Unconstrained build operations Thread 78" [_thread_blocked, id=14364, stack(0x000000c8aea00000,0x000000c8aeb00000)]
  0x0000025afbc5a800 JavaThread "Unconstrained build operations Thread 79" [_thread_blocked, id=22516, stack(0x000000c8aeb00000,0x000000c8aec00000)]
  0x0000025afbc5c800 JavaThread "Unconstrained build operations Thread 80" [_thread_blocked, id=37280, stack(0x000000c8aec00000,0x000000c8aed00000)]
  0x0000025afbc56800 JavaThread "jar transforms Thread 4" [_thread_blocked, id=35728, stack(0x000000c8aed00000,0x000000c8aee00000)]
  0x0000025afbc5e000 JavaThread "jar transforms Thread 5" [_thread_blocked, id=25176, stack(0x000000c8aee00000,0x000000c8aef00000)]
  0x0000025afbc5d000 JavaThread "jar transforms Thread 6" [_thread_blocked, id=31572, stack(0x000000c8aef00000,0x000000c8af000000)]
  0x0000025afbc58800 JavaThread "jar transforms Thread 7" [_thread_blocked, id=6276, stack(0x000000c8af000000,0x000000c8af100000)]
  0x0000025afbc59000 JavaThread "jar transforms Thread 8" [_thread_blocked, id=39072, stack(0x000000c8af100000,0x000000c8af200000)]
  0x0000025a804de000 JavaThread "Memory manager" [_thread_blocked, id=38816, stack(0x000000c8af200000,0x000000c8af300000)]
  0x0000025a804dd000 JavaThread "build event listener" [_thread_blocked, id=25328, stack(0x000000c8af300000,0x000000c8af400000)]

Other Threads:
  0x0000025afac50000 VMThread "VM Thread" [stack: 0x000000c8a7000000,0x000000c8a7100000] [id=35604]
  0x0000025afb782800 WatcherThread [stack: 0x000000c8a7a00000,0x000000c8a7b00000] [id=11116]
  0x0000025ae07da800 GCTaskThread "GC Thread#0" [stack: 0x000000c8a6b00000,0x000000c8a6c00000] [id=19012]
  0x0000025afbc25800 GCTaskThread "GC Thread#1" [stack: 0x000000c8a7c00000,0x000000c8a7d00000] [id=30264]
  0x0000025afc4ed800 GCTaskThread "GC Thread#2" [stack: 0x000000c8a7d00000,0x000000c8a7e00000] [id=38424]
  0x0000025afe338800 GCTaskThread "GC Thread#3" [stack: 0x000000c8a7f00000,0x000000c8a8000000] [id=34568]
  0x0000025afd094800 GCTaskThread "GC Thread#4" [stack: 0x000000c8a8c00000,0x000000c8a8d00000] [id=34064]
  0x0000025afce6c000 GCTaskThread "GC Thread#5" [stack: 0x000000c8a8d00000,0x000000c8a8e00000] [id=35072]
  0x0000025afd746000 GCTaskThread "GC Thread#6" [stack: 0x000000c8a8e00000,0x000000c8a8f00000] [id=18444]
  0x0000025afd757000 GCTaskThread "GC Thread#7" [stack: 0x000000c8a8f00000,0x000000c8a9000000] [id=13120]
  0x0000025ae080a800 ConcurrentGCThread "G1 Main Marker" [stack: 0x000000c8a6c00000,0x000000c8a6d00000] [id=38624]
  0x0000025ae080b800 ConcurrentGCThread "G1 Conc#0" [stack: 0x000000c8a6d00000,0x000000c8a6e00000] [id=20260]
  0x0000025afdc03000 ConcurrentGCThread "G1 Conc#1" [stack: 0x000000c8a9000000,0x000000c8a9100000] [id=12788]
  0x0000025afaaa0800 ConcurrentGCThread "G1 Refine#0" [stack: 0x000000c8a6e00000,0x000000c8a6f00000] [id=16300]
  0x0000025afaaa1800 ConcurrentGCThread "G1 Young RemSet Sampling" [stack: 0x000000c8a6f00000,0x000000c8a7000000] [id=5560]

Threads with active compile tasks:
C2 CompilerThread0  16385 7776       4       jdk.internal.loader.URLClassPath$JarLoader$2::getInputStream (15 bytes)

VM state:not at safepoint (normal execution)

VM Mutex/Monitor currently owned by a thread: None

Heap address: 0x0000000080000000, size: 2048 MB, Compressed Oops mode: 32-bit
Narrow klass base: 0x0000000000000000, Narrow klass shift: 3
Compressed class space size: 1073741824 Address: 0x0000000100000000

Heap:
 garbage-first heap   total 157696K, used 80762K [0x0000000080000000, 0x0000000100000000)
  region size 1024K, 17 young (17408K), 6 survivors (6144K)
 Metaspace       used 80971K, capacity 82779K, committed 82984K, reserved 1122304K
  class space    used 10431K, capacity 11121K, committed 11244K, reserved 1048576K
Heap Regions: E=young(eden), S=young(survivor), O=old, HS=humongous(starts), HC=humongous(continues), CS=collection set, F=free, A=archive, TAMS=top-at-mark-start (previous, next)
|   0|0x0000000080000000, 0x0000000080100000, 0x0000000080100000|100%| O|  |TAMS 0x0000000080100000, 0x0000000080000000| Untracked 
|   1|0x0000000080100000, 0x0000000080200000, 0x0000000080200000|100%| O|  |TAMS 0x0000000080200000, 0x0000000080100000| Untracked 
|   2|0x0000000080200000, 0x0000000080300000, 0x0000000080300000|100%| O|  |TAMS 0x0000000080300000, 0x0000000080200000| Untracked 
|   3|0x0000000080300000, 0x0000000080400000, 0x0000000080400000|100%|HS|  |TAMS 0x0000000080400000, 0x0000000080300000| Complete 
|   4|0x0000000080400000, 0x0000000080500000, 0x0000000080500000|100%|HC|  |TAMS 0x0000000080500000, 0x0000000080400000| Complete 
|   5|0x0000000080500000, 0x0000000080600000, 0x0000000080600000|100%|HC|  |TAMS 0x0000000080600000, 0x0000000080500000| Complete 
|   6|0x0000000080600000, 0x0000000080700000, 0x0000000080700000|100%| O|  |TAMS 0x0000000080700000, 0x0000000080600000| Untracked 
|   7|0x0000000080700000, 0x0000000080800000, 0x0000000080800000|100%| O|  |TAMS 0x0000000080800000, 0x0000000080700000| Untracked 
|   8|0x0000000080800000, 0x0000000080900000, 0x0000000080900000|100%| O|  |TAMS 0x0000000080900000, 0x0000000080800000| Untracked 
|   9|0x0000000080900000, 0x0000000080a00000, 0x0000000080a00000|100%| O|  |TAMS 0x0000000080a00000, 0x0000000080900000| Untracked 
|  10|0x0000000080a00000, 0x0000000080b00000, 0x0000000080b00000|100%| O|  |TAMS 0x0000000080b00000, 0x0000000080a00000| Untracked 
|  11|0x0000000080b00000, 0x0000000080c00000, 0x0000000080c00000|100%| O|  |TAMS 0x0000000080c00000, 0x0000000080b00000| Untracked 
|  12|0x0000000080c00000, 0x0000000080d00000, 0x0000000080d00000|100%| O|  |TAMS 0x0000000080d00000, 0x0000000080c00000| Untracked 
|  13|0x0000000080d00000, 0x0000000080e00000, 0x0000000080e00000|100%| O|  |TAMS 0x0000000080e00000, 0x0000000080d00000| Untracked 
|  14|0x0000000080e00000, 0x0000000080f00000, 0x0000000080f00000|100%| O|  |TAMS 0x0000000080f00000, 0x0000000080e00000| Untracked 
|  15|0x0000000080f00000, 0x0000000081000000, 0x0000000081000000|100%| O|  |TAMS 0x0000000081000000, 0x0000000080f00000| Untracked 
|  16|0x0000000081000000, 0x0000000081100000, 0x0000000081100000|100%|HS|  |TAMS 0x0000000081100000, 0x0000000081000000| Complete 
|  17|0x0000000081100000, 0x0000000081200000, 0x0000000081200000|100%| O|  |TAMS 0x0000000081200000, 0x0000000081100000| Untracked 
|  18|0x0000000081200000, 0x0000000081300000, 0x0000000081300000|100%| O|  |TAMS 0x0000000081300000, 0x0000000081200000| Untracked 
|  19|0x0000000081300000, 0x0000000081400000, 0x0000000081400000|100%| O|  |TAMS 0x0000000081400000, 0x0000000081300000| Untracked 
|  20|0x0000000081400000, 0x0000000081500000, 0x0000000081500000|100%| O|  |TAMS 0x0000000081500000, 0x0000000081400000| Untracked 
|  21|0x0000000081500000, 0x0000000081600000, 0x0000000081600000|100%| O|  |TAMS 0x0000000081600000, 0x0000000081500000| Untracked 
|  22|0x0000000081600000, 0x0000000081700000, 0x0000000081700000|100%| O|  |TAMS 0x0000000081700000, 0x0000000081600000| Untracked 
|  23|0x0000000081700000, 0x0000000081800000, 0x0000000081800000|100%| O|  |TAMS 0x0000000081800000, 0x0000000081700000| Untracked 
|  24|0x0000000081800000, 0x0000000081900000, 0x0000000081900000|100%|HS|  |TAMS 0x0000000081900000, 0x0000000081800000| Complete 
|  25|0x0000000081900000, 0x0000000081a00000, 0x0000000081a00000|100%|HS|  |TAMS 0x0000000081a00000, 0x0000000081900000| Complete 
|  26|0x0000000081a00000, 0x0000000081b00000, 0x0000000081b00000|100%|HS|  |TAMS 0x0000000081b00000, 0x0000000081a00000| Complete 
|  27|0x0000000081b00000, 0x0000000081c00000, 0x0000000081c00000|100%|HC|  |TAMS 0x0000000081c00000, 0x0000000081b00000| Complete 
|  28|0x0000000081c00000, 0x0000000081d00000, 0x0000000081d00000|100%|HC|  |TAMS 0x0000000081d00000, 0x0000000081c00000| Complete 
|  29|0x0000000081d00000, 0x0000000081e00000, 0x0000000081e00000|100%| O|  |TAMS 0x0000000081e00000, 0x0000000081d00000| Untracked 
|  30|0x0000000081e00000, 0x0000000081f00000, 0x0000000081f00000|100%| O|  |TAMS 0x0000000081f00000, 0x0000000081e00000| Untracked 
|  31|0x0000000081f00000, 0x0000000082000000, 0x0000000082000000|100%| O|  |TAMS 0x0000000082000000, 0x0000000081f00000| Untracked 
|  32|0x0000000082000000, 0x0000000082100000, 0x0000000082100000|100%| O|  |TAMS 0x0000000082100000, 0x0000000082000000| Untracked 
|  33|0x0000000082100000, 0x0000000082200000, 0x0000000082200000|100%| O|  |TAMS 0x0000000082200000, 0x0000000082100000| Untracked 
|  34|0x0000000082200000, 0x0000000082300000, 0x0000000082300000|100%|HS|  |TAMS 0x0000000082300000, 0x0000000082200000| Complete 
|  35|0x0000000082300000, 0x0000000082400000, 0x0000000082400000|100%|HC|  |TAMS 0x0000000082400000, 0x0000000082300000| Complete 
|  36|0x0000000082400000, 0x0000000082500000, 0x0000000082500000|100%| O|  |TAMS 0x0000000082500000, 0x0000000082400000| Untracked 
|  37|0x0000000082500000, 0x0000000082600000, 0x0000000082600000|100%| O|  |TAMS 0x0000000082600000, 0x0000000082500000| Untracked 
|  38|0x0000000082600000, 0x0000000082700000, 0x0000000082700000|100%| O|  |TAMS 0x0000000082700000, 0x0000000082600000| Untracked 
|  39|0x0000000082700000, 0x0000000082800000, 0x0000000082800000|100%| O|  |TAMS 0x0000000082800000, 0x0000000082700000| Untracked 
|  40|0x0000000082800000, 0x0000000082900000, 0x0000000082900000|100%| O|  |TAMS 0x0000000082900000, 0x0000000082800000| Untracked 
|  41|0x0000000082900000, 0x0000000082a00000, 0x0000000082a00000|100%| O|  |TAMS 0x0000000082a00000, 0x0000000082900000| Untracked 
|  42|0x0000000082a00000, 0x0000000082b00000, 0x0000000082b00000|100%| O|  |TAMS 0x0000000082b00000, 0x0000000082a00000| Untracked 
|  43|0x0000000082b00000, 0x0000000082c00000, 0x0000000082c00000|100%| O|  |TAMS 0x0000000082c00000, 0x0000000082b00000| Untracked 
|  44|0x0000000082c00000, 0x0000000082d00000, 0x0000000082d00000|100%| O|  |TAMS 0x0000000082d00000, 0x0000000082c00000| Untracked 
|  45|0x0000000082d00000, 0x0000000082e00000, 0x0000000082e00000|100%| O|  |TAMS 0x0000000082e00000, 0x0000000082d00000| Untracked 
|  46|0x0000000082e00000, 0x0000000082f00000, 0x0000000082f00000|100%| O|  |TAMS 0x0000000082f00000, 0x0000000082e00000| Untracked 
|  47|0x0000000082f00000, 0x0000000083000000, 0x0000000083000000|100%| O|  |TAMS 0x0000000082f68c00, 0x0000000082f00000| Untracked 
|  48|0x0000000083000000, 0x0000000083100000, 0x0000000083100000|100%| O|  |TAMS 0x0000000083000000, 0x0000000083000000| Untracked 
|  49|0x0000000083100000, 0x0000000083200000, 0x0000000083200000|100%| O|  |TAMS 0x0000000083100000, 0x0000000083100000| Untracked 
|  50|0x0000000083200000, 0x0000000083300000, 0x0000000083300000|100%| O|  |TAMS 0x0000000083200000, 0x0000000083200000| Untracked 
|  51|0x0000000083300000, 0x0000000083400000, 0x0000000083400000|100%| O|  |TAMS 0x0000000083300000, 0x0000000083300000| Untracked 
|  52|0x0000000083400000, 0x0000000083500000, 0x0000000083500000|100%| O|  |TAMS 0x0000000083400000, 0x0000000083400000| Untracked 
|  53|0x0000000083500000, 0x0000000083600000, 0x0000000083600000|100%| O|  |TAMS 0x0000000083500000, 0x0000000083500000| Untracked 
|  54|0x0000000083600000, 0x0000000083700000, 0x0000000083700000|100%| O|  |TAMS 0x0000000083600000, 0x0000000083600000| Untracked 
|  55|0x0000000083700000, 0x0000000083800000, 0x0000000083800000|100%| O|  |TAMS 0x0000000083700000, 0x0000000083700000| Untracked 
|  56|0x0000000083800000, 0x0000000083900000, 0x0000000083900000|100%| O|  |TAMS 0x0000000083800000, 0x0000000083800000| Untracked 
|  57|0x0000000083900000, 0x0000000083a00000, 0x0000000083a00000|100%| O|  |TAMS 0x0000000083900000, 0x0000000083900000| Untracked 
|  58|0x0000000083a00000, 0x0000000083b00000, 0x0000000083b00000|100%| O|  |TAMS 0x0000000083a00000, 0x0000000083a00000| Untracked 
|  59|0x0000000083b00000, 0x0000000083c00000, 0x0000000083c00000|100%| O|  |TAMS 0x0000000083b00000, 0x0000000083b00000| Untracked 
|  60|0x0000000083c00000, 0x0000000083d00000, 0x0000000083d00000|100%| O|  |TAMS 0x0000000083c00000, 0x0000000083c00000| Untracked 
|  61|0x0000000083d00000, 0x0000000083e00000, 0x0000000083e00000|100%| O|  |TAMS 0x0000000083d00000, 0x0000000083d00000| Untracked 
|  62|0x0000000083e00000, 0x0000000083f00000, 0x0000000083f00000|100%| O|  |TAMS 0x0000000083e00000, 0x0000000083e00000| Untracked 
|  63|0x0000000083f00000, 0x0000000083f38a00, 0x0000000084000000| 22%| O|  |TAMS 0x0000000083f00000, 0x0000000083f00000| Untracked 
|  64|0x0000000084000000, 0x0000000084000000, 0x0000000084100000|  0%| F|  |TAMS 0x0000000084000000, 0x0000000084000000| Untracked 
|  65|0x0000000084100000, 0x0000000084100000, 0x0000000084200000|  0%| F|  |TAMS 0x0000000084100000, 0x0000000084100000| Untracked 
|  66|0x0000000084200000, 0x0000000084200000, 0x0000000084300000|  0%| F|  |TAMS 0x0000000084200000, 0x0000000084200000| Untracked 
|  67|0x0000000084300000, 0x0000000084300000, 0x0000000084400000|  0%| F|  |TAMS 0x0000000084300000, 0x0000000084300000| Untracked 
|  68|0x0000000084400000, 0x0000000084400000, 0x0000000084500000|  0%| F|  |TAMS 0x0000000084400000, 0x0000000084400000| Untracked 
|  69|0x0000000084500000, 0x0000000084500000, 0x0000000084600000|  0%| F|  |TAMS 0x0000000084500000, 0x0000000084500000| Untracked 
|  70|0x0000000084600000, 0x0000000084600000, 0x0000000084700000|  0%| F|  |TAMS 0x0000000084600000, 0x0000000084600000| Untracked 
|  71|0x0000000084700000, 0x0000000084700000, 0x0000000084800000|  0%| F|  |TAMS 0x0000000084700000, 0x0000000084700000| Untracked 
|  72|0x0000000084800000, 0x0000000084800000, 0x0000000084900000|  0%| F|  |TAMS 0x0000000084800000, 0x0000000084800000| Untracked 
|  73|0x0000000084900000, 0x0000000084900000, 0x0000000084a00000|  0%| F|  |TAMS 0x0000000084900000, 0x0000000084900000| Untracked 
|  74|0x0000000084a00000, 0x0000000084a00000, 0x0000000084b00000|  0%| F|  |TAMS 0x0000000084a00000, 0x0000000084a00000| Untracked 
|  75|0x0000000084b00000, 0x0000000084b00000, 0x0000000084c00000|  0%| F|  |TAMS 0x0000000084b00000, 0x0000000084b00000| Untracked 
|  76|0x0000000084c00000, 0x0000000084c00000, 0x0000000084d00000|  0%| F|  |TAMS 0x0000000084c00000, 0x0000000084c00000| Untracked 
|  77|0x0000000084d00000, 0x0000000084d00000, 0x0000000084e00000|  0%| F|  |TAMS 0x0000000084d00000, 0x0000000084d00000| Untracked 
|  78|0x0000000084e00000, 0x0000000084e00000, 0x0000000084f00000|  0%| F|  |TAMS 0x0000000084e00000, 0x0000000084e00000| Untracked 
|  79|0x0000000084f00000, 0x0000000084f00000, 0x0000000085000000|  0%| F|  |TAMS 0x0000000084f00000, 0x0000000084f00000| Untracked 
|  80|0x0000000085000000, 0x0000000085000000, 0x0000000085100000|  0%| F|  |TAMS 0x0000000085000000, 0x0000000085000000| Untracked 
|  81|0x0000000085100000, 0x0000000085100000, 0x0000000085200000|  0%| F|  |TAMS 0x0000000085100000, 0x0000000085100000| Untracked 
|  82|0x0000000085200000, 0x0000000085200000, 0x0000000085300000|  0%| F|  |TAMS 0x0000000085200000, 0x0000000085200000| Untracked 
|  83|0x0000000085300000, 0x0000000085300000, 0x0000000085400000|  0%| F|  |TAMS 0x0000000085300000, 0x0000000085300000| Untracked 
|  84|0x0000000085400000, 0x0000000085400000, 0x0000000085500000|  0%| F|  |TAMS 0x0000000085400000, 0x0000000085400000| Untracked 
|  85|0x0000000085500000, 0x0000000085500000, 0x0000000085600000|  0%| F|  |TAMS 0x0000000085500000, 0x0000000085500000| Untracked 
|  86|0x0000000085600000, 0x0000000085600000, 0x0000000085700000|  0%| F|  |TAMS 0x0000000085600000, 0x0000000085600000| Untracked 
|  87|0x0000000085700000, 0x0000000085700000, 0x0000000085800000|  0%| F|  |TAMS 0x0000000085700000, 0x0000000085700000| Untracked 
|  88|0x0000000085800000, 0x0000000085800000, 0x0000000085900000|  0%| F|  |TAMS 0x0000000085800000, 0x0000000085800000| Untracked 
|  89|0x0000000085900000, 0x0000000085900000, 0x0000000085a00000|  0%| F|  |TAMS 0x0000000085900000, 0x0000000085900000| Untracked 
|  90|0x0000000085a00000, 0x0000000085a00000, 0x0000000085b00000|  0%| F|  |TAMS 0x0000000085a00000, 0x0000000085a00000| Untracked 
|  91|0x0000000085b00000, 0x0000000085b00000, 0x0000000085c00000|  0%| F|  |TAMS 0x0000000085b00000, 0x0000000085b00000| Untracked 
|  92|0x0000000085c00000, 0x0000000085c00000, 0x0000000085d00000|  0%| F|  |TAMS 0x0000000085c00000, 0x0000000085c00000| Untracked 
|  93|0x0000000085d00000, 0x0000000085da5ec0, 0x0000000085e00000| 64%| S|CS|TAMS 0x0000000085d00000, 0x0000000085d00000| Complete 
|  94|0x0000000085e00000, 0x0000000085f00000, 0x0000000085f00000|100%| S|CS|TAMS 0x0000000085e00000, 0x0000000085e00000| Complete 
|  95|0x0000000085f00000, 0x0000000086000000, 0x0000000086000000|100%| S|CS|TAMS 0x0000000085f00000, 0x0000000085f00000| Complete 
|  96|0x0000000086000000, 0x0000000086100000, 0x0000000086100000|100%| S|CS|TAMS 0x0000000086000000, 0x0000000086000000| Complete 
|  97|0x0000000086100000, 0x0000000086200000, 0x0000000086200000|100%| S|CS|TAMS 0x0000000086100000, 0x0000000086100000| Complete 
|  98|0x0000000086200000, 0x0000000086300000, 0x0000000086300000|100%| S|CS|TAMS 0x0000000086200000, 0x0000000086200000| Complete 
|  99|0x0000000086300000, 0x0000000086300000, 0x0000000086400000|  0%| F|  |TAMS 0x0000000086300000, 0x0000000086300000| Untracked 
| 100|0x0000000086400000, 0x0000000086400000, 0x0000000086500000|  0%| F|  |TAMS 0x0000000086400000, 0x0000000086400000| Untracked 
| 101|0x0000000086500000, 0x0000000086500000, 0x0000000086600000|  0%| F|  |TAMS 0x0000000086500000, 0x0000000086500000| Untracked 
| 102|0x0000000086600000, 0x0000000086600000, 0x0000000086700000|  0%| F|  |TAMS 0x0000000086600000, 0x0000000086600000| Untracked 
| 103|0x0000000086700000, 0x0000000086700000, 0x0000000086800000|  0%| F|  |TAMS 0x0000000086700000, 0x0000000086700000| Untracked 
| 104|0x0000000086800000, 0x0000000086800000, 0x0000000086900000|  0%| F|  |TAMS 0x0000000086800000, 0x0000000086800000| Untracked 
| 105|0x0000000086900000, 0x0000000086900000, 0x0000000086a00000|  0%| F|  |TAMS 0x0000000086900000, 0x0000000086900000| Untracked 
| 106|0x0000000086a00000, 0x0000000086a00000, 0x0000000086b00000|  0%| F|  |TAMS 0x0000000086a00000, 0x0000000086a00000| Untracked 
| 107|0x0000000086b00000, 0x0000000086b00000, 0x0000000086c00000|  0%| F|  |TAMS 0x0000000086b00000, 0x0000000086b00000| Untracked 
| 108|0x0000000086c00000, 0x0000000086c00000, 0x0000000086d00000|  0%| F|  |TAMS 0x0000000086c00000, 0x0000000086c00000| Untracked 
| 109|0x0000000086d00000, 0x0000000086d00000, 0x0000000086e00000|  0%| F|  |TAMS 0x0000000086d00000, 0x0000000086d00000| Untracked 
| 110|0x0000000086e00000, 0x0000000086e00000, 0x0000000086f00000|  0%| F|  |TAMS 0x0000000086e00000, 0x0000000086e00000| Untracked 
| 111|0x0000000086f00000, 0x0000000086f00000, 0x0000000087000000|  0%| F|  |TAMS 0x0000000086f00000, 0x0000000086f00000| Untracked 
| 112|0x0000000087000000, 0x0000000087000000, 0x0000000087100000|  0%| F|  |TAMS 0x0000000087000000, 0x0000000087000000| Untracked 
| 113|0x0000000087100000, 0x0000000087100000, 0x0000000087200000|  0%| F|  |TAMS 0x0000000087100000, 0x0000000087100000| Untracked 
| 114|0x0000000087200000, 0x0000000087200000, 0x0000000087300000|  0%| F|  |TAMS 0x0000000087200000, 0x0000000087200000| Untracked 
| 115|0x0000000087300000, 0x0000000087300000, 0x0000000087400000|  0%| F|  |TAMS 0x0000000087300000, 0x0000000087300000| Untracked 
| 116|0x0000000087400000, 0x0000000087400000, 0x0000000087500000|  0%| F|  |TAMS 0x0000000087400000, 0x0000000087400000| Untracked 
| 117|0x0000000087500000, 0x0000000087500000, 0x0000000087600000|  0%| F|  |TAMS 0x0000000087500000, 0x0000000087500000| Untracked 
| 118|0x0000000087600000, 0x0000000087600000, 0x0000000087700000|  0%| F|  |TAMS 0x0000000087600000, 0x0000000087600000| Untracked 
| 119|0x0000000087700000, 0x0000000087700000, 0x0000000087800000|  0%| F|  |TAMS 0x0000000087700000, 0x0000000087700000| Untracked 
| 120|0x0000000087800000, 0x0000000087800000, 0x0000000087900000|  0%| F|  |TAMS 0x0000000087800000, 0x0000000087800000| Untracked 
| 121|0x0000000087900000, 0x0000000087900000, 0x0000000087a00000|  0%| F|  |TAMS 0x0000000087900000, 0x0000000087900000| Untracked 
| 122|0x0000000087a00000, 0x0000000087a00000, 0x0000000087b00000|  0%| F|  |TAMS 0x0000000087a00000, 0x0000000087a00000| Untracked 
| 123|0x0000000087b00000, 0x0000000087b00000, 0x0000000087c00000|  0%| F|  |TAMS 0x0000000087b00000, 0x0000000087b00000| Untracked 
| 124|0x0000000087c00000, 0x0000000087c00000, 0x0000000087d00000|  0%| F|  |TAMS 0x0000000087c00000, 0x0000000087c00000| Untracked 
| 125|0x0000000087d00000, 0x0000000087d00000, 0x0000000087e00000|  0%| F|  |TAMS 0x0000000087d00000, 0x0000000087d00000| Untracked 
| 126|0x0000000087e00000, 0x0000000087e00000, 0x0000000087f00000|  0%| F|  |TAMS 0x0000000087e00000, 0x0000000087e00000| Untracked 
| 127|0x0000000087f00000, 0x0000000087f00000, 0x0000000088000000|  0%| F|  |TAMS 0x0000000087f00000, 0x0000000087f00000| Untracked 
| 128|0x0000000088000000, 0x0000000088000000, 0x0000000088100000|  0%| F|  |TAMS 0x0000000088000000, 0x0000000088000000| Untracked 
| 129|0x0000000088100000, 0x0000000088100000, 0x0000000088200000|  0%| F|  |TAMS 0x0000000088100000, 0x0000000088100000| Untracked 
| 130|0x0000000088200000, 0x0000000088200000, 0x0000000088300000|  0%| F|  |TAMS 0x0000000088200000, 0x0000000088200000| Untracked 
| 131|0x0000000088300000, 0x0000000088300000, 0x0000000088400000|  0%| F|  |TAMS 0x0000000088300000, 0x0000000088300000| Untracked 
| 132|0x0000000088400000, 0x0000000088400000, 0x0000000088500000|  0%| F|  |TAMS 0x0000000088400000, 0x0000000088400000| Untracked 
| 133|0x0000000088500000, 0x0000000088500000, 0x0000000088600000|  0%| F|  |TAMS 0x0000000088500000, 0x0000000088500000| Untracked 
| 134|0x0000000088600000, 0x0000000088600000, 0x0000000088700000|  0%| F|  |TAMS 0x0000000088600000, 0x0000000088600000| Untracked 
| 135|0x0000000088700000, 0x0000000088700000, 0x0000000088800000|  0%| F|  |TAMS 0x0000000088700000, 0x0000000088700000| Untracked 
| 136|0x0000000088800000, 0x0000000088800000, 0x0000000088900000|  0%| F|  |TAMS 0x0000000088800000, 0x0000000088800000| Untracked 
| 137|0x0000000088900000, 0x0000000088900000, 0x0000000088a00000|  0%| F|  |TAMS 0x0000000088900000, 0x0000000088900000| Untracked 
| 138|0x0000000088a00000, 0x0000000088a00000, 0x0000000088b00000|  0%| F|  |TAMS 0x0000000088a00000, 0x0000000088a00000| Untracked 
| 139|0x0000000088b00000, 0x0000000088b00000, 0x0000000088c00000|  0%| F|  |TAMS 0x0000000088b00000, 0x0000000088b00000| Untracked 
| 140|0x0000000088c00000, 0x0000000088c00000, 0x0000000088d00000|  0%| F|  |TAMS 0x0000000088c00000, 0x0000000088c00000| Untracked 
| 141|0x0000000088d00000, 0x0000000088d00000, 0x0000000088e00000|  0%| F|  |TAMS 0x0000000088d00000, 0x0000000088d00000| Untracked 
| 142|0x0000000088e00000, 0x0000000088e00000, 0x0000000088f00000|  0%| F|  |TAMS 0x0000000088e00000, 0x0000000088e00000| Untracked 
| 143|0x0000000088f00000, 0x0000000088f80800, 0x0000000089000000| 50%| E|  |TAMS 0x0000000088f00000, 0x0000000088f00000| Complete 
| 144|0x0000000089000000, 0x0000000089100000, 0x0000000089100000|100%| E|CS|TAMS 0x0000000089000000, 0x0000000089000000| Complete 
| 145|0x0000000089100000, 0x0000000089200000, 0x0000000089200000|100%| E|CS|TAMS 0x0000000089100000, 0x0000000089100000| Complete 
| 146|0x0000000089200000, 0x0000000089300000, 0x0000000089300000|100%| E|CS|TAMS 0x0000000089200000, 0x0000000089200000| Complete 
| 147|0x0000000089300000, 0x0000000089400000, 0x0000000089400000|100%| E|CS|TAMS 0x0000000089300000, 0x0000000089300000| Complete 
| 148|0x0000000089400000, 0x0000000089500000, 0x0000000089500000|100%| E|CS|TAMS 0x0000000089400000, 0x0000000089400000| Complete 
| 149|0x0000000089500000, 0x0000000089600000, 0x0000000089600000|100%| E|CS|TAMS 0x0000000089500000, 0x0000000089500000| Complete 
| 150|0x0000000089600000, 0x0000000089700000, 0x0000000089700000|100%| E|CS|TAMS 0x0000000089600000, 0x0000000089600000| Complete 
| 151|0x0000000089700000, 0x0000000089800000, 0x0000000089800000|100%| E|CS|TAMS 0x0000000089700000, 0x0000000089700000| Complete 
| 152|0x0000000089800000, 0x0000000089900000, 0x0000000089900000|100%| E|CS|TAMS 0x0000000089800000, 0x0000000089800000| Complete 
| 153|0x0000000089900000, 0x0000000089a00000, 0x0000000089a00000|100%| E|CS|TAMS 0x0000000089900000, 0x0000000089900000| Complete 

Card table byte_map: [0x0000025af3a10000,0x0000025af3e10000] _byte_map_base: 0x0000025af3610000

Marking Bits (Prev, Next): (CMBitMap*) 0x0000025ae08018f0, (CMBitMap*) 0x0000025ae08018b8
 Prev Bits: [0x0000025af6210000, 0x0000025af8210000)
 Next Bits: [0x0000025af4210000, 0x0000025af6210000)

Polling page: 0x0000025adffa0000

Metaspace:

Usage:
  Non-class:     69.98 MB capacity,    68.91 MB ( 98%) used,   901.89 KB (  1%) free+waste,   197.88 KB ( <1%) overhead. 
      Class:     10.89 MB capacity,    10.19 MB ( 94%) used,   627.67 KB (  6%) free+waste,    90.69 KB ( <1%) overhead. 
       Both:     80.88 MB capacity,    79.10 MB ( 98%) used,     1.49 MB (  2%) free+waste,   288.56 KB ( <1%) overhead. 

Virtual space:
  Non-class space:       72.00 MB reserved,      70.06 MB ( 97%) committed 
      Class space:        1.00 GB reserved,      10.98 MB (  1%) committed 
             Both:        1.07 GB reserved,      81.04 MB (  7%) committed 

Chunk freelists:
   Non-Class:  14.00 KB
       Class:  13.00 KB
        Both:  27.00 KB

MaxMetaspaceSize: 17179869184.00 GB
CompressedClassSpaceSize: 1.00 GB
Initial GC threshold: 20.80 MB
Current GC threshold: 99.02 MB
CDS: off

CodeHeap 'non-profiled nmethods': size=120000Kb used=3860Kb max_used=3860Kb free=116139Kb
 bounds [0x0000025aebdb0000, 0x0000025aec180000, 0x0000025af32e0000]
CodeHeap 'profiled nmethods': size=120000Kb used=15891Kb max_used=15891Kb free=104109Kb
 bounds [0x0000025ae4880000, 0x0000025ae5810000, 0x0000025aebdb0000]
CodeHeap 'non-nmethods': size=5760Kb used=2352Kb max_used=2394Kb free=3408Kb
 bounds [0x0000025ae42e0000, 0x0000025ae4550000, 0x0000025ae4880000]
 total_blobs=8540 nmethods=7668 adapters=784
 compilation: enabled
              stopped_count=0, restarted_count=0
 full_count=0

Compilation events (20 events):
Event: 16.187 Thread 0x0000025afac7c000 7796       3       sun.nio.fs.WindowsPathParser::normalize (233 bytes)
Event: 16.192 Thread 0x0000025afac7c000 nmethod 7796 0x0000025ae57f2d90 code [0x0000025ae57f3400, 0x0000025ae57f6908]
Event: 16.196 Thread 0x0000025afac7c000 7798       3       jdk.internal.module.Resources::toPackageName (39 bytes)
Event: 16.197 Thread 0x0000025afac7c000 nmethod 7798 0x0000025ae57f7c90 code [0x0000025ae57f7ec0, 0x0000025ae57f8538]
Event: 16.197 Thread 0x0000025afac7c000 7799   !   3       jdk.internal.loader.BuiltinClassLoader::findMiscResource (118 bytes)
Event: 16.198 Thread 0x0000025afac7c000 nmethod 7799 0x0000025ae57f8790 code [0x0000025ae57f8a40, 0x0000025ae57f9b78]
Event: 16.199 Thread 0x0000025afac7c000 7800       3       java.lang.ModuleLayer::boot (4 bytes)
Event: 16.199 Thread 0x0000025afac7c000 nmethod 7800 0x0000025ae57fa010 code [0x0000025ae57fa1c0, 0x0000025ae57fa2b8]
Event: 16.203 Thread 0x0000025afac7c000 7801       3       java.util.jar.JarFile$JarFileEntry::getRealName (5 bytes)
Event: 16.203 Thread 0x0000025afac7c000 nmethod 7801 0x0000025ae57fa310 code [0x0000025ae57fa4c0, 0x0000025ae57fa5d8]
Event: 16.265 Thread 0x0000025afac7c000 7802       3       java.lang.StackTraceElement::<init> (10 bytes)
Event: 16.265 Thread 0x0000025afac7c000 nmethod 7802 0x0000025ae57fa690 code [0x0000025ae57fa840, 0x0000025ae57fa998]
Event: 16.265 Thread 0x0000025afac7c000 7803  s!   3       java.lang.StackTraceElement::computeFormat (71 bytes)
Event: 16.266 Thread 0x0000025afac7c000 nmethod 7803 0x0000025ae57faa90 code [0x0000025ae57facc0, 0x0000025ae57fb5f8]
Event: 16.266 Thread 0x0000025afac7c000 7805       3       java.lang.Module::getLayer (43 bytes)
Event: 16.266 Thread 0x0000025afac7c000 nmethod 7805 0x0000025ae57fb890 code [0x0000025ae57fba80, 0x0000025ae57fbe08]
Event: 16.266 Thread 0x0000025afac7c000 7804       3       java.lang.StackTraceElement::isHashedInJavaBase (31 bytes)
Event: 16.267 Thread 0x0000025afac7c000 nmethod 7804 0x0000025ae57fbf10 code [0x0000025ae57fc120, 0x0000025ae57fc5f8]
Event: 16.322 Thread 0x0000025afac7c000 7806       3       java.lang.reflect.ProxyGenerator::addProxyMethod (233 bytes)
Event: 16.325 Thread 0x0000025afac7c000 nmethod 7806 0x0000025ae57fc790 code [0x0000025ae57fcb60, 0x0000025ae57fe788]

GC Heap History (20 events):
Event: 6.895 GC heap before
{Heap before GC invocations=8 (full 0):
 garbage-first heap   total 131072K, used 89852K [0x0000000080000000, 0x0000000100000000)
  region size 1024K, 71 young (72704K), 8 survivors (8192K)
 Metaspace       used 40006K, capacity 40965K, committed 41296K, reserved 1085440K
  class space    used 5061K, capacity 5409K, committed 5536K, reserved 1048576K
}
Event: 6.907 GC heap after
{Heap after GC invocations=9 (full 0):
 garbage-first heap   total 131072K, used 28363K [0x0000000080000000, 0x0000000100000000)
  region size 1024K, 9 young (9216K), 9 survivors (9216K)
 Metaspace       used 40006K, capacity 40965K, committed 41296K, reserved 1085440K
  class space    used 5061K, capacity 5409K, committed 5536K, reserved 1048576K
}
Event: 7.761 GC heap before
{Heap before GC invocations=9 (full 0):
 garbage-first heap   total 131072K, used 95947K [0x0000000080000000, 0x0000000100000000)
  region size 1024K, 74 young (75776K), 9 survivors (9216K)
 Metaspace       used 45739K, capacity 46789K, committed 46928K, reserved 1089536K
  class space    used 5806K, capacity 6213K, committed 6304K, reserved 1048576K
}
Event: 7.770 GC heap after
{Heap after GC invocations=10 (full 0):
 garbage-first heap   total 157696K, used 31453K [0x0000000080000000, 0x0000000100000000)
  region size 1024K, 9 young (9216K), 9 survivors (9216K)
 Metaspace       used 45739K, capacity 46789K, committed 46928K, reserved 1089536K
  class space    used 5806K, capacity 6213K, committed 6304K, reserved 1048576K
}
Event: 11.158 GC heap before
{Heap before GC invocations=10 (full 0):
 garbage-first heap   total 157696K, used 121565K [0x0000000080000000, 0x0000000100000000)
  region size 1024K, 92 young (94208K), 9 survivors (9216K)
 Metaspace       used 49224K, capacity 50584K, committed 50768K, reserved 1093632K
  class space    used 6221K, capacity 6747K, committed 6816K, reserved 1048576K
}
Event: 11.168 GC heap after
{Heap after GC invocations=11 (full 0):
 garbage-first heap   total 157696K, used 46320K [0x0000000080000000, 0x0000000100000000)
  region size 1024K, 12 young (12288K), 12 survivors (12288K)
 Metaspace       used 49224K, capacity 50584K, committed 50768K, reserved 1093632K
  class space    used 6221K, capacity 6747K, committed 6816K, reserved 1048576K
}
Event: 12.438 GC heap before
{Heap before GC invocations=11 (full 0):
 garbage-first heap   total 157696K, used 121072K [0x0000000080000000, 0x0000000100000000)
  region size 1024K, 83 young (84992K), 12 survivors (12288K)
 Metaspace       used 58065K, capacity 59571K, committed 59856K, reserved 1101824K
  class space    used 7261K, capacity 7852K, committed 7968K, reserved 1048576K
}
Event: 12.448 GC heap after
{Heap after GC invocations=12 (full 0):
 garbage-first heap   total 157696K, used 53667K [0x0000000080000000, 0x0000000100000000)
  region size 1024K, 5 young (5120K), 5 survivors (5120K)
 Metaspace       used 58065K, capacity 59571K, committed 59856K, reserved 1101824K
  class space    used 7261K, capacity 7852K, committed 7968K, reserved 1048576K
}
Event: 12.547 GC heap before
{Heap before GC invocations=12 (full 0):
 garbage-first heap   total 157696K, used 58787K [0x0000000080000000, 0x0000000100000000)
  region size 1024K, 11 young (11264K), 5 survivors (5120K)
 Metaspace       used 58870K, capacity 60402K, committed 60508K, reserved 1101824K
  class space    used 7355K, capacity 7932K, committed 7968K, reserved 1048576K
}
Event: 12.555 GC heap after
{Heap after GC invocations=13 (full 0):
 garbage-first heap   total 157696K, used 53667K [0x0000000080000000, 0x0000000100000000)
  region size 1024K, 5 young (5120K), 5 survivors (5120K)
 Metaspace       used 58870K, capacity 60402K, committed 60508K, reserved 1101824K
  class space    used 7355K, capacity 7932K, committed 7968K, reserved 1048576K
}
Event: 13.351 GC heap before
{Heap before GC invocations=14 (full 0):
 garbage-first heap   total 157696K, used 105891K [0x0000000080000000, 0x0000000100000000)
  region size 1024K, 57 young (58368K), 5 survivors (5120K)
 Metaspace       used 64611K, capacity 66176K, committed 66472K, reserved 1107968K
  class space    used 8071K, capacity 8703K, committed 8812K, reserved 1048576K
}
Event: 13.358 GC heap after
{Heap after GC invocations=15 (full 0):
 garbage-first heap   total 157696K, used 58113K [0x0000000080000000, 0x0000000100000000)
  region size 1024K, 5 young (5120K), 5 survivors (5120K)
 Metaspace       used 64611K, capacity 66176K, committed 66472K, reserved 1107968K
  class space    used 8071K, capacity 8703K, committed 8812K, reserved 1048576K
}
Event: 14.111 GC heap before
{Heap before GC invocations=15 (full 0):
 garbage-first heap   total 157696K, used 111361K [0x0000000080000000, 0x0000000100000000)
  region size 1024K, 57 young (58368K), 5 survivors (5120K)
 Metaspace       used 69038K, capacity 70642K, committed 70824K, reserved 1112064K
  class space    used 8635K, capacity 9262K, committed 9324K, reserved 1048576K
}
Event: 14.119 GC heap after
{Heap after GC invocations=16 (full 0):
 garbage-first heap   total 157696K, used 60818K [0x0000000080000000, 0x0000000100000000)
  region size 1024K, 3 young (3072K), 3 survivors (3072K)
 Metaspace       used 69038K, capacity 70642K, committed 70824K, reserved 1112064K
  class space    used 8635K, capacity 9262K, committed 9324K, reserved 1048576K
}
Event: 14.617 GC heap before
{Heap before GC invocations=16 (full 0):
 garbage-first heap   total 157696K, used 115090K [0x0000000080000000, 0x0000000100000000)
  region size 1024K, 56 young (57344K), 3 survivors (3072K)
 Metaspace       used 69793K, capacity 71473K, committed 71720K, reserved 1112064K
  class space    used 8726K, capacity 9368K, committed 9452K, reserved 1048576K
}
Event: 14.625 GC heap after
{Heap after GC invocations=17 (full 0):
 garbage-first heap   total 157696K, used 64999K [0x0000000080000000, 0x0000000100000000)
  region size 1024K, 7 young (7168K), 7 survivors (7168K)
 Metaspace       used 69793K, capacity 71473K, committed 71720K, reserved 1112064K
  class space    used 8726K, capacity 9368K, committed 9452K, reserved 1048576K
}
Event: 15.457 GC heap before
{Heap before GC invocations=17 (full 0):
 garbage-first heap   total 157696K, used 118247K [0x0000000080000000, 0x0000000100000000)
  region size 1024K, 59 young (60416K), 7 survivors (7168K)
 Metaspace       used 75359K, capacity 77005K, committed 77224K, reserved 1116160K
  class space    used 9616K, capacity 10284K, committed 10348K, reserved 1048576K
}
Event: 15.465 GC heap after
{Heap after GC invocations=18 (full 0):
 garbage-first heap   total 157696K, used 67652K [0x0000000080000000, 0x0000000100000000)
  region size 1024K, 3 young (3072K), 3 survivors (3072K)
 Metaspace       used 75359K, capacity 77005K, committed 77224K, reserved 1116160K
  class space    used 9616K, capacity 10284K, committed 10348K, reserved 1048576K
}
Event: 16.215 GC heap before
{Heap before GC invocations=18 (full 0):
 garbage-first heap   total 157696K, used 120900K [0x0000000080000000, 0x0000000100000000)
  region size 1024K, 55 young (56320K), 3 survivors (3072K)
 Metaspace       used 79912K, capacity 81723K, committed 81960K, reserved 1120256K
  class space    used 10243K, capacity 10961K, committed 10988K, reserved 1048576K
}
Event: 16.222 GC heap after
{Heap after GC invocations=19 (full 0):
 garbage-first heap   total 157696K, used 70522K [0x0000000080000000, 0x0000000100000000)
  region size 1024K, 6 young (6144K), 6 survivors (6144K)
 Metaspace       used 79912K, capacity 81723K, committed 81960K, reserved 1120256K
  class space    used 10243K, capacity 10961K, committed 10988K, reserved 1048576K
}

Deoptimization events (20 events):
Event: 15.819 Thread 0x0000025afcba2000 Uncommon trap: trap_request=0xffffff4d fr.pc=0x0000025aebfd1cf4 relative=0x00000000000001b4
Event: 15.819 Thread 0x0000025afcba2000 Uncommon trap: reason=unstable_if action=reinterpret pc=0x0000025aebfd1cf4 method=com.esotericsoftware.kryo.io.Input.require(I)I @ 65 c2
Event: 15.819 Thread 0x0000025afcba2000 DEOPT PACKING pc=0x0000025aebfd1cf4 sp=0x000000c8a84f8850
Event: 15.819 Thread 0x0000025afcba2000 DEOPT UNPACKING pc=0x0000025ae432a1af sp=0x000000c8a84f8810 mode 2
Event: 15.975 Thread 0x0000025afcba2000 Uncommon trap: trap_request=0xffffff4d fr.pc=0x0000025aebe257ec relative=0x00000000000009ec
Event: 15.975 Thread 0x0000025afcba2000 Uncommon trap: reason=unstable_if action=reinterpret pc=0x0000025aebe257ec method=java.util.HashMap.resize()[Ljava/util/HashMap$Node; @ 203 c2
Event: 15.975 Thread 0x0000025afcba2000 DEOPT PACKING pc=0x0000025aebe257ec sp=0x000000c8a84f8840
Event: 15.975 Thread 0x0000025afcba2000 DEOPT UNPACKING pc=0x0000025ae432a1af sp=0x000000c8a84f87f0 mode 2
Event: 15.975 Thread 0x0000025afcba2000 Uncommon trap: trap_request=0xffffff4d fr.pc=0x0000025aebfb156c relative=0x00000000000001ac
Event: 15.975 Thread 0x0000025afcba2000 Uncommon trap: reason=unstable_if action=reinterpret pc=0x0000025aebfb156c method=java.util.HashMap.getNode(ILjava/lang/Object;)Ljava/util/HashMap$Node; @ 84 c2
Event: 15.975 Thread 0x0000025afcba2000 DEOPT PACKING pc=0x0000025aebfb156c sp=0x000000c8a84f88c0
Event: 15.975 Thread 0x0000025afcba2000 DEOPT UNPACKING pc=0x0000025ae432a1af sp=0x000000c8a84f8830 mode 2
Event: 16.148 Thread 0x0000025afcba2000 Uncommon trap: trap_request=0xffffff4d fr.pc=0x0000025aec0e60e4 relative=0x0000000000001ac4
Event: 16.148 Thread 0x0000025afcba2000 Uncommon trap: reason=unstable_if action=reinterpret pc=0x0000025aec0e60e4 method=sun.nio.fs.WindowsPathParser.normalize(Ljava/lang/StringBuilder;Ljava/lang/String;I)Ljava/lang/String; @ 172 c2
Event: 16.148 Thread 0x0000025afcba2000 DEOPT PACKING pc=0x0000025aec0e60e4 sp=0x000000c8a84f8790
Event: 16.148 Thread 0x0000025afcba2000 DEOPT UNPACKING pc=0x0000025ae432a1af sp=0x000000c8a84f8780 mode 2
Event: 16.181 Thread 0x0000025afcba2000 Uncommon trap: trap_request=0xffffff4d fr.pc=0x0000025aebee4338 relative=0x0000000000000838
Event: 16.181 Thread 0x0000025afcba2000 Uncommon trap: reason=unstable_if action=reinterpret pc=0x0000025aebee4338 method=java.util.jar.JarFile.getVersionedEntry(Ljava/lang/String;Ljava/util/jar/JarEntry;)Ljava/util/jar/JarEntry; @ 67 c2
Event: 16.181 Thread 0x0000025afcba2000 DEOPT PACKING pc=0x0000025aebee4338 sp=0x000000c8a84f6ab0
Event: 16.181 Thread 0x0000025afcba2000 DEOPT UNPACKING pc=0x0000025ae432a1af sp=0x000000c8a84f6a98 mode 2

Classes redefined (0 events):
No events

Internal exceptions (20 events):
Event: 14.603 Thread 0x0000025afcba2000 Exception <a 'java/lang/ClassNotFoundException'{0x0000000086666418}: java/util/AbstractSetCustomizer> (0x0000000086666418) thrown at [./src/hotspot/share/classfile/systemDictionary.cpp, line 231]
Event: 14.605 Thread 0x0000025afcba2000 Exception <a 'java/lang/ClassNotFoundException'{0x000000008668c420}: com/android/build/gradle/internal/dsl/decorator/LockableSetCustomizer> (0x000000008668c420) thrown at [./src/hotspot/share/classfile/systemDictionary.cpp, line 231]
Event: 14.615 Thread 0x0000025afcba2000 Exception <a 'java/lang/ClassNotFoundException'{0x000000008628f0a0}: groovy/lang/GString$1BeanInfo> (0x000000008628f0a0) thrown at [./src/hotspot/share/classfile/systemDictionary.cpp, line 231]
Event: 14.616 Thread 0x0000025afcba2000 Exception <a 'java/lang/ClassNotFoundException'{0x00000000862cdb08}: groovy/lang/GStringBeanInfo> (0x00000000862cdb08) thrown at [./src/hotspot/share/classfile/systemDictionary.cpp, line 231]
Event: 14.625 Thread 0x0000025afcba2000 Exception <a 'java/lang/ClassNotFoundException'{0x000000008990c730}: groovy/lang/GStringCustomizer> (0x000000008990c730) thrown at [./src/hotspot/share/classfile/systemDictionary.cpp, line 231]
Event: 14.627 Thread 0x0000025afcba2000 Exception <a 'java/lang/ClassNotFoundException'{0x00000000899548c0}: groovy/lang/GString$1Customizer> (0x00000000899548c0) thrown at [./src/hotspot/share/classfile/systemDictionary.cpp, line 231]
Event: 14.634 Thread 0x0000025afcba2000 Exception <a 'java/lang/ClassNotFoundException'{0x00000000895180d8}: org/codehaus/groovy/runtime/GStringImplBeanInfo> (0x00000000895180d8) thrown at [./src/hotspot/share/classfile/systemDictionary.cpp, line 231]
Event: 14.638 Thread 0x0000025afcba2000 Exception <a 'java/lang/ClassNotFoundException'{0x00000000893d5980}: org/codehaus/groovy/runtime/GStringImplCustomizer> (0x00000000893d5980) thrown at [./src/hotspot/share/classfile/systemDictionary.cpp, line 231]
Event: 15.560 Thread 0x0000025afcba2000 Exception <a 'java/lang/ClassNotFoundException'{0x00000000892062a0}: com/android/build/gradle/internal/api/ApkVariantOutputImpl_DecoratedBeanInfo> (0x00000000892062a0) thrown at [./src/hotspot/share/classfile/systemDictionary.cpp, line 231]
Event: 15.561 Thread 0x0000025afcba2000 Exception <a 'java/lang/ClassNotFoundException'{0x00000000892220b0}: com/android/build/gradle/internal/api/ApkVariantOutputImplBeanInfo> (0x00000000892220b0) thrown at [./src/hotspot/share/classfile/systemDictionary.cpp, line 231]
Event: 15.562 Thread 0x0000025afcba2000 Exception <a 'java/lang/ClassNotFoundException'{0x000000008923e7e0}: com/android/build/gradle/internal/api/BaseVariantOutputImplBeanInfo> (0x000000008923e7e0) thrown at [./src/hotspot/share/classfile/systemDictionary.cpp, line 231]
Event: 15.562 Thread 0x0000025afcba2000 Exception <a 'java/lang/ClassNotFoundException'{0x000000008925af78}: com/android/build/gradle/internal/api/BaseVariantOutputImplCustomizer> (0x000000008925af78) thrown at [./src/hotspot/share/classfile/systemDictionary.cpp, line 231]
Event: 15.563 Thread 0x0000025afcba2000 Exception <a 'java/lang/ClassNotFoundException'{0x000000008928a000}: com/android/build/gradle/internal/api/ApkVariantOutputImplCustomizer> (0x000000008928a000) thrown at [./src/hotspot/share/classfile/systemDictionary.cpp, line 231]
Event: 15.564 Thread 0x0000025afcba2000 Exception <a 'java/lang/ClassNotFoundException'{0x00000000892b5518}: com/android/build/gradle/internal/api/ApkVariantOutputImpl_DecoratedCustomizer> (0x00000000892b5518) thrown at [./src/hotspot/share/classfile/systemDictionary.cpp, line 231]
Event: 15.599 Thread 0x0000025afcba2000 Exception <a 'java/lang/ClassNotFoundException'{0x00000000890b8bf0}: com/android/build/gradle/internal/api/ReadOnlyBuildTypeBeanInfo> (0x00000000890b8bf0) thrown at [./src/hotspot/share/classfile/systemDictionary.cpp, line 231]
Event: 15.599 Thread 0x0000025afcba2000 Exception <a 'java/lang/ClassNotFoundException'{0x00000000890d5300}: com/android/build/gradle/internal/api/ReadOnlyBaseConfigBeanInfo> (0x00000000890d5300) thrown at [./src/hotspot/share/classfile/systemDictionary.cpp, line 231]
Event: 15.600 Thread 0x0000025afcba2000 Exception <a 'java/lang/ClassNotFoundException'{0x00000000890f2618}: com/android/build/gradle/internal/api/ReadOnlyBaseConfigCustomizer> (0x00000000890f2618) thrown at [./src/hotspot/share/classfile/systemDictionary.cpp, line 231]
Event: 15.601 Thread 0x0000025afcba2000 Exception <a 'java/lang/ClassNotFoundException'{0x0000000088f1e928}: com/android/build/gradle/internal/api/ReadOnlyBuildTypeCustomizer> (0x0000000088f1e928) thrown at [./src/hotspot/share/classfile/systemDictionary.cpp, line 231]
Event: 16.096 Thread 0x0000025afcba2000 Exception <a 'sun/nio/fs/WindowsException'{0x0000000086ea6a00}> (0x0000000086ea6a00) thrown at [./src/hotspot/share/prims/jni.cpp, line 616]
Event: 16.252 Thread 0x0000025afcba2000 Exception <a 'java/lang/NullPointerException'{0x00000000897214e0}> (0x00000000897214e0) thrown at [./src/hotspot/share/interpreter/linkResolver.cpp, line 1440]

Events (20 events):
Event: 16.324 loading class com/sun/xml/bind/v2/runtime/IllegalAnnotationException
Event: 16.324 loading class com/sun/xml/bind/v2/runtime/IllegalAnnotationException done
Event: 16.325 loading class com/sun/xml/bind/v2/model/nav/ReflectionNavigator$4
Event: 16.325 loading class com/sun/xml/bind/v2/model/nav/ReflectionNavigator$4 done
Event: 16.325 loading class com/sun/xml/bind/v2/model/nav/ReflectionNavigator$5
Event: 16.325 loading class com/sun/xml/bind/v2/model/nav/ReflectionNavigator$5 done
Event: 16.326 loading class javax/xml/bind/JAXBElement
Event: 16.326 loading class javax/xml/bind/JAXBElement done
Event: 16.326 loading class com/android/sdklib/repository/generated/repository/v1/SourceDetailsType
Event: 16.326 loading class com/android/sdklib/repository/generated/repository/v1/SourceDetailsType done
Event: 16.326 loading class com/android/sdklib/repository/generated/common/v1/ApiDetailsType
Event: 16.326 loading class com/android/sdklib/repository/generated/common/v1/ApiDetailsType done
Event: 16.327 loading class com/android/repository/impl/generated/v1/TypeDetails
Event: 16.327 loading class com/android/repository/impl/generated/v1/TypeDetails done
Event: 16.327 loading class com/android/repository/impl/meta/TypeDetails
Event: 16.327 loading class com/android/repository/impl/meta/TypeDetails done
Event: 16.327 loading class com/android/sdklib/repository/generated/repository/v1/PlatformDetailsType
Event: 16.327 loading class com/android/sdklib/repository/generated/repository/v1/PlatformDetailsType done
Event: 16.328 loading class javax/xml/bind/annotation/XmlElementDecl$GLOBAL
Event: 16.328 loading class javax/xml/bind/annotation/XmlElementDecl$GLOBAL done


Dynamic libraries:
0x00007ff702190000 - 0x00007ff70219a000 	C:\Users\Dark Knight\Desktop\android-studio-2021.3.1.5-windows-JETPACK COMPOSE\android-studio\jre\bin\java.exe
0x00007ff8e17c0000 - 0x00007ff8e19c9000 	C:\WINDOWS\SYSTEM32\ntdll.dll
0x00007ff8e0d60000 - 0x00007ff8e0e1d000 	C:\WINDOWS\System32\KERNEL32.DLL
0x00007ff8dedd0000 - 0x00007ff8df144000 	C:\WINDOWS\System32\KERNELBASE.dll
0x00007ff8df1c0000 - 0x00007ff8df2d1000 	C:\WINDOWS\System32\ucrtbase.dll
0x00007ff8d68e0000 - 0x00007ff8d68f7000 	C:\Users\Dark Knight\Desktop\android-studio-2021.3.1.5-windows-JETPACK COMPOSE\android-studio\jre\bin\VCRUNTIME140.dll
0x00007ff8ce620000 - 0x00007ff8ce639000 	C:\Users\Dark Knight\Desktop\android-studio-2021.3.1.5-windows-JETPACK COMPOSE\android-studio\jre\bin\jli.dll
0x00007ff8dfc90000 - 0x00007ff8dfe3c000 	C:\WINDOWS\System32\USER32.dll
0x00007ff8df2e0000 - 0x00007ff8df306000 	C:\WINDOWS\System32\win32u.dll
0x00007ff8cc010000 - 0x00007ff8cc2b5000 	C:\WINDOWS\WinSxS\amd64_microsoft.windows.common-controls_6595b64144ccf1df_6.0.22000.120_none_9d947278b86cc467\COMCTL32.dll
0x00007ff8e1750000 - 0x00007ff8e1779000 	C:\WINDOWS\System32\GDI32.dll
0x00007ff8e0060000 - 0x00007ff8e0103000 	C:\WINDOWS\System32\msvcrt.dll
0x00007ff8decb0000 - 0x00007ff8dedc2000 	C:\WINDOWS\System32\gdi32full.dll
0x00007ff8df540000 - 0x00007ff8df5dd000 	C:\WINDOWS\System32\msvcp_win.dll
0x00007ff8dfb30000 - 0x00007ff8dfb61000 	C:\WINDOWS\System32\IMM32.DLL
0x00007ff881be0000 - 0x00007ff881c7d000 	C:\Users\Dark Knight\Desktop\android-studio-2021.3.1.5-windows-JETPACK COMPOSE\android-studio\jre\bin\msvcp140.dll
0x00007ff86cfb0000 - 0x00007ff86dab2000 	C:\Users\Dark Knight\Desktop\android-studio-2021.3.1.5-windows-JETPACK COMPOSE\android-studio\jre\bin\server\jvm.dll
0x00007ff8dfe60000 - 0x00007ff8dff0e000 	C:\WINDOWS\System32\ADVAPI32.dll
0x00007ff8df900000 - 0x00007ff8df99e000 	C:\WINDOWS\System32\sechost.dll
0x00007ff8e0e20000 - 0x00007ff8e0f40000 	C:\WINDOWS\System32\RPCRT4.dll
0x00007ff8dfe50000 - 0x00007ff8dfe58000 	C:\WINDOWS\System32\PSAPI.DLL
0x00007ff8db2e0000 - 0x00007ff8db2e9000 	C:\WINDOWS\SYSTEM32\WSOCK32.dll
0x00007ff8d8ac0000 - 0x00007ff8d8af3000 	C:\WINDOWS\SYSTEM32\WINMM.dll
0x00007ff8d50c0000 - 0x00007ff8d50ca000 	C:\WINDOWS\SYSTEM32\VERSION.dll
0x00007ff8dfac0000 - 0x00007ff8dfb2f000 	C:\WINDOWS\System32\WS2_32.dll
0x00007ff8ddea0000 - 0x00007ff8ddeb8000 	C:\WINDOWS\SYSTEM32\kernel.appcore.dll
0x00007ff8ceac0000 - 0x00007ff8cead1000 	C:\Users\Dark Knight\Desktop\android-studio-2021.3.1.5-windows-JETPACK COMPOSE\android-studio\jre\bin\verify.dll
0x00007ff8dc7f0000 - 0x00007ff8dca11000 	C:\WINDOWS\SYSTEM32\DBGHELP.DLL
0x00007ff8c5620000 - 0x00007ff8c5651000 	C:\WINDOWS\SYSTEM32\dbgcore.DLL
0x00007ff8df5e0000 - 0x00007ff8df65f000 	C:\WINDOWS\System32\bcryptPrimitives.dll
0x00007ff8cd4d0000 - 0x00007ff8cd4f9000 	C:\Users\Dark Knight\Desktop\android-studio-2021.3.1.5-windows-JETPACK COMPOSE\android-studio\jre\bin\java.dll
0x00007ff8d8ed0000 - 0x00007ff8d8edb000 	C:\Users\Dark Knight\Desktop\android-studio-2021.3.1.5-windows-JETPACK COMPOSE\android-studio\jre\bin\jimage.dll
0x00007ff8c8410000 - 0x00007ff8c8428000 	C:\Users\Dark Knight\Desktop\android-studio-2021.3.1.5-windows-JETPACK COMPOSE\android-studio\jre\bin\zip.dll
0x00007ff8e0fa0000 - 0x00007ff8e174e000 	C:\WINDOWS\System32\SHELL32.dll
0x00007ff8dce30000 - 0x00007ff8dd698000 	C:\WINDOWS\SYSTEM32\windows.storage.dll
0x00007ff8e09d0000 - 0x00007ff8e0d48000 	C:\WINDOWS\System32\combase.dll
0x00007ff8dccc0000 - 0x00007ff8dce26000 	C:\WINDOWS\SYSTEM32\wintypes.dll
0x00007ff8dff10000 - 0x00007ff8dfffa000 	C:\WINDOWS\System32\SHCORE.dll
0x00007ff8e0f40000 - 0x00007ff8e0f9d000 	C:\WINDOWS\System32\shlwapi.dll
0x00007ff8debe0000 - 0x00007ff8dec01000 	C:\WINDOWS\SYSTEM32\profapi.dll
0x00007ff8b8120000 - 0x00007ff8b813a000 	C:\Users\Dark Knight\Desktop\android-studio-2021.3.1.5-windows-JETPACK COMPOSE\android-studio\jre\bin\net.dll
0x00007ff8d7b90000 - 0x00007ff8d7c9c000 	C:\WINDOWS\SYSTEM32\WINHTTP.dll
0x00007ff8de2d0000 - 0x00007ff8de337000 	C:\WINDOWS\system32\mswsock.dll
0x00007ff8b7780000 - 0x00007ff8b7794000 	C:\Users\Dark Knight\Desktop\android-studio-2021.3.1.5-windows-JETPACK COMPOSE\android-studio\jre\bin\nio.dll
0x00007ff8d6880000 - 0x00007ff8d68a7000 	C:\Users\Dark Knight\.gradle\native\e1d6ef7f7dcc3fd88c89a11ec53ec762bb8ba0a96d01ffa2cd45eb1d1d8dd5c5\windows-amd64\native-platform.dll
0x00007ff881040000 - 0x00007ff881184000 	C:\Users\Dark Knight\.gradle\native\0d407fdbe67a94daf76414ababcb853783967236a71b16ec16e742cd7a986fd3\windows-amd64\native-platform-file-events.dll
0x00007ff8d8de0000 - 0x00007ff8d8dea000 	C:\Users\Dark Knight\Desktop\android-studio-2021.3.1.5-windows-JETPACK COMPOSE\android-studio\jre\bin\management.dll
0x00007ff8d3c00000 - 0x00007ff8d3c0d000 	C:\Users\Dark Knight\Desktop\android-studio-2021.3.1.5-windows-JETPACK COMPOSE\android-studio\jre\bin\management_ext.dll
0x00007ff8de510000 - 0x00007ff8de528000 	C:\WINDOWS\SYSTEM32\CRYPTSP.dll
0x00007ff8dde00000 - 0x00007ff8dde35000 	C:\WINDOWS\system32\rsaenh.dll
0x00007ff8de3c0000 - 0x00007ff8de3e9000 	C:\WINDOWS\SYSTEM32\USERENV.dll
0x00007ff8de690000 - 0x00007ff8de6b7000 	C:\WINDOWS\SYSTEM32\bcrypt.dll
0x00007ff8de530000 - 0x00007ff8de53c000 	C:\WINDOWS\SYSTEM32\CRYPTBASE.dll
0x00007ff8dda10000 - 0x00007ff8dda3d000 	C:\WINDOWS\SYSTEM32\IPHLPAPI.DLL
0x00007ff8dfe40000 - 0x00007ff8dfe49000 	C:\WINDOWS\System32\NSI.dll
0x00007ff8d8560000 - 0x00007ff8d8579000 	C:\WINDOWS\SYSTEM32\dhcpcsvc6.DLL
0x00007ff8d8680000 - 0x00007ff8d869e000 	C:\WINDOWS\SYSTEM32\dhcpcsvc.DLL
0x00007ff8dda40000 - 0x00007ff8ddb27000 	C:\WINDOWS\SYSTEM32\DNSAPI.dll

dbghelp: loaded successfully - version: 4.0.5 - missing functions: none
symbol engine: initialized successfully - sym options: 0x614 - pdb path: .;C:\Users\Dark Knight\Desktop\android-studio-2021.3.1.5-windows-JETPACK COMPOSE\android-studio\jre\bin;C:\WINDOWS\SYSTEM32;C:\WINDOWS\WinSxS\amd64_microsoft.windows.common-controls_6595b64144ccf1df_6.0.22000.120_none_9d947278b86cc467;C:\Users\Dark Knight\Desktop\android-studio-2021.3.1.5-windows-JETPACK COMPOSE\android-studio\jre\bin\server;C:\Users\Dark Knight\.gradle\native\e1d6ef7f7dcc3fd88c89a11ec53ec762bb8ba0a96d01ffa2cd45eb1d1d8dd5c5\windows-amd64;C:\Users\Dark Knight\.gradle\native\0d407fdbe67a94daf76414ababcb853783967236a71b16ec16e742cd7a986fd3\windows-amd64

VM Arguments:
jvm_args: --add-opens=java.base/java.util=ALL-UNNAMED --add-opens=java.base/java.lang=ALL-UNNAMED --add-opens=java.base/java.lang.invoke=ALL-UNNAMED --add-opens=java.base/java.util=ALL-UNNAMED --add-opens=java.prefs/java.util.prefs=ALL-UNNAMED --add-opens=java.prefs/java.util.prefs=ALL-UNNAMED --add-opens=java.base/java.nio.charset=ALL-UNNAMED --add-opens=java.base/java.net=ALL-UNNAMED --add-opens=java.base/java.util.concurrent.atomic=ALL-UNNAMED -Xmx2048m -Dfile.encoding=UTF-8 -Duser.country=IN -Duser.language=en -Duser.variant 
java_command: org.gradle.launcher.daemon.bootstrap.GradleDaemon 7.4
java_class_path (initial): C:\Users\Dark Knight\.gradle\wrapper\dists\gradle-7.4-bin\c0gwcg53nkjbqw7r0h0umtfvt\gradle-7.4\lib\gradle-launcher-7.4.jar
Launcher Type: SUN_STANDARD

[Global flags]
     intx CICompilerCount                          = 4                                         {product} {ergonomic}
     uint ConcGCThreads                            = 2                                         {product} {ergonomic}
     uint G1ConcRefinementThreads                  = 8                                         {product} {ergonomic}
   size_t G1HeapRegionSize                         = 1048576                                   {product} {ergonomic}
    uintx GCDrainStackTargetSize                   = 64                                        {product} {ergonomic}
   size_t InitialHeapSize                          = 134217728                                 {product} {ergonomic}
   size_t MarkStackSize                            = 4194304                                   {product} {ergonomic}
   size_t MaxHeapSize                              = 2147483648                                {product} {command line}
   size_t MaxNewSize                               = 1287651328                                {product} {ergonomic}
   size_t MinHeapDeltaBytes                        = 1048576                                   {product} {ergonomic}
    uintx NonNMethodCodeHeapSize                   = 5836300                                {pd product} {ergonomic}
    uintx NonProfiledCodeHeapSize                  = 122910970                              {pd product} {ergonomic}
    uintx ProfiledCodeHeapSize                     = 122910970                              {pd product} {ergonomic}
    uintx ReservedCodeCacheSize                    = 251658240                              {pd product} {ergonomic}
     bool SegmentedCodeCache                       = true                                      {product} {ergonomic}
     bool UseCompressedClassPointers               = true                                 {lp64_product} {ergonomic}
     bool UseCompressedOops                        = true                                 {lp64_product} {ergonomic}
     bool UseG1GC                                  = true                                      {product} {ergonomic}
     bool UseLargePagesIndividualAllocation        = false                                  {pd product} {ergonomic}

Logging:
Log output configuration:
 #0: stdout all=warning uptime,level,tags
 #1: stderr all=off uptime,level,tags

Environment Variables:
PATH=C:\Windows\system32;C:\Windows;C:\Windows\System32\Wbem;C:\Windows\System32\WindowsPowerShell\v1.0\;C:\Windows\System32\OpenSSH\;C:\Program Files (x86)\NVIDIA Corporation\PhysX\Common;C:\Program Files\NVIDIA Corporation\NVIDIA NvDLISR;C:\WINDOWS\system32;C:\WINDOWS;C:\WINDOWS\System32\Wbem;C:\WINDOWS\System32\WindowsPowerShell\v1.0\;C:\WINDOWS\System32\OpenSSH\;C:\MinGW\bin;C:\Program Files\MEGA-X;C:\WINDOWS\system32;C:\WINDOWS;C:\WINDOWS\System32\Wbem;C:\WINDOWS\System32\WindowsPowerShell\v1.0\;C:\WINDOWS\System32\OpenSSH\;C:\Program Files\Git\cmd;C:\Users\Dark Knight\AppData\Local\Microsoft\WindowsApps;C:\Users\Dark Knight\AppData\Local\atom\bin;C:\MinGW\bin;C:\Program Files (x86)\Microsoft Visual Studio\2019\BuildTools\MSBuild\Current\Bin;C:\Users\Dark Knight\AppData\Local\Microsoft\WindowsApps;
USERNAME=Dark Knight
OS=Windows_NT
PROCESSOR_IDENTIFIER=Intel64 Family 6 Model 158 Stepping 10, GenuineIntel



---------------  S Y S T E M  ---------------

OS: Windows 11 , 64 bit Build 22000 (10.0.22000.434)
OS uptime: 21 days 5:21 hours

CPU:total 8 (initial active 8) (4 cores per cpu, 2 threads per core) family 6 model 158 stepping 10 microcode 0xde, cmov, cx8, fxsr, mmx, sse, sse2, sse3, ssse3, sse4.1, sse4.2, popcnt, avx, avx2, aes, clmul, erms, 3dnowpref, lzcnt, ht, tsc, tscinvbit, bmi1, bmi2, adx, fma

Memory: 4k page, system-wide physical 8072M (279M free)
TotalPageFile size 12168M (AvailPageFile size 9M)
current process WorkingSet (physical memory assigned to process): 373M, peak: 373M
current process commit charge ("private bytes"): 411M, peak: 413M

vm_info: OpenJDK 64-Bit Server VM (11.0.13+0-b1751.21-8125866) for windows-amd64 JRE (11.0.13+0-b1751.21-8125866), built on Feb  2 2022 03:00:22 by "builder" with MS VC++ 14.0 (VS2015)

END.
