#
# There is insufficient memory for the Java Runtime Environment to continue.
# Native memory allocation (malloc) failed to allocate 2230096 bytes for Chunk::new
# Possible reasons:
#   The system is out of physical RAM or swap space
#   The process is running with CompressedOops enabled, and the Java Heap may be blocking the growth of the native heap
# Possible solutions:
#   Reduce memory load on the system
#   Increase physical memory or swap space
#   Check if swap backing store is full
#   Decrease Java heap size (-Xmx/-Xms)
#   Decrease number of Java threads
#   Decrease Java thread stack sizes (-Xss)
#   Set larger code cache with -XX:ReservedCodeCacheSize=
#   JVM is running with Unscaled Compressed Oops mode in which the Java heap is
#     placed in the first 4GB address space. The Java Heap base address is the
#     maximum limit for the native heap growth. Please use -XX:HeapBaseMinAddress
#     to set the Java Heap base and to place the Java Heap above 4GB virtual address.
# This output file may be truncated or incomplete.
#
#  Out of Memory Error (./src/hotspot/share/memory/arena.cpp:197), pid=33820, tid=1132
#
# JRE version: OpenJDK Runtime Environment (11.0.13) (build 11.0.13+0-b1751.21-8125866)
# Java VM: OpenJDK 64-Bit Server VM (11.0.13+0-b1751.21-8125866, mixed mode, tiered, compressed oops, g1 gc, windows-amd64)
# No core dump will be written. Minidumps are not enabled by default on client versions of Windows
#

---------------  S U M M A R Y ------------

Command Line: --add-opens=java.base/java.util=ALL-UNNAMED --add-opens=java.base/java.lang=ALL-UNNAMED --add-opens=java.base/java.lang.invoke=ALL-UNNAMED --add-opens=java.base/java.util=ALL-UNNAMED --add-opens=java.prefs/java.util.prefs=ALL-UNNAMED --add-opens=java.prefs/java.util.prefs=ALL-UNNAMED --add-opens=java.base/java.nio.charset=ALL-UNNAMED --add-opens=java.base/java.net=ALL-UNNAMED --add-opens=java.base/java.util.concurrent.atomic=ALL-UNNAMED -Xmx2048m -Dfile.encoding=UTF-8 -Duser.country=IN -Duser.language=en -Duser.variant org.gradle.launcher.daemon.bootstrap.GradleDaemon 7.4

Host: Intel(R) Core(TM) i5-9300H CPU @ 2.40GHz, 8 cores, 7G,  Windows 11 , 64 bit Build 22000 (10.0.22000.434)
Time: Fri Apr 15 14:57:35 2022 India Standard Time elapsed time: 9.773669 seconds (0d 0h 0m 9s)

---------------  T H R E A D  ---------------

Current thread (0x000001f8ff271800):  JavaThread "C2 CompilerThread1" daemon [_thread_in_native, id=1132, stack(0x000000e53a900000,0x000000e53aa00000)]


Current CompileTask:
C2:   9773 5881   !   4       com.google.common.reflect.TypeVisitor::visit (244 bytes)

Stack: [0x000000e53a900000,0x000000e53aa00000]
Native frames: (J=compiled Java code, j=interpreted, Vv=VM code, C=native code)
V  [jvm.dll+0x6100fa]
V  [jvm.dll+0x747090]
V  [jvm.dll+0x7486ad]
V  [jvm.dll+0x748d83]
V  [jvm.dll+0x24ab48]
V  [jvm.dll+0xc04dc]
V  [jvm.dll+0xc0a0c]
V  [jvm.dll+0x35eb9d]
V  [jvm.dll+0x32b833]
V  [jvm.dll+0x32ad2a]
V  [jvm.dll+0x2032b2]
V  [jvm.dll+0x202437]
V  [jvm.dll+0x188e01]
V  [jvm.dll+0x21106b]
V  [jvm.dll+0x20f8c1]
V  [jvm.dll+0x70de0f]
V  [jvm.dll+0x706a75]
V  [jvm.dll+0x60ed66]
C  [ucrtbase.dll+0x26c0c]
C  [KERNEL32.DLL+0x154e0]
C  [ntdll.dll+0x485b]


---------------  P R O C E S S  ---------------

Threads class SMR info:
_java_thread_list=0x000001f8ff432120, length=122, elements={
0x000001f8e0dfd000, 0x000001f8fb2a5000, 0x000001f8fb2ae800, 0x000001f8fbc22800,
0x000001f8fb2c0000, 0x000001f8fb2c2800, 0x000001f8fb2ce800, 0x000001f8fb2d3000,
0x000001f8fb2d4000, 0x000001f8fbd7f000, 0x000001f8fcd31800, 0x000001f8fc026800,
0x000001f8fd3e1000, 0x000001f8fd560000, 0x000001f8fcbba800, 0x000001f8fc972000,
0x000001f8fdddd800, 0x000001f8fddde800, 0x000001f8fec1d800, 0x000001f8fd3ae800,
0x000001f8ff271800, 0x000001f8fd549000, 0x000001f8fd54b800, 0x000001f8fd549800,
0x000001f8fd54d000, 0x000001f8fd54a800, 0x000001f8fd54d800, 0x000001f8fd54c000,
0x000001f8fd548000, 0x000001f8fd54e800, 0x000001f8ff980800, 0x000001f8ff97f000,
0x000001f8ff981800, 0x000001f8ff983000, 0x000001f8ff97d800, 0x000001f8ff984000,
0x000001f8ff97e000, 0x000001f8ff980000, 0x000001f8ff98a800, 0x000001f8ff985800,
0x000001f8ff987000, 0x000001f8ff985000, 0x000001f8ff989000, 0x000001f8ff989800,
0x000001f8ff988000, 0x000001f8ff986800, 0x000001f8ff98b800, 0x000001f8ff98c000,
0x000001f881c34800, 0x000001f881c32000, 0x000001f881c33800, 0x000001f881c36000,
0x000001f881c35000, 0x000001f881c31000, 0x000001f881c30800, 0x000001f881c37000,
0x000001f881c37800, 0x000001f881c38800, 0x000001f881c32800, 0x000001f881c3b000,
0x000001f881c3b800, 0x000001f881c39000, 0x000001f881c3c800, 0x000001f881c3d800,
0x000001f881c3a000, 0x000001f881c3e000, 0x000001f881c3f000, 0x000001f8fdfac000,
0x000001f8fdfad000, 0x000001f8fdfaa800, 0x000001f8fdfab000, 0x000001f8fdfad800,
0x000001f8fdfae800, 0x000001f8fdfa8800, 0x000001f8fdfaf000, 0x000001f8fdfa9800,
0x000001f8fdfb2800, 0x000001f8fdfb5000, 0x000001f8fdfb1800, 0x000001f8fdfb4000,
0x000001f8fdfb5800, 0x000001f8fdfb3800, 0x000001f8fdfb0000, 0x000001f8fdfb6800,
0x000001f8fdfb1000, 0x000001f8fdfb7800, 0x000001f8ffaa7000, 0x000001f8ffaa8000,
0x000001f8ffaae800, 0x000001f8ffaaa800, 0x000001f8ffaac000, 0x000001f8ffaab000,
0x000001f8ffaad000, 0x000001f8ffaad800, 0x000001f8ffaa8800, 0x000001f8ffaaf800,
0x000001f8ffaa9800, 0x000001f8ffab3800, 0x000001f8ffab6000, 0x000001f8ffab0000,
0x000001f8ffab1000, 0x000001f8ffab2800, 0x000001f8ffab1800, 0x000001f8ffab4000,
0x000001f8ffab5000, 0x000001f8ffa11000, 0x000001f8ffa12000, 0x000001f8ffa10800,
0x000001f8ffa14800, 0x000001f8ffa13000, 0x000001f8ffa0f000, 0x000001f8ffa13800,
0x000001f8ffa15800, 0x000001f8ffa0f800, 0x000001f8ffa17000, 0x000001f8ffa18000,
0x000001f8ffa18800, 0x000001f8ffa19800, 0x000001f8ffa1a000, 0x000001f8ffa1b000,
0x000001f8ffa1c000, 0x000001f8ffa16000
}

Java Threads: ( => current thread )
  0x000001f8e0dfd000 JavaThread "main" [_thread_blocked, id=10656, stack(0x000000e538c00000,0x000000e538d00000)]
  0x000001f8fb2a5000 JavaThread "Reference Handler" daemon [_thread_blocked, id=30292, stack(0x000000e539300000,0x000000e539400000)]
  0x000001f8fb2ae800 JavaThread "Finalizer" daemon [_thread_blocked, id=32212, stack(0x000000e539400000,0x000000e539500000)]
  0x000001f8fbc22800 JavaThread "Signal Dispatcher" daemon [_thread_blocked, id=28644, stack(0x000000e539500000,0x000000e539600000)]
  0x000001f8fb2c0000 JavaThread "Attach Listener" daemon [_thread_blocked, id=4552, stack(0x000000e539600000,0x000000e539700000)]
  0x000001f8fb2c2800 JavaThread "Service Thread" daemon [_thread_blocked, id=39640, stack(0x000000e539700000,0x000000e539800000)]
  0x000001f8fb2ce800 JavaThread "C2 CompilerThread0" daemon [_thread_in_native, id=39632, stack(0x000000e539800000,0x000000e539900000)]
  0x000001f8fb2d3000 JavaThread "C1 CompilerThread0" daemon [_thread_blocked, id=35260, stack(0x000000e539900000,0x000000e539a00000)]
  0x000001f8fb2d4000 JavaThread "Sweeper thread" daemon [_thread_blocked, id=25484, stack(0x000000e539a00000,0x000000e539b00000)]
  0x000001f8fbd7f000 JavaThread "Common-Cleaner" daemon [_thread_blocked, id=22724, stack(0x000000e539b00000,0x000000e539c00000)]
  0x000001f8fcd31800 JavaThread "Daemon health stats" [_thread_blocked, id=37440, stack(0x000000e53a000000,0x000000e53a100000)]
  0x000001f8fc026800 JavaThread "Incoming local TCP Connector on port 52596" [_thread_in_native, id=27888, stack(0x000000e539d00000,0x000000e539e00000)]
  0x000001f8fd3e1000 JavaThread "Daemon periodic checks" [_thread_blocked, id=16568, stack(0x000000e53a100000,0x000000e53a200000)]
  0x000001f8fd560000 JavaThread "Daemon" [_thread_blocked, id=39048, stack(0x000000e53a200000,0x000000e53a300000)]
  0x000001f8fcbba800 JavaThread "Handler for socket connection from /127.0.0.1:52596 to /127.0.0.1:52597" [_thread_in_native, id=38560, stack(0x000000e53a300000,0x000000e53a400000)]
  0x000001f8fc972000 JavaThread "Cancel handler" [_thread_blocked, id=36100, stack(0x000000e53a400000,0x000000e53a500000)]
  0x000001f8fdddd800 JavaThread "Daemon worker" [_thread_in_Java, id=31092, stack(0x000000e53a500000,0x000000e53a600000)]
  0x000001f8fddde800 JavaThread "Asynchronous log dispatcher for DefaultDaemonConnection: socket connection from /127.0.0.1:52596 to /127.0.0.1:52597" [_thread_blocked, id=25684, stack(0x000000e53a600000,0x000000e53a700000)]
  0x000001f8fec1d800 JavaThread "Stdin handler" [_thread_blocked, id=29876, stack(0x000000e53a700000,0x000000e53a800000)]
  0x000001f8fd3ae800 JavaThread "Daemon client event forwarder" [_thread_blocked, id=24856, stack(0x000000e53a800000,0x000000e53a900000)]
=>0x000001f8ff271800 JavaThread "C2 CompilerThread1" daemon [_thread_in_native, id=1132, stack(0x000000e53a900000,0x000000e53aa00000)]
  0x000001f8fd549000 JavaThread "Cache worker for journal cache (C:\Users\Dark Knight\.gradle\caches\journal-1)" [_thread_blocked, id=21104, stack(0x000000e53aa00000,0x000000e53ab00000)]
  0x000001f8fd54b800 JavaThread "File lock request listener" [_thread_in_native, id=26336, stack(0x000000e53ab00000,0x000000e53ac00000)]
  0x000001f8fd549800 JavaThread "Cache worker for file hash cache (C:\Users\Dark Knight\.gradle\caches\7.4\fileHashes)" [_thread_blocked, id=39900, stack(0x000000e53ac00000,0x000000e53ad00000)]
  0x000001f8fd54d000 JavaThread "File watcher server" daemon [_thread_in_native, id=10888, stack(0x000000e53b300000,0x000000e53b400000)]
  0x000001f8fd54a800 JavaThread "File watcher consumer" daemon [_thread_blocked, id=2344, stack(0x000000e53b400000,0x000000e53b500000)]
  0x000001f8fd54d800 JavaThread "Cache worker for checksums cache (C:\Android Projects\JetWeatherForecast\.gradle\7.4\checksums)" [_thread_blocked, id=26820, stack(0x000000e53b500000,0x000000e53b600000)]
  0x000001f8fd54c000 JavaThread "Cache worker for cache directory md-rule (C:\Users\Dark Knight\.gradle\caches\7.4\md-rule)" [_thread_blocked, id=15660, stack(0x000000e53b600000,0x000000e53b700000)]
  0x000001f8fd548000 JavaThread "Cache worker for file hash cache (C:\Android Projects\JetWeatherForecast\.gradle\7.4\fileHashes)" [_thread_blocked, id=27656, stack(0x000000e53b700000,0x000000e53b800000)]
  0x000001f8fd54e800 JavaThread "Cache worker for cache directory md-supplier (C:\Users\Dark Knight\.gradle\caches\7.4\md-supplier)" [_thread_blocked, id=35844, stack(0x000000e53b800000,0x000000e53b900000)]
  0x000001f8ff980800 JavaThread "Cache worker for execution history cache (C:\Users\Dark Knight\.gradle\caches\7.4\executionHistory)" [_thread_blocked, id=31872, stack(0x000000e53b900000,0x000000e53ba00000)]
  0x000001f8ff97f000 JavaThread "jar transforms" [_thread_blocked, id=9704, stack(0x000000e53ba00000,0x000000e53bb00000)]
  0x000001f8ff981800 JavaThread "Cache worker for file content cache (C:\Users\Dark Knight\.gradle\caches\7.4\fileContent)" [_thread_blocked, id=3624, stack(0x000000e53bb00000,0x000000e53bc00000)]
  0x000001f8ff983000 JavaThread "jar transforms Thread 2" [_thread_blocked, id=21556, stack(0x000000e53bc00000,0x000000e53bd00000)]
  0x000001f8ff97d800 JavaThread "Cache worker for dependencies-accessors (C:\Android Projects\JetWeatherForecast\.gradle\7.4\dependencies-accessors)" [_thread_blocked, id=35432, stack(0x000000e53bd00000,0x000000e53be00000)]
  0x000001f8ff984000 JavaThread "jar transforms Thread 3" [_thread_blocked, id=12428, stack(0x000000e53be00000,0x000000e53bf00000)]
  0x000001f8ff97e000 JavaThread "Cache worker for Build Output Cleanup Cache (C:\Android Projects\JetWeatherForecast\.gradle\buildOutputCleanup)" [_thread_blocked, id=35716, stack(0x000000e53bf00000,0x000000e53c000000)]
  0x000001f8ff980000 JavaThread "Unconstrained build operations" [_thread_blocked, id=27216, stack(0x000000e53c000000,0x000000e53c100000)]
  0x000001f8ff98a800 JavaThread "Unconstrained build operations Thread 2" [_thread_blocked, id=27120, stack(0x000000e53c100000,0x000000e53c200000)]
  0x000001f8ff985800 JavaThread "Unconstrained build operations Thread 3" [_thread_blocked, id=8680, stack(0x000000e53c200000,0x000000e53c300000)]
  0x000001f8ff987000 JavaThread "Unconstrained build operations Thread 4" [_thread_blocked, id=39208, stack(0x000000e53c300000,0x000000e53c400000)]
  0x000001f8ff985000 JavaThread "Unconstrained build operations Thread 5" [_thread_blocked, id=11044, stack(0x000000e53c400000,0x000000e53c500000)]
  0x000001f8ff989000 JavaThread "Unconstrained build operations Thread 6" [_thread_blocked, id=36840, stack(0x000000e53c500000,0x000000e53c600000)]
  0x000001f8ff989800 JavaThread "Unconstrained build operations Thread 7" [_thread_blocked, id=28356, stack(0x000000e53c600000,0x000000e53c700000)]
  0x000001f8ff988000 JavaThread "Unconstrained build operations Thread 8" [_thread_blocked, id=37424, stack(0x000000e53c700000,0x000000e53c800000)]
  0x000001f8ff986800 JavaThread "Unconstrained build operations Thread 9" [_thread_blocked, id=37032, stack(0x000000e53c800000,0x000000e53c900000)]
  0x000001f8ff98b800 JavaThread "Unconstrained build operations Thread 10" [_thread_blocked, id=34120, stack(0x000000e53c900000,0x000000e53ca00000)]
  0x000001f8ff98c000 JavaThread "Unconstrained build operations Thread 11" [_thread_blocked, id=26544, stack(0x000000e53ca00000,0x000000e53cb00000)]
  0x000001f881c34800 JavaThread "Unconstrained build operations Thread 12" [_thread_blocked, id=29512, stack(0x000000e53cb00000,0x000000e53cc00000)]
  0x000001f881c32000 JavaThread "Unconstrained build operations Thread 13" [_thread_blocked, id=37584, stack(0x000000e53cc00000,0x000000e53cd00000)]
  0x000001f881c33800 JavaThread "Unconstrained build operations Thread 14" [_thread_blocked, id=38804, stack(0x000000e53cd00000,0x000000e53ce00000)]
  0x000001f881c36000 JavaThread "Unconstrained build operations Thread 15" [_thread_blocked, id=8064, stack(0x000000e53ce00000,0x000000e53cf00000)]
  0x000001f881c35000 JavaThread "Unconstrained build operations Thread 16" [_thread_blocked, id=16136, stack(0x000000e53cf00000,0x000000e53d000000)]
  0x000001f881c31000 JavaThread "Unconstrained build operations Thread 17" [_thread_blocked, id=21688, stack(0x000000e53d000000,0x000000e53d100000)]
  0x000001f881c30800 JavaThread "Unconstrained build operations Thread 18" [_thread_blocked, id=28136, stack(0x000000e53d100000,0x000000e53d200000)]
  0x000001f881c37000 JavaThread "Unconstrained build operations Thread 19" [_thread_blocked, id=27164, stack(0x000000e53d200000,0x000000e53d300000)]
  0x000001f881c37800 JavaThread "Unconstrained build operations Thread 20" [_thread_blocked, id=5208, stack(0x000000e53d300000,0x000000e53d400000)]
  0x000001f881c38800 JavaThread "Unconstrained build operations Thread 21" [_thread_blocked, id=10380, stack(0x000000e53d400000,0x000000e53d500000)]
  0x000001f881c32800 JavaThread "Unconstrained build operations Thread 22" [_thread_blocked, id=33324, stack(0x000000e53d500000,0x000000e53d600000)]
  0x000001f881c3b000 JavaThread "Unconstrained build operations Thread 23" [_thread_blocked, id=27620, stack(0x000000e53d600000,0x000000e53d700000)]
  0x000001f881c3b800 JavaThread "Unconstrained build operations Thread 24" [_thread_blocked, id=7324, stack(0x000000e53d700000,0x000000e53d800000)]
  0x000001f881c39000 JavaThread "Unconstrained build operations Thread 25" [_thread_blocked, id=37904, stack(0x000000e53d800000,0x000000e53d900000)]
  0x000001f881c3c800 JavaThread "Unconstrained build operations Thread 26" [_thread_blocked, id=34288, stack(0x000000e53d900000,0x000000e53da00000)]
  0x000001f881c3d800 JavaThread "Unconstrained build operations Thread 27" [_thread_blocked, id=32608, stack(0x000000e53da00000,0x000000e53db00000)]
  0x000001f881c3a000 JavaThread "Unconstrained build operations Thread 28" [_thread_blocked, id=40868, stack(0x000000e53db00000,0x000000e53dc00000)]
  0x000001f881c3e000 JavaThread "Unconstrained build operations Thread 29" [_thread_blocked, id=20356, stack(0x000000e53dc00000,0x000000e53dd00000)]
  0x000001f881c3f000 JavaThread "Unconstrained build operations Thread 30" [_thread_blocked, id=30800, stack(0x000000e53dd00000,0x000000e53de00000)]
  0x000001f8fdfac000 JavaThread "Unconstrained build operations Thread 31" [_thread_blocked, id=34600, stack(0x000000e53de00000,0x000000e53df00000)]
  0x000001f8fdfad000 JavaThread "Unconstrained build operations Thread 32" [_thread_blocked, id=22548, stack(0x000000e53df00000,0x000000e53e000000)]
  0x000001f8fdfaa800 JavaThread "Unconstrained build operations Thread 33" [_thread_blocked, id=29880, stack(0x000000e53e000000,0x000000e53e100000)]
  0x000001f8fdfab000 JavaThread "Unconstrained build operations Thread 34" [_thread_blocked, id=13800, stack(0x000000e53e100000,0x000000e53e200000)]
  0x000001f8fdfad800 JavaThread "Unconstrained build operations Thread 35" [_thread_blocked, id=38880, stack(0x000000e53e200000,0x000000e53e300000)]
  0x000001f8fdfae800 JavaThread "Unconstrained build operations Thread 36" [_thread_blocked, id=20940, stack(0x000000e53e300000,0x000000e53e400000)]
  0x000001f8fdfa8800 JavaThread "Unconstrained build operations Thread 37" [_thread_blocked, id=33776, stack(0x000000e53e400000,0x000000e53e500000)]
  0x000001f8fdfaf000 JavaThread "Unconstrained build operations Thread 38" [_thread_blocked, id=30440, stack(0x000000e53e500000,0x000000e53e600000)]
  0x000001f8fdfa9800 JavaThread "Unconstrained build operations Thread 39" [_thread_blocked, id=29608, stack(0x000000e53e600000,0x000000e53e700000)]
  0x000001f8fdfb2800 JavaThread "Unconstrained build operations Thread 40" [_thread_blocked, id=30092, stack(0x000000e53e700000,0x000000e53e800000)]
  0x000001f8fdfb5000 JavaThread "Unconstrained build operations Thread 41" [_thread_blocked, id=21680, stack(0x000000e53e800000,0x000000e53e900000)]
  0x000001f8fdfb1800 JavaThread "Unconstrained build operations Thread 42" [_thread_blocked, id=20864, stack(0x000000e53e900000,0x000000e53ea00000)]
  0x000001f8fdfb4000 JavaThread "Unconstrained build operations Thread 43" [_thread_blocked, id=37828, stack(0x000000e53ea00000,0x000000e53eb00000)]
  0x000001f8fdfb5800 JavaThread "Unconstrained build operations Thread 44" [_thread_blocked, id=2560, stack(0x000000e53eb00000,0x000000e53ec00000)]
  0x000001f8fdfb3800 JavaThread "Unconstrained build operations Thread 45" [_thread_blocked, id=16008, stack(0x000000e53ec00000,0x000000e53ed00000)]
  0x000001f8fdfb0000 JavaThread "Unconstrained build operations Thread 46" [_thread_blocked, id=39512, stack(0x000000e53ed00000,0x000000e53ee00000)]
  0x000001f8fdfb6800 JavaThread "Unconstrained build operations Thread 47" [_thread_blocked, id=37012, stack(0x000000e53ee00000,0x000000e53ef00000)]
  0x000001f8fdfb1000 JavaThread "Unconstrained build operations Thread 48" [_thread_blocked, id=23548, stack(0x000000e53ef00000,0x000000e53f000000)]
  0x000001f8fdfb7800 JavaThread "Unconstrained build operations Thread 49" [_thread_blocked, id=6964, stack(0x000000e53f000000,0x000000e53f100000)]
  0x000001f8ffaa7000 JavaThread "Unconstrained build operations Thread 50" [_thread_blocked, id=15612, stack(0x000000e53f100000,0x000000e53f200000)]
  0x000001f8ffaa8000 JavaThread "Unconstrained build operations Thread 51" [_thread_blocked, id=37264, stack(0x000000e53f200000,0x000000e53f300000)]
  0x000001f8ffaae800 JavaThread "Unconstrained build operations Thread 52" [_thread_blocked, id=23028, stack(0x000000e53f300000,0x000000e53f400000)]
  0x000001f8ffaaa800 JavaThread "Unconstrained build operations Thread 53" [_thread_blocked, id=18384, stack(0x000000e53f400000,0x000000e53f500000)]
  0x000001f8ffaac000 JavaThread "Unconstrained build operations Thread 54" [_thread_blocked, id=36432, stack(0x000000e53f500000,0x000000e53f600000)]
  0x000001f8ffaab000 JavaThread "Unconstrained build operations Thread 55" [_thread_blocked, id=26124, stack(0x000000e53f600000,0x000000e53f700000)]
  0x000001f8ffaad000 JavaThread "Unconstrained build operations Thread 56" [_thread_blocked, id=11104, stack(0x000000e53f700000,0x000000e53f800000)]
  0x000001f8ffaad800 JavaThread "Unconstrained build operations Thread 57" [_thread_blocked, id=24392, stack(0x000000e53f800000,0x000000e53f900000)]
  0x000001f8ffaa8800 JavaThread "Unconstrained build operations Thread 58" [_thread_blocked, id=36020, stack(0x000000e53f900000,0x000000e53fa00000)]
  0x000001f8ffaaf800 JavaThread "Unconstrained build operations Thread 59" [_thread_blocked, id=23904, stack(0x000000e53fa00000,0x000000e53fb00000)]
  0x000001f8ffaa9800 JavaThread "Unconstrained build operations Thread 60" [_thread_blocked, id=35308, stack(0x000000e53fb00000,0x000000e53fc00000)]
  0x000001f8ffab3800 JavaThread "Unconstrained build operations Thread 61" [_thread_blocked, id=18404, stack(0x000000e53fc00000,0x000000e53fd00000)]
  0x000001f8ffab6000 JavaThread "Unconstrained build operations Thread 62" [_thread_blocked, id=38512, stack(0x000000e53fd00000,0x000000e53fe00000)]
  0x000001f8ffab0000 JavaThread "Unconstrained build operations Thread 63" [_thread_blocked, id=37840, stack(0x000000e53fe00000,0x000000e53ff00000)]
  0x000001f8ffab1000 JavaThread "Unconstrained build operations Thread 64" [_thread_blocked, id=40012, stack(0x000000e53ff00000,0x000000e540000000)]
  0x000001f8ffab2800 JavaThread "Unconstrained build operations Thread 65" [_thread_blocked, id=24080, stack(0x000000e540000000,0x000000e540100000)]
  0x000001f8ffab1800 JavaThread "Unconstrained build operations Thread 66" [_thread_blocked, id=26244, stack(0x000000e540100000,0x000000e540200000)]
  0x000001f8ffab4000 JavaThread "Unconstrained build operations Thread 67" [_thread_blocked, id=26868, stack(0x000000e540200000,0x000000e540300000)]
  0x000001f8ffab5000 JavaThread "Unconstrained build operations Thread 68" [_thread_blocked, id=14780, stack(0x000000e540300000,0x000000e540400000)]
  0x000001f8ffa11000 JavaThread "Unconstrained build operations Thread 69" [_thread_blocked, id=37336, stack(0x000000e540400000,0x000000e540500000)]
  0x000001f8ffa12000 JavaThread "Unconstrained build operations Thread 70" [_thread_blocked, id=10908, stack(0x000000e540500000,0x000000e540600000)]
  0x000001f8ffa10800 JavaThread "Unconstrained build operations Thread 71" [_thread_blocked, id=26028, stack(0x000000e540600000,0x000000e540700000)]
  0x000001f8ffa14800 JavaThread "Unconstrained build operations Thread 72" [_thread_blocked, id=17072, stack(0x000000e540700000,0x000000e540800000)]
  0x000001f8ffa13000 JavaThread "Unconstrained build operations Thread 73" [_thread_blocked, id=29980, stack(0x000000e540800000,0x000000e540900000)]
  0x000001f8ffa0f000 JavaThread "Unconstrained build operations Thread 74" [_thread_blocked, id=35556, stack(0x000000e540900000,0x000000e540a00000)]
  0x000001f8ffa13800 JavaThread "Unconstrained build operations Thread 75" [_thread_blocked, id=9628, stack(0x000000e540a00000,0x000000e540b00000)]
  0x000001f8ffa15800 JavaThread "Unconstrained build operations Thread 76" [_thread_blocked, id=39160, stack(0x000000e540b00000,0x000000e540c00000)]
  0x000001f8ffa0f800 JavaThread "Unconstrained build operations Thread 77" [_thread_blocked, id=12688, stack(0x000000e540c00000,0x000000e540d00000)]
  0x000001f8ffa17000 JavaThread "Unconstrained build operations Thread 78" [_thread_blocked, id=19888, stack(0x000000e540d00000,0x000000e540e00000)]
  0x000001f8ffa18000 JavaThread "Unconstrained build operations Thread 79" [_thread_blocked, id=12356, stack(0x000000e540e00000,0x000000e540f00000)]
  0x000001f8ffa18800 JavaThread "Unconstrained build operations Thread 80" [_thread_blocked, id=40696, stack(0x000000e540f00000,0x000000e541000000)]
  0x000001f8ffa19800 JavaThread "jar transforms Thread 4" [_thread_blocked, id=38312, stack(0x000000e541000000,0x000000e541100000)]
  0x000001f8ffa1a000 JavaThread "jar transforms Thread 5" [_thread_blocked, id=26204, stack(0x000000e541100000,0x000000e541200000)]
  0x000001f8ffa1b000 JavaThread "jar transforms Thread 6" [_thread_blocked, id=36964, stack(0x000000e541200000,0x000000e541300000)]
  0x000001f8ffa1c000 JavaThread "jar transforms Thread 7" [_thread_blocked, id=34192, stack(0x000000e541300000,0x000000e541400000)]
  0x000001f8ffa16000 JavaThread "jar transforms Thread 8" [_thread_blocked, id=27712, stack(0x000000e541400000,0x000000e541500000)]

Other Threads:
  0x000001f8fb2a2800 VMThread "VM Thread" [stack: 0x000000e539200000,0x000000e539300000] [id=36496]
  0x000001f8fbdd6000 WatcherThread [stack: 0x000000e539c00000,0x000000e539d00000] [id=8028]
  0x000001f8e0e19000 GCTaskThread "GC Thread#0" [stack: 0x000000e538d00000,0x000000e538e00000] [id=31776]
  0x000001f8fca93000 GCTaskThread "GC Thread#1" [stack: 0x000000e539e00000,0x000000e539f00000] [id=11400]
  0x000001f8fc7b6000 GCTaskThread "GC Thread#2" [stack: 0x000000e539f00000,0x000000e53a000000] [id=35996]
  0x000001f8fddf6800 GCTaskThread "GC Thread#3" [stack: 0x000000e53ad00000,0x000000e53ae00000] [id=39004]
  0x000001f8fe4e6800 GCTaskThread "GC Thread#4" [stack: 0x000000e53ae00000,0x000000e53af00000] [id=38500]
  0x000001f8fec37000 GCTaskThread "GC Thread#5" [stack: 0x000000e53af00000,0x000000e53b000000] [id=25968]
  0x000001f8fe297800 GCTaskThread "GC Thread#6" [stack: 0x000000e53b000000,0x000000e53b100000] [id=33080]
  0x000001f8fe56f800 GCTaskThread "GC Thread#7" [stack: 0x000000e53b100000,0x000000e53b200000] [id=40144]
  0x000001f8e0e49000 ConcurrentGCThread "G1 Main Marker" [stack: 0x000000e538e00000,0x000000e538f00000] [id=28952]
  0x000001f8e0e4b800 ConcurrentGCThread "G1 Conc#0" [stack: 0x000000e538f00000,0x000000e539000000] [id=21444]
  0x000001f8fd26a800 ConcurrentGCThread "G1 Conc#1" [stack: 0x000000e53b200000,0x000000e53b300000] [id=40276]
  0x000001f8e0ede000 ConcurrentGCThread "G1 Refine#0" [stack: 0x000000e539000000,0x000000e539100000] [id=22560]
  0x000001f8fb0f0800 ConcurrentGCThread "G1 Young RemSet Sampling" [stack: 0x000000e539100000,0x000000e539200000] [id=37836]

Threads with active compile tasks:
C2 CompilerThread0   9825 6010       4       java.util.concurrent.locks.ReentrantLock$Sync::isHeldExclusively (16 bytes)
C2 CompilerThread1   9826 5881   !   4       com.google.common.reflect.TypeVisitor::visit (244 bytes)

VM state:at safepoint (normal execution)

VM Mutex/Monitor currently owned by a thread:  ([mutex/lock_event])
[0x000001f8e0df9850] Threads_lock - owner thread: 0x000001f8fb2a2800
[0x000001f8e0df8c80] Heap_lock - owner thread: 0x000001f8e0e49000

Heap address: 0x0000000080000000, size: 2048 MB, Compressed Oops mode: 32-bit
Narrow klass base: 0x0000000000000000, Narrow klass shift: 3
Compressed class space size: 1073741824 Address: 0x0000000100000000

Heap:
 garbage-first heap   total 157696K, used 56600K [0x0000000080000000, 0x0000000100000000)
  region size 1024K, 6 young (6144K), 3 survivors (3072K)
 Metaspace       used 59149K, capacity 60615K, committed 60752K, reserved 1101824K
  class space    used 7420K, capacity 7982K, committed 8064K, reserved 1048576K
Heap Regions: E=young(eden), S=young(survivor), O=old, HS=humongous(starts), HC=humongous(continues), CS=collection set, F=free, A=archive, TAMS=top-at-mark-start (previous, next)
|   0|0x0000000080000000, 0x0000000080100000, 0x0000000080100000|100%| O|  |TAMS 0x0000000080100000, 0x0000000080000000| Updating 
|   1|0x0000000080100000, 0x0000000080200000, 0x0000000080200000|100%| O|  |TAMS 0x0000000080200000, 0x0000000080100000| Updating 
|   2|0x0000000080200000, 0x0000000080300000, 0x0000000080300000|100%| O|  |TAMS 0x0000000080300000, 0x0000000080200000| Updating 
|   3|0x0000000080300000, 0x0000000080400000, 0x0000000080400000|100%|HS|  |TAMS 0x0000000080400000, 0x0000000080300000| Complete 
|   4|0x0000000080400000, 0x0000000080500000, 0x0000000080500000|100%|HC|  |TAMS 0x0000000080500000, 0x0000000080400000| Complete 
|   5|0x0000000080500000, 0x0000000080600000, 0x0000000080600000|100%|HC|  |TAMS 0x0000000080600000, 0x0000000080500000| Complete 
|   6|0x0000000080600000, 0x0000000080700000, 0x0000000080700000|100%| O|  |TAMS 0x0000000080700000, 0x0000000080600000| Updating 
|   7|0x0000000080700000, 0x0000000080800000, 0x0000000080800000|100%| O|  |TAMS 0x0000000080800000, 0x0000000080700000| Updating 
|   8|0x0000000080800000, 0x0000000080900000, 0x0000000080900000|100%| O|  |TAMS 0x0000000080900000, 0x0000000080800000| Updating 
|   9|0x0000000080900000, 0x0000000080a00000, 0x0000000080a00000|100%| O|  |TAMS 0x0000000080a00000, 0x0000000080900000| Updating 
|  10|0x0000000080a00000, 0x0000000080b00000, 0x0000000080b00000|100%| O|  |TAMS 0x0000000080b00000, 0x0000000080a00000| Updating 
|  11|0x0000000080b00000, 0x0000000080c00000, 0x0000000080c00000|100%| O|  |TAMS 0x0000000080c00000, 0x0000000080b00000| Updating 
|  12|0x0000000080c00000, 0x0000000080d00000, 0x0000000080d00000|100%| O|  |TAMS 0x0000000080d00000, 0x0000000080c00000| Updating 
|  13|0x0000000080d00000, 0x0000000080e00000, 0x0000000080e00000|100%| O|  |TAMS 0x0000000080e00000, 0x0000000080d00000| Updating 
|  14|0x0000000080e00000, 0x0000000080f00000, 0x0000000080f00000|100%| O|  |TAMS 0x0000000080f00000, 0x0000000080e00000| Updating 
|  15|0x0000000080f00000, 0x0000000081000000, 0x0000000081000000|100%|HS|  |TAMS 0x0000000081000000, 0x0000000080f00000| Complete 
|  16|0x0000000081000000, 0x0000000081100000, 0x0000000081100000|100%| O|  |TAMS 0x0000000081100000, 0x0000000081000000| Updating 
|  17|0x0000000081100000, 0x0000000081200000, 0x0000000081200000|100%| O|  |TAMS 0x0000000081200000, 0x0000000081100000| Updating 
|  18|0x0000000081200000, 0x0000000081300000, 0x0000000081300000|100%| O|  |TAMS 0x0000000081300000, 0x0000000081200000| Updating 
|  19|0x0000000081300000, 0x0000000081400000, 0x0000000081400000|100%| O|  |TAMS 0x0000000081400000, 0x0000000081300000| Updating 
|  20|0x0000000081400000, 0x0000000081500000, 0x0000000081500000|100%| O|  |TAMS 0x0000000081500000, 0x0000000081400000| Updating 
|  21|0x0000000081500000, 0x0000000081600000, 0x0000000081600000|100%| O|  |TAMS 0x0000000081600000, 0x0000000081500000| Updating 
|  22|0x0000000081600000, 0x0000000081700000, 0x0000000081700000|100%| O|  |TAMS 0x0000000081700000, 0x0000000081600000| Updating 
|  23|0x0000000081700000, 0x0000000081800000, 0x0000000081800000|100%|HS|  |TAMS 0x0000000081800000, 0x0000000081700000| Complete 
|  24|0x0000000081800000, 0x0000000081900000, 0x0000000081900000|100%|HS|  |TAMS 0x0000000081900000, 0x0000000081800000| Complete 
|  25|0x0000000081900000, 0x0000000081a00000, 0x0000000081a00000|100%|HS|  |TAMS 0x0000000081a00000, 0x0000000081900000| Complete 
|  26|0x0000000081a00000, 0x0000000081b00000, 0x0000000081b00000|100%|HC|  |TAMS 0x0000000081b00000, 0x0000000081a00000| Complete 
|  27|0x0000000081b00000, 0x0000000081c00000, 0x0000000081c00000|100%|HC|  |TAMS 0x0000000081c00000, 0x0000000081b00000| Complete 
|  28|0x0000000081c00000, 0x0000000081d00000, 0x0000000081d00000|100%|HS|  |TAMS 0x0000000081d00000, 0x0000000081c00000| Complete 
|  29|0x0000000081d00000, 0x0000000081e00000, 0x0000000081e00000|100%|HC|  |TAMS 0x0000000081e00000, 0x0000000081d00000| Complete 
|  30|0x0000000081e00000, 0x0000000081f00000, 0x0000000081f00000|100%| O|  |TAMS 0x0000000081f00000, 0x0000000081e00000| Updating 
|  31|0x0000000081f00000, 0x0000000082000000, 0x0000000082000000|100%| O|  |TAMS 0x0000000082000000, 0x0000000081f00000| Updating 
|  32|0x0000000082000000, 0x0000000082100000, 0x0000000082100000|100%| O|  |TAMS 0x0000000082100000, 0x0000000082000000| Updating 
|  33|0x0000000082100000, 0x0000000082200000, 0x0000000082200000|100%| O|  |TAMS 0x0000000082200000, 0x0000000082100000| Updating 
|  34|0x0000000082200000, 0x0000000082300000, 0x0000000082300000|100%| O|  |TAMS 0x0000000082300000, 0x0000000082200000| Updating 
|  35|0x0000000082300000, 0x0000000082400000, 0x0000000082400000|100%| O|  |TAMS 0x0000000082400000, 0x0000000082300000| Updating 
|  36|0x0000000082400000, 0x0000000082500000, 0x0000000082500000|100%| O|  |TAMS 0x0000000082500000, 0x0000000082400000| Updating 
|  37|0x0000000082500000, 0x0000000082600000, 0x0000000082600000|100%| O|  |TAMS 0x0000000082600000, 0x0000000082500000| Updating 
|  38|0x0000000082600000, 0x0000000082700000, 0x0000000082700000|100%| O|  |TAMS 0x0000000082700000, 0x0000000082600000| Updating 
|  39|0x0000000082700000, 0x0000000082800000, 0x0000000082800000|100%| O|  |TAMS 0x0000000082800000, 0x0000000082700000| Updating 
|  40|0x0000000082800000, 0x0000000082900000, 0x0000000082900000|100%| O|  |TAMS 0x0000000082900000, 0x0000000082800000| Updating 
|  41|0x0000000082900000, 0x0000000082a00000, 0x0000000082a00000|100%| O|  |TAMS 0x0000000082a00000, 0x0000000082900000| Updating 
|  42|0x0000000082a00000, 0x0000000082b00000, 0x0000000082b00000|100%| O|  |TAMS 0x0000000082b00000, 0x0000000082a00000| Updating 
|  43|0x0000000082b00000, 0x0000000082c00000, 0x0000000082c00000|100%| O|  |TAMS 0x0000000082c00000, 0x0000000082b00000| Updating 
|  44|0x0000000082c00000, 0x0000000082d00000, 0x0000000082d00000|100%| O|  |TAMS 0x0000000082d00000, 0x0000000082c00000| Updating 
|  45|0x0000000082d00000, 0x0000000082e00000, 0x0000000082e00000|100%| O|  |TAMS 0x0000000082e00000, 0x0000000082d00000| Updating 
|  46|0x0000000082e00000, 0x0000000082f00000, 0x0000000082f00000|100%| O|  |TAMS 0x0000000082f00000, 0x0000000082e00000| Updating 
|  47|0x0000000082f00000, 0x0000000083000000, 0x0000000083000000|100%| O|  |TAMS 0x0000000083000000, 0x0000000082f00000| Updating 
|  48|0x0000000083000000, 0x0000000083100000, 0x0000000083100000|100%| O|  |TAMS 0x0000000083100000, 0x0000000083000000| Updating 
|  49|0x0000000083100000, 0x0000000083200000, 0x0000000083200000|100%| O|  |TAMS 0x0000000083200000, 0x0000000083100000| Updating 
|  50|0x0000000083200000, 0x0000000083200000, 0x0000000083300000|  0%| F|  |TAMS 0x0000000083200000, 0x0000000083200000| Untracked 
|  51|0x0000000083300000, 0x0000000083300000, 0x0000000083400000|  0%| F|  |TAMS 0x0000000083300000, 0x0000000083300000| Untracked 
|  52|0x0000000083400000, 0x0000000083400000, 0x0000000083500000|  0%| F|  |TAMS 0x0000000083400000, 0x0000000083400000| Untracked 
|  53|0x0000000083500000, 0x0000000083500000, 0x0000000083600000|  0%| F|  |TAMS 0x0000000083500000, 0x0000000083500000| Untracked 
|  54|0x0000000083600000, 0x0000000083600000, 0x0000000083700000|  0%| F|  |TAMS 0x0000000083600000, 0x0000000083600000| Untracked 
|  55|0x0000000083700000, 0x0000000083700000, 0x0000000083800000|  0%| F|  |TAMS 0x0000000083700000, 0x0000000083700000| Untracked 
|  56|0x0000000083800000, 0x0000000083800000, 0x0000000083900000|  0%| F|  |TAMS 0x0000000083800000, 0x0000000083800000| Untracked 
|  57|0x0000000083900000, 0x0000000083900000, 0x0000000083a00000|  0%| F|  |TAMS 0x0000000083900000, 0x0000000083900000| Untracked 
|  58|0x0000000083a00000, 0x0000000083a00000, 0x0000000083b00000|  0%| F|  |TAMS 0x0000000083a00000, 0x0000000083a00000| Untracked 
|  59|0x0000000083b00000, 0x0000000083b00000, 0x0000000083c00000|  0%| F|  |TAMS 0x0000000083b00000, 0x0000000083b00000| Untracked 
|  60|0x0000000083c00000, 0x0000000083c00000, 0x0000000083d00000|  0%| F|  |TAMS 0x0000000083c00000, 0x0000000083c00000| Untracked 
|  61|0x0000000083d00000, 0x0000000083d00000, 0x0000000083e00000|  0%| F|  |TAMS 0x0000000083d00000, 0x0000000083d00000| Untracked 
|  62|0x0000000083e00000, 0x0000000083e6f600, 0x0000000083f00000| 43%| O|  |TAMS 0x0000000083e6f600, 0x0000000083e00000| Updating 
|  63|0x0000000083f00000, 0x0000000083f00000, 0x0000000084000000|  0%| F|  |TAMS 0x0000000083f00000, 0x0000000083f00000| Untracked 
|  64|0x0000000084000000, 0x0000000084000000, 0x0000000084100000|  0%| F|  |TAMS 0x0000000084000000, 0x0000000084000000| Untracked 
|  65|0x0000000084100000, 0x0000000084100000, 0x0000000084200000|  0%| F|  |TAMS 0x0000000084100000, 0x0000000084100000| Untracked 
|  66|0x0000000084200000, 0x0000000084200000, 0x0000000084300000|  0%| F|  |TAMS 0x0000000084200000, 0x0000000084200000| Untracked 
|  67|0x0000000084300000, 0x0000000084300000, 0x0000000084400000|  0%| F|  |TAMS 0x0000000084300000, 0x0000000084300000| Untracked 
|  68|0x0000000084400000, 0x0000000084400000, 0x0000000084500000|  0%| F|  |TAMS 0x0000000084400000, 0x0000000084400000| Untracked 
|  69|0x0000000084500000, 0x0000000084500000, 0x0000000084600000|  0%| F|  |TAMS 0x0000000084500000, 0x0000000084500000| Untracked 
|  70|0x0000000084600000, 0x0000000084600000, 0x0000000084700000|  0%| F|  |TAMS 0x0000000084600000, 0x0000000084600000| Untracked 
|  71|0x0000000084700000, 0x0000000084700000, 0x0000000084800000|  0%| F|  |TAMS 0x0000000084700000, 0x0000000084700000| Untracked 
|  72|0x0000000084800000, 0x0000000084800000, 0x0000000084900000|  0%| F|  |TAMS 0x0000000084800000, 0x0000000084800000| Untracked 
|  73|0x0000000084900000, 0x0000000084900000, 0x0000000084a00000|  0%| F|  |TAMS 0x0000000084900000, 0x0000000084900000| Untracked 
|  74|0x0000000084a00000, 0x0000000084a00000, 0x0000000084b00000|  0%| F|  |TAMS 0x0000000084a00000, 0x0000000084a00000| Untracked 
|  75|0x0000000084b00000, 0x0000000084b00000, 0x0000000084c00000|  0%| F|  |TAMS 0x0000000084b00000, 0x0000000084b00000| Untracked 
|  76|0x0000000084c00000, 0x0000000084c00000, 0x0000000084d00000|  0%| F|  |TAMS 0x0000000084c00000, 0x0000000084c00000| Untracked 
|  77|0x0000000084d00000, 0x0000000084d00000, 0x0000000084e00000|  0%| F|  |TAMS 0x0000000084d00000, 0x0000000084d00000| Untracked 
|  78|0x0000000084e00000, 0x0000000084e00000, 0x0000000084f00000|  0%| F|  |TAMS 0x0000000084e00000, 0x0000000084e00000| Untracked 
|  79|0x0000000084f00000, 0x0000000084f00000, 0x0000000085000000|  0%| F|  |TAMS 0x0000000084f00000, 0x0000000084f00000| Untracked 
|  80|0x0000000085000000, 0x0000000085000000, 0x0000000085100000|  0%| F|  |TAMS 0x0000000085000000, 0x0000000085000000| Untracked 
|  81|0x0000000085100000, 0x0000000085100000, 0x0000000085200000|  0%| F|  |TAMS 0x0000000085100000, 0x0000000085100000| Untracked 
|  82|0x0000000085200000, 0x0000000085200000, 0x0000000085300000|  0%| F|  |TAMS 0x0000000085200000, 0x0000000085200000| Untracked 
|  83|0x0000000085300000, 0x0000000085300000, 0x0000000085400000|  0%| F|  |TAMS 0x0000000085300000, 0x0000000085300000| Untracked 
|  84|0x0000000085400000, 0x0000000085400000, 0x0000000085500000|  0%| F|  |TAMS 0x0000000085400000, 0x0000000085400000| Untracked 
|  85|0x0000000085500000, 0x0000000085500000, 0x0000000085600000|  0%| F|  |TAMS 0x0000000085500000, 0x0000000085500000| Untracked 
|  86|0x0000000085600000, 0x0000000085600000, 0x0000000085700000|  0%| F|  |TAMS 0x0000000085600000, 0x0000000085600000| Untracked 
|  87|0x0000000085700000, 0x0000000085700000, 0x0000000085800000|  0%| F|  |TAMS 0x0000000085700000, 0x0000000085700000| Untracked 
|  88|0x0000000085800000, 0x0000000085800000, 0x0000000085900000|  0%| F|  |TAMS 0x0000000085800000, 0x0000000085800000| Untracked 
|  89|0x0000000085900000, 0x0000000085900000, 0x0000000085a00000|  0%| F|  |TAMS 0x0000000085900000, 0x0000000085900000| Untracked 
|  90|0x0000000085a00000, 0x0000000085a00000, 0x0000000085b00000|  0%| F|  |TAMS 0x0000000085a00000, 0x0000000085a00000| Untracked 
|  91|0x0000000085b00000, 0x0000000085bd6d00, 0x0000000085c00000| 83%| S|CS|TAMS 0x0000000085b00000, 0x0000000085b00000| Complete 
|  92|0x0000000085c00000, 0x0000000085d00000, 0x0000000085d00000|100%| S|CS|TAMS 0x0000000085c00000, 0x0000000085c00000| Complete 
|  93|0x0000000085d00000, 0x0000000085e00000, 0x0000000085e00000|100%| S|CS|TAMS 0x0000000085d00000, 0x0000000085d00000| Complete 
|  94|0x0000000085e00000, 0x0000000085e00000, 0x0000000085f00000|  0%| F|  |TAMS 0x0000000085e00000, 0x0000000085e00000| Untracked 
|  95|0x0000000085f00000, 0x0000000085f00000, 0x0000000086000000|  0%| F|  |TAMS 0x0000000085f00000, 0x0000000085f00000| Untracked 
|  96|0x0000000086000000, 0x0000000086000000, 0x0000000086100000|  0%| F|  |TAMS 0x0000000086000000, 0x0000000086000000| Untracked 
|  97|0x0000000086100000, 0x0000000086100000, 0x0000000086200000|  0%| F|  |TAMS 0x0000000086100000, 0x0000000086100000| Untracked 
|  98|0x0000000086200000, 0x0000000086200000, 0x0000000086300000|  0%| F|  |TAMS 0x0000000086200000, 0x0000000086200000| Untracked 
|  99|0x0000000086300000, 0x0000000086300000, 0x0000000086400000|  0%| F|  |TAMS 0x0000000086300000, 0x0000000086300000| Untracked 
| 100|0x0000000086400000, 0x0000000086400000, 0x0000000086500000|  0%| F|  |TAMS 0x0000000086400000, 0x0000000086400000| Untracked 
| 101|0x0000000086500000, 0x0000000086500000, 0x0000000086600000|  0%| F|  |TAMS 0x0000000086500000, 0x0000000086500000| Untracked 
| 102|0x0000000086600000, 0x0000000086600000, 0x0000000086700000|  0%| F|  |TAMS 0x0000000086600000, 0x0000000086600000| Untracked 
| 103|0x0000000086700000, 0x0000000086700000, 0x0000000086800000|  0%| F|  |TAMS 0x0000000086700000, 0x0000000086700000| Untracked 
| 104|0x0000000086800000, 0x0000000086800000, 0x0000000086900000|  0%| F|  |TAMS 0x0000000086800000, 0x0000000086800000| Untracked 
| 105|0x0000000086900000, 0x0000000086900000, 0x0000000086a00000|  0%| F|  |TAMS 0x0000000086900000, 0x0000000086900000| Untracked 
| 106|0x0000000086a00000, 0x0000000086a00000, 0x0000000086b00000|  0%| F|  |TAMS 0x0000000086a00000, 0x0000000086a00000| Untracked 
| 107|0x0000000086b00000, 0x0000000086b00000, 0x0000000086c00000|  0%| F|  |TAMS 0x0000000086b00000, 0x0000000086b00000| Untracked 
| 108|0x0000000086c00000, 0x0000000086c00000, 0x0000000086d00000|  0%| F|  |TAMS 0x0000000086c00000, 0x0000000086c00000| Untracked 
| 109|0x0000000086d00000, 0x0000000086d00000, 0x0000000086e00000|  0%| F|  |TAMS 0x0000000086d00000, 0x0000000086d00000| Untracked 
| 110|0x0000000086e00000, 0x0000000086e00000, 0x0000000086f00000|  0%| F|  |TAMS 0x0000000086e00000, 0x0000000086e00000| Untracked 
| 111|0x0000000086f00000, 0x0000000086f00000, 0x0000000087000000|  0%| F|  |TAMS 0x0000000086f00000, 0x0000000086f00000| Untracked 
| 112|0x0000000087000000, 0x0000000087000000, 0x0000000087100000|  0%| F|  |TAMS 0x0000000087000000, 0x0000000087000000| Untracked 
| 113|0x0000000087100000, 0x0000000087100000, 0x0000000087200000|  0%| F|  |TAMS 0x0000000087100000, 0x0000000087100000| Untracked 
| 114|0x0000000087200000, 0x0000000087200000, 0x0000000087300000|  0%| F|  |TAMS 0x0000000087200000, 0x0000000087200000| Untracked 
| 115|0x0000000087300000, 0x0000000087300000, 0x0000000087400000|  0%| F|  |TAMS 0x0000000087300000, 0x0000000087300000| Untracked 
| 116|0x0000000087400000, 0x0000000087400000, 0x0000000087500000|  0%| F|  |TAMS 0x0000000087400000, 0x0000000087400000| Untracked 
| 117|0x0000000087500000, 0x0000000087500000, 0x0000000087600000|  0%| F|  |TAMS 0x0000000087500000, 0x0000000087500000| Untracked 
| 118|0x0000000087600000, 0x0000000087600000, 0x0000000087700000|  0%| F|  |TAMS 0x0000000087600000, 0x0000000087600000| Untracked 
| 119|0x0000000087700000, 0x0000000087700000, 0x0000000087800000|  0%| F|  |TAMS 0x0000000087700000, 0x0000000087700000| Untracked 
| 120|0x0000000087800000, 0x0000000087800000, 0x0000000087900000|  0%| F|  |TAMS 0x0000000087800000, 0x0000000087800000| Untracked 
| 121|0x0000000087900000, 0x0000000087900000, 0x0000000087a00000|  0%| F|  |TAMS 0x0000000087900000, 0x0000000087900000| Untracked 
| 122|0x0000000087a00000, 0x0000000087a00000, 0x0000000087b00000|  0%| F|  |TAMS 0x0000000087a00000, 0x0000000087a00000| Untracked 
| 123|0x0000000087b00000, 0x0000000087b00000, 0x0000000087c00000|  0%| F|  |TAMS 0x0000000087b00000, 0x0000000087b00000| Untracked 
| 124|0x0000000087c00000, 0x0000000087c00000, 0x0000000087d00000|  0%| F|  |TAMS 0x0000000087c00000, 0x0000000087c00000| Untracked 
| 125|0x0000000087d00000, 0x0000000087d00000, 0x0000000087e00000|  0%| F|  |TAMS 0x0000000087d00000, 0x0000000087d00000| Untracked 
| 126|0x0000000087e00000, 0x0000000087e00000, 0x0000000087f00000|  0%| F|  |TAMS 0x0000000087e00000, 0x0000000087e00000| Untracked 
| 127|0x0000000087f00000, 0x0000000087f00000, 0x0000000088000000|  0%| F|  |TAMS 0x0000000087f00000, 0x0000000087f00000| Untracked 
| 128|0x0000000088000000, 0x0000000088000000, 0x0000000088100000|  0%| F|  |TAMS 0x0000000088000000, 0x0000000088000000| Untracked 
| 129|0x0000000088100000, 0x0000000088100000, 0x0000000088200000|  0%| F|  |TAMS 0x0000000088100000, 0x0000000088100000| Untracked 
| 130|0x0000000088200000, 0x0000000088200000, 0x0000000088300000|  0%| F|  |TAMS 0x0000000088200000, 0x0000000088200000| Untracked 
| 131|0x0000000088300000, 0x0000000088300000, 0x0000000088400000|  0%| F|  |TAMS 0x0000000088300000, 0x0000000088300000| Untracked 
| 132|0x0000000088400000, 0x0000000088400000, 0x0000000088500000|  0%| F|  |TAMS 0x0000000088400000, 0x0000000088400000| Untracked 
| 133|0x0000000088500000, 0x0000000088500000, 0x0000000088600000|  0%| F|  |TAMS 0x0000000088500000, 0x0000000088500000| Untracked 
| 134|0x0000000088600000, 0x0000000088600000, 0x0000000088700000|  0%| F|  |TAMS 0x0000000088600000, 0x0000000088600000| Untracked 
| 135|0x0000000088700000, 0x0000000088700000, 0x0000000088800000|  0%| F|  |TAMS 0x0000000088700000, 0x0000000088700000| Untracked 
| 136|0x0000000088800000, 0x0000000088800000, 0x0000000088900000|  0%| F|  |TAMS 0x0000000088800000, 0x0000000088800000| Untracked 
| 137|0x0000000088900000, 0x0000000088900000, 0x0000000088a00000|  0%| F|  |TAMS 0x0000000088900000, 0x0000000088900000| Untracked 
| 138|0x0000000088a00000, 0x0000000088a00000, 0x0000000088b00000|  0%| F|  |TAMS 0x0000000088a00000, 0x0000000088a00000| Untracked 
| 139|0x0000000088b00000, 0x0000000088b00000, 0x0000000088c00000|  0%| F|  |TAMS 0x0000000088b00000, 0x0000000088b00000| Untracked 
| 140|0x0000000088c00000, 0x0000000088c00000, 0x0000000088d00000|  0%| F|  |TAMS 0x0000000088c00000, 0x0000000088c00000| Untracked 
| 141|0x0000000088d00000, 0x0000000088d00000, 0x0000000088e00000|  0%| F|  |TAMS 0x0000000088d00000, 0x0000000088d00000| Untracked 
| 142|0x0000000088e00000, 0x0000000088e00000, 0x0000000088f00000|  0%| F|  |TAMS 0x0000000088e00000, 0x0000000088e00000| Untracked 
| 143|0x0000000088f00000, 0x0000000088f00000, 0x0000000089000000|  0%| F|  |TAMS 0x0000000088f00000, 0x0000000088f00000| Untracked 
| 144|0x0000000089000000, 0x0000000089000000, 0x0000000089100000|  0%| F|  |TAMS 0x0000000089000000, 0x0000000089000000| Untracked 
| 145|0x0000000089100000, 0x0000000089100000, 0x0000000089200000|  0%| F|  |TAMS 0x0000000089100000, 0x0000000089100000| Untracked 
| 146|0x0000000089200000, 0x0000000089200000, 0x0000000089300000|  0%| F|  |TAMS 0x0000000089200000, 0x0000000089200000| Untracked 
| 147|0x0000000089300000, 0x0000000089300000, 0x0000000089400000|  0%| F|  |TAMS 0x0000000089300000, 0x0000000089300000| Untracked 
| 148|0x0000000089400000, 0x0000000089400000, 0x0000000089500000|  0%| F|  |TAMS 0x0000000089400000, 0x0000000089400000| Untracked 
| 149|0x0000000089500000, 0x0000000089500000, 0x0000000089600000|  0%| F|  |TAMS 0x0000000089500000, 0x0000000089500000| Untracked 
| 150|0x0000000089600000, 0x0000000089700000, 0x0000000089700000|100%| E|  |TAMS 0x0000000089600000, 0x0000000089600000| Complete 
| 151|0x0000000089700000, 0x0000000089800000, 0x0000000089800000|100%| E|CS|TAMS 0x0000000089700000, 0x0000000089700000| Complete 
| 152|0x0000000089800000, 0x0000000089900000, 0x0000000089900000|100%| E|CS|TAMS 0x0000000089800000, 0x0000000089800000| Complete 
| 153|0x0000000089900000, 0x0000000089a00000, 0x0000000089a00000|100%| E|CS|TAMS 0x0000000089900000, 0x0000000089900000| Complete 

Card table byte_map: [0x000001f8f4050000,0x000001f8f4450000] _byte_map_base: 0x000001f8f3c50000

Marking Bits (Prev, Next): (CMBitMap*) 0x000001f8e0e402a0, (CMBitMap*) 0x000001f8e0e40268
 Prev Bits: [0x000001f8f6850000, 0x000001f8f8850000)
 Next Bits: [0x000001f8f4850000, 0x000001f8f6850000)

Polling page: 0x000001f8dede0000

Metaspace:

Usage:
  Non-class:     51.40 MB capacity,    50.52 MB ( 98%) used,   741.69 KB (  1%) free+waste,   158.88 KB ( <1%) overhead. 
      Class:      7.79 MB capacity,     7.26 MB ( 93%) used,   478.02 KB (  6%) free+waste,    74.81 KB ( <1%) overhead. 
       Both:     59.19 MB capacity,    57.78 MB ( 98%) used,     1.19 MB (  2%) free+waste,   233.69 KB ( <1%) overhead. 

Virtual space:
  Non-class space:       52.00 MB reserved,      51.45 MB ( 99%) committed 
      Class space:        1.00 GB reserved,       7.88 MB ( <1%) committed 
             Both:        1.05 GB reserved,      59.33 MB (  6%) committed 

Chunk freelists:
   Non-Class:  0 bytes
       Class:  18.00 KB
        Both:  18.00 KB

MaxMetaspaceSize: 17179869184.00 GB
CompressedClassSpaceSize: 1.00 GB
Initial GC threshold: 20.80 MB
Current GC threshold: 98.88 MB
CDS: off

CodeHeap 'non-profiled nmethods': size=120000Kb used=3260Kb max_used=3260Kb free=116740Kb
 bounds [0x000001f8ec3f0000, 0x000001f8ec720000, 0x000001f8f3920000]
CodeHeap 'profiled nmethods': size=120000Kb used=12748Kb max_used=12748Kb free=107251Kb
 bounds [0x000001f8e4ec0000, 0x000001f8e5b40000, 0x000001f8ec3f0000]
CodeHeap 'non-nmethods': size=5760Kb used=2311Kb max_used=2339Kb free=3448Kb
 bounds [0x000001f8e4920000, 0x000001f8e4b90000, 0x000001f8e4ec0000]
 total_blobs=6821 nmethods=6002 adapters=731
 compilation: enabled
              stopped_count=0, restarted_count=0
 full_count=0

Compilation events (20 events):
Event: 9.722 Thread 0x000001f8fb2d3000 6014       3       org.gradle.api.internal.provider.sources.GradlePropertyValueSource$Inject::$gradleServices (13 bytes)
Event: 9.722 Thread 0x000001f8fb2d3000 nmethod 6014 0x000001f8e5b09b90 code [0x000001f8e5b09d60, 0x000001f8e5b0a0a8]
Event: 9.722 Thread 0x000001f8fb2d3000 6016       3       java.lang.Class::isLocalClass (27 bytes)
Event: 9.723 Thread 0x000001f8fb2d3000 nmethod 6016 0x000001f8e5b0a190 code [0x000001f8e5b0a380, 0x000001f8e5b0a718]
Event: 9.723 Thread 0x000001f8fb2d3000 6018       3       java.lang.Class::arrayContentsEq (70 bytes)
Event: 9.723 Thread 0x000001f8fb2d3000 nmethod 6018 0x000001f8e5b0a890 code [0x000001f8e5b0aa60, 0x000001f8e5b0ae58]
Event: 9.723 Thread 0x000001f8fb2d3000 6017       3       java.lang.Class::isMemberClass (20 bytes)
Event: 9.724 Thread 0x000001f8fb2d3000 nmethod 6017 0x000001f8e5b0af90 code [0x000001f8e5b0b180, 0x000001f8e5b0b4a8]
Event: 9.724 Thread 0x000001f8fb2d3000 6022       3       org.gradle.internal.service.DefaultServiceRegistry::findProviderMethods (203 bytes)
Event: 9.727 Thread 0x000001f8fb2d3000 nmethod 6022 0x000001f8e5b0b610 code [0x000001f8e5b0bc00, 0x000001f8e5b0f1b8]
Event: 9.727 Thread 0x000001f8fb2d3000 6019       3       org.gradle.internal.Try::successful (9 bytes)
Event: 9.728 Thread 0x000001f8fb2d3000 nmethod 6019 0x000001f8e5b10310 code [0x000001f8e5b104e0, 0x000001f8e5b107f8]
Event: 9.728 Thread 0x000001f8fb2d3000 6020       3       org.gradle.internal.Try$Success::<init> (11 bytes)
Event: 9.728 Thread 0x000001f8fb2d3000 nmethod 6020 0x000001f8e5b10990 code [0x000001f8e5b10b60, 0x000001f8e5b10dd8]
Event: 9.728 Thread 0x000001f8fb2d3000 6021       3       org.gradle.internal.Try::<init> (5 bytes)
Event: 9.728 Thread 0x000001f8fb2d3000 nmethod 6021 0x000001f8e5b10f10 code [0x000001f8e5b110c0, 0x000001f8e5b11278]
Event: 9.728 Thread 0x000001f8fb2d3000 6023       3       org.gradle.api.internal.provider.AbstractProperty$NonFinalizedValue::beforeMutate (34 bytes)
Event: 9.730 Thread 0x000001f8fb2d3000 nmethod 6023 0x000001f8e5b11390 code [0x000001f8e5b11640, 0x000001f8e5b12238]
Event: 9.730 Thread 0x000001f8fb2d3000 6015       3       org.gradle.internal.concurrent.CompositeStoppable::stoppable (12 bytes)
Event: 9.731 Thread 0x000001f8fb2d3000 nmethod 6015 0x000001f8e5b12690 code [0x000001f8e5b128c0, 0x000001f8e5b131b8]

GC Heap History (18 events):
Event: 0.900 GC heap before
{Heap before GC invocations=0 (full 0):
 garbage-first heap   total 131072K, used 29696K [0x0000000080000000, 0x0000000100000000)
  region size 1024K, 24 young (24576K), 0 survivors (0K)
 Metaspace       used 10139K, capacity 10333K, committed 10624K, reserved 1058816K
  class space    used 1041K, capacity 1108K, committed 1152K, reserved 1048576K
}
Event: 0.906 GC heap after
{Heap after GC invocations=1 (full 0):
 garbage-first heap   total 131072K, used 9215K [0x0000000080000000, 0x0000000100000000)
  region size 1024K, 3 young (3072K), 3 survivors (3072K)
 Metaspace       used 10139K, capacity 10333K, committed 10624K, reserved 1058816K
  class space    used 1041K, capacity 1108K, committed 1152K, reserved 1048576K
}
Event: 1.813 GC heap before
{Heap before GC invocations=1 (full 0):
 garbage-first heap   total 131072K, used 66559K [0x0000000080000000, 0x0000000100000000)
  region size 1024K, 59 young (60416K), 3 survivors (3072K)
 Metaspace       used 13290K, capacity 13597K, committed 13952K, reserved 1060864K
  class space    used 1446K, capacity 1559K, committed 1664K, reserved 1048576K
}
Event: 1.822 GC heap after
{Heap after GC invocations=2 (full 0):
 garbage-first heap   total 131072K, used 15121K [0x0000000080000000, 0x0000000100000000)
  region size 1024K, 8 young (8192K), 8 survivors (8192K)
 Metaspace       used 13290K, capacity 13597K, committed 13952K, reserved 1060864K
  class space    used 1446K, capacity 1559K, committed 1664K, reserved 1048576K
}
Event: 3.608 GC heap before
{Heap before GC invocations=2 (full 0):
 garbage-first heap   total 131072K, used 65297K [0x0000000080000000, 0x0000000100000000)
  region size 1024K, 58 young (59392K), 8 survivors (8192K)
 Metaspace       used 20843K, capacity 21193K, committed 21296K, reserved 1069056K
  class space    used 2534K, capacity 2688K, committed 2688K, reserved 1048576K
}
Event: 3.619 GC heap after
{Heap after GC invocations=3 (full 0):
 garbage-first heap   total 131072K, used 17310K [0x0000000080000000, 0x0000000100000000)
  region size 1024K, 3 young (3072K), 3 survivors (3072K)
 Metaspace       used 20843K, capacity 21193K, committed 21296K, reserved 1069056K
  class space    used 2534K, capacity 2688K, committed 2688K, reserved 1048576K
}
Event: 4.417 GC heap before
{Heap before GC invocations=4 (full 0):
 garbage-first heap   total 131072K, used 78750K [0x0000000080000000, 0x0000000100000000)
  region size 1024K, 63 young (64512K), 3 survivors (3072K)
 Metaspace       used 26959K, capacity 27547K, committed 27776K, reserved 1073152K
  class space    used 3493K, capacity 3708K, committed 3712K, reserved 1048576K
}
Event: 4.423 GC heap after
{Heap after GC invocations=5 (full 0):
 garbage-first heap   total 131072K, used 19273K [0x0000000080000000, 0x0000000100000000)
  region size 1024K, 5 young (5120K), 5 survivors (5120K)
 Metaspace       used 26959K, capacity 27547K, committed 27776K, reserved 1073152K
  class space    used 3493K, capacity 3708K, committed 3712K, reserved 1048576K
}
Event: 5.556 GC heap before
{Heap before GC invocations=5 (full 0):
 garbage-first heap   total 131072K, used 74569K [0x0000000080000000, 0x0000000100000000)
  region size 1024K, 60 young (61440K), 5 survivors (5120K)
 Metaspace       used 35185K, capacity 35936K, committed 36048K, reserved 1081344K
  class space    used 4520K, capacity 4805K, committed 4864K, reserved 1048576K
}
Event: 5.567 GC heap after
{Heap after GC invocations=6 (full 0):
 garbage-first heap   total 131072K, used 22708K [0x0000000080000000, 0x0000000100000000)
  region size 1024K, 8 young (8192K), 8 survivors (8192K)
 Metaspace       used 35185K, capacity 35936K, committed 36048K, reserved 1081344K
  class space    used 4520K, capacity 4805K, committed 4864K, reserved 1048576K
}
Event: 6.518 GC heap before
{Heap before GC invocations=7 (full 0):
 garbage-first heap   total 131072K, used 93364K [0x0000000080000000, 0x0000000100000000)
  region size 1024K, 75 young (76800K), 8 survivors (8192K)
 Metaspace       used 40579K, capacity 41583K, committed 41808K, reserved 1085440K
  class space    used 5125K, capacity 5486K, committed 5504K, reserved 1048576K
}
Event: 6.531 GC heap after
{Heap after GC invocations=8 (full 0):
 garbage-first heap   total 157696K, used 28045K [0x0000000080000000, 0x0000000100000000)
  region size 1024K, 9 young (9216K), 9 survivors (9216K)
 Metaspace       used 40579K, capacity 41583K, committed 41808K, reserved 1085440K
  class space    used 5125K, capacity 5486K, committed 5504K, reserved 1048576K
}
Event: 7.452 GC heap before
{Heap before GC invocations=8 (full 0):
 garbage-first heap   total 157696K, used 105869K [0x0000000080000000, 0x0000000100000000)
  region size 1024K, 85 young (87040K), 9 survivors (9216K)
 Metaspace       used 46914K, capacity 48108K, committed 48464K, reserved 1091584K
  class space    used 5962K, capacity 6417K, committed 6528K, reserved 1048576K
}
Event: 7.464 GC heap after
{Heap after GC invocations=9 (full 0):
 garbage-first heap   total 157696K, used 30911K [0x0000000080000000, 0x0000000100000000)
  region size 1024K, 9 young (9216K), 9 survivors (9216K)
 Metaspace       used 46914K, capacity 48108K, committed 48464K, reserved 1091584K
  class space    used 5962K, capacity 6417K, committed 6528K, reserved 1048576K
}
Event: 8.724 GC heap before
{Heap before GC invocations=9 (full 0):
 garbage-first heap   total 157696K, used 123071K [0x0000000080000000, 0x0000000100000000)
  region size 1024K, 92 young (94208K), 9 survivors (9216K)
 Metaspace       used 50468K, capacity 51916K, committed 52048K, reserved 1093632K
  class space    used 6381K, capacity 6919K, committed 7040K, reserved 1048576K
}
Event: 8.739 GC heap after
{Heap after GC invocations=10 (full 0):
 garbage-first heap   total 157696K, used 50255K [0x0000000080000000, 0x0000000100000000)
  region size 1024K, 12 young (12288K), 12 survivors (12288K)
 Metaspace       used 50468K, capacity 51916K, committed 52048K, reserved 1093632K
  class space    used 6381K, capacity 6919K, committed 7040K, reserved 1048576K
}
Event: 9.746 GC heap before
{Heap before GC invocations=10 (full 0):
 garbage-first heap   total 157696K, used 110671K [0x0000000080000000, 0x0000000100000000)
  region size 1024K, 72 young (73728K), 12 survivors (12288K)
 Metaspace       used 58915K, capacity 60369K, committed 60496K, reserved 1101824K
  class space    used 7373K, capacity 7941K, committed 8064K, reserved 1048576K
}
Event: 9.767 GC heap after
{Heap after GC invocations=11 (full 0):
 garbage-first heap   total 157696K, used 54552K [0x0000000080000000, 0x0000000100000000)
  region size 1024K, 3 young (3072K), 3 survivors (3072K)
 Metaspace       used 58915K, capacity 60369K, committed 60496K, reserved 1101824K
  class space    used 7373K, capacity 7941K, committed 8064K, reserved 1048576K
}

Deoptimization events (20 events):
Event: 9.206 Thread 0x000001f8fdddd800 DEOPT PACKING pc=0x000001f8e532f497 sp=0x000000e53a5f60d0
Event: 9.206 Thread 0x000001f8fdddd800 DEOPT UNPACKING pc=0x000001f8e496a95e sp=0x000000e53a5f5658 mode 0
Event: 9.210 Thread 0x000001f8fdddd800 DEOPT PACKING pc=0x000001f8e532f497 sp=0x000000e53a5f6160
Event: 9.210 Thread 0x000001f8fdddd800 DEOPT UNPACKING pc=0x000001f8e496a95e sp=0x000000e53a5f56e8 mode 0
Event: 9.212 Thread 0x000001f8fdddd800 DEOPT PACKING pc=0x000001f8e532f497 sp=0x000000e53a5f5f70
Event: 9.212 Thread 0x000001f8fdddd800 DEOPT UNPACKING pc=0x000001f8e496a95e sp=0x000000e53a5f54f8 mode 0
Event: 9.214 Thread 0x000001f8fdddd800 DEOPT PACKING pc=0x000001f8e532f497 sp=0x000000e53a5f6050
Event: 9.214 Thread 0x000001f8fdddd800 DEOPT UNPACKING pc=0x000001f8e496a95e sp=0x000000e53a5f55d8 mode 0
Event: 9.216 Thread 0x000001f8fdddd800 DEOPT PACKING pc=0x000001f8e532f497 sp=0x000000e53a5f6160
Event: 9.216 Thread 0x000001f8fdddd800 DEOPT UNPACKING pc=0x000001f8e496a95e sp=0x000000e53a5f56e8 mode 0
Event: 9.217 Thread 0x000001f8fdddd800 DEOPT PACKING pc=0x000001f8e532f497 sp=0x000000e53a5f5e80
Event: 9.217 Thread 0x000001f8fdddd800 DEOPT UNPACKING pc=0x000001f8e496a95e sp=0x000000e53a5f5408 mode 0
Event: 9.324 Thread 0x000001f8fdddd800 Uncommon trap: trap_request=0xffffff4d fr.pc=0x000001f8ec6e2084 relative=0x0000000000000324
Event: 9.324 Thread 0x000001f8fdddd800 Uncommon trap: reason=unstable_if action=reinterpret pc=0x000001f8ec6e2084 method=org.gradle.internal.instantiation.generator.AbstractClassGenerator$InjectionAnnotationValidator.validateMethod(Ljava/lang/reflect/Method;Lorg/gradle/internal/reflect/Propert
Event: 9.324 Thread 0x000001f8fdddd800 DEOPT PACKING pc=0x000001f8ec6e2084 sp=0x000000e53a5f74a0
Event: 9.324 Thread 0x000001f8fdddd800 DEOPT UNPACKING pc=0x000001f8e496a1af sp=0x000000e53a5f7468 mode 2
Event: 9.767 Thread 0x000001f8fbd7f000 Uncommon trap: trap_request=0xffffffde fr.pc=0x000001f8ec5370ec relative=0x000000000000052c
Event: 9.767 Thread 0x000001f8fbd7f000 Uncommon trap: reason=class_check action=maybe_recompile pc=0x000001f8ec5370ec method=jdk.internal.ref.PhantomCleanable.clean()V @ 12 c2
Event: 9.767 Thread 0x000001f8fbd7f000 DEOPT PACKING pc=0x000001f8ec5370ec sp=0x000000e539bfeef0
Event: 9.767 Thread 0x000001f8fbd7f000 DEOPT UNPACKING pc=0x000001f8e496a1af sp=0x000000e539bfeed0 mode 2

Classes redefined (0 events):
No events

Internal exceptions (20 events):
Event: 8.560 Thread 0x000001f8fd3ae800 Exception <a 'java/lang/NoSuchMethodError'{0x0000000085015da8}: <clinit>> (0x0000000085015da8) thrown at [./src/hotspot/share/prims/jni.cpp, line 1366]
Event: 8.561 Thread 0x000001f8fd3ae800 Exception <a 'java/lang/NoSuchMethodError'{0x0000000085016eb8}: <clinit>> (0x0000000085016eb8) thrown at [./src/hotspot/share/prims/jni.cpp, line 1366]
Event: 8.561 Thread 0x000001f8fd3ae800 Exception <a 'java/lang/NoSuchMethodError'{0x00000000850181c0}: <clinit>> (0x00000000850181c0) thrown at [./src/hotspot/share/prims/jni.cpp, line 1366]
Event: 8.561 Thread 0x000001f8fd3ae800 Exception <a 'java/lang/NoSuchMethodError'{0x00000000850191e0}: <clinit>> (0x00000000850191e0) thrown at [./src/hotspot/share/prims/jni.cpp, line 1366]
Event: 8.563 Thread 0x000001f8fd3ae800 Exception <a 'java/lang/NoSuchMethodError'{0x000000008502b510}: <clinit>> (0x000000008502b510) thrown at [./src/hotspot/share/prims/jni.cpp, line 1366]
Event: 8.564 Thread 0x000001f8fd3ae800 Exception <a 'java/lang/NoSuchMethodError'{0x0000000085035b38}: <clinit>> (0x0000000085035b38) thrown at [./src/hotspot/share/prims/jni.cpp, line 1366]
Event: 8.567 Thread 0x000001f8fd3ae800 Exception <a 'java/lang/NoSuchMethodError'{0x0000000085049488}: <clinit>> (0x0000000085049488) thrown at [./src/hotspot/share/prims/jni.cpp, line 1366]
Event: 8.574 Thread 0x000001f8fdddd800 Exception <a 'java/lang/ClassNotFoundException'{0x00000000850acd58}: build_4eukydfl6uxbk548vk6u0uafBeanInfo> (0x00000000850acd58) thrown at [./src/hotspot/share/classfile/systemDictionary.cpp, line 231]
Event: 8.574 Thread 0x000001f8fdddd800 Exception <a 'java/lang/ClassNotFoundException'{0x00000000850b8698}: build_4eukydfl6uxbk548vk6u0uafCustomizer> (0x00000000850b8698) thrown at [./src/hotspot/share/classfile/systemDictionary.cpp, line 231]
Event: 8.607 Thread 0x000001f8fdddd800 Implicit null exception at 0x000001f8ec65a931 to 0x000001f8ec65b0c0
Event: 8.607 Thread 0x000001f8fdddd800 Implicit null exception at 0x000001f8ec666c96 to 0x000001f8ec667408
Event: 8.649 Thread 0x000001f8fdddd800 Exception <a 'java/lang/ClassNotFoundException'{0x0000000084383b08}: org/gradle/api/internal/plugins/DefaultObjectConfigurationActionBeanInfo> (0x0000000084383b08) thrown at [./src/hotspot/share/classfile/systemDictionary.cpp, line 231]
Event: 8.650 Thread 0x000001f8fdddd800 Exception <a 'java/lang/ClassNotFoundException'{0x00000000843ba960}: org/gradle/api/internal/plugins/DefaultObjectConfigurationActionCustomizer> (0x00000000843ba960) thrown at [./src/hotspot/share/classfile/systemDictionary.cpp, line 231]
Event: 8.814 Thread 0x000001f8fdddd800 Exception <a 'java/lang/NoSuchMethodError'{0x0000000089462210}: 'java.lang.Object java.lang.invoke.DirectMethodHandle$Holder.invokeStatic(java.lang.Object, java.lang.Object, java.lang.Object, java.lang.Object, int)'> (0x0000000089462210) thrown at [./src/hotspot/share/interpreter/linkResolver.cpp, line 773]
Event: 8.814 Thread 0x000001f8fdddd800 Exception <a 'java/lang/NoSuchMethodError'{0x0000000089466c08}: 'java.lang.Object java.lang.invoke.DirectMethodHandle$Holder.invokeSpecial(java.lang.Object, java.lang.Object, java.lang.Object, java.lang.Object, java.lang.Object, int)'> (0x0000000089466c08) thrown at [./src/hotspot/share/interpreter/linkResolver.cpp, line 773]
Event: 8.814 Thread 0x000001f8fdddd800 Exception <a 'java/lang/NoSuchMethodError'{0x000000008946b248}: 'java.lang.Object java.lang.invoke.Invokers$Holder.linkToTargetMethod(java.lang.Object, java.lang.Object, java.lang.Object, int, java.lang.Object)'> (0x000000008946b248) thrown at [./src/hotspot/share/interpreter/linkResolver.cpp, line 773]
Event: 9.059 Thread 0x000001f8fdddd800 Exception <a 'java/lang/NoSuchMethodError'{0x000000008841edf0}: 'java.lang.Object java.lang.invoke.DirectMethodHandle$Holder.invokeSpecial(java.lang.Object, java.lang.Object, int, int, java.lang.Object, java.lang.Object, java.lang.Object)'> (0x000000008841edf0) thrown at [./src/hotspot/share/interpreter/linkResolver.cpp, line 773]
Event: 9.060 Thread 0x000001f8fdddd800 Exception <a 'java/lang/NoSuchMethodError'{0x0000000088423370}: 'java.lang.Object java.lang.invoke.DelegatingMethodHandle$Holder.reinvoke_L(java.lang.Object, int, int, java.lang.Object, java.lang.Object, java.lang.Object)'> (0x0000000088423370) thrown at [./src/hotspot/share/interpreter/linkResolver.cpp, line 773]
Event: 9.298 Thread 0x000001f8fdddd800 Exception <a 'java/lang/NoSuchMethodError'{0x0000000087762970}: 'int java.lang.invoke.DirectMethodHandle$Holder.invokeInterface(java.lang.Object, java.lang.Object, java.lang.Object, java.lang.Object)'> (0x0000000087762970) thrown at [./src/hotspot/share/interpreter/linkResolver.cpp, line 773]
Event: 9.725 Thread 0x000001f8fdddd800 Exception <a 'java/lang/NoSuchMethodError'{0x00000000860cdda0}: 'void java.lang.invoke.DirectMethodHandle$Holder.invokeInterface(java.lang.Object, java.lang.Object, java.lang.Object, java.lang.Object)'> (0x00000000860cdda0) thrown at [./src/hotspot/share/interpreter/linkResolver.cpp, line 773]

Events (20 events):
Event: 9.741 loading class org/gradle/api/tasks/testing/Test
Event: 9.741 loading class org/gradle/api/tasks/testing/Test done
Event: 9.743 loading class org/gradle/api/tasks/testing/AbstractTestTask
Event: 9.743 loading class org/gradle/api/tasks/testing/AbstractTestTask done
Event: 9.744 loading class org/gradle/api/tasks/VerificationTask
Event: 9.744 loading class org/gradle/api/tasks/VerificationTask done
Event: 9.744 loading class org/gradle/api/reporting/Reporting
Event: 9.744 loading class org/gradle/api/reporting/Reporting done
Event: 9.745 loading class org/gradle/api/tasks/javadoc/Javadoc
Event: 9.745 loading class org/gradle/api/tasks/javadoc/Javadoc done
Event: 9.746 Executing VM operation: CollectForMetadataAllocation
Event: 9.767 Executing VM operation: CollectForMetadataAllocation done
Event: 9.767 loading class org/gradle/api/tasks/SourceTask
Event: 9.767 loading class org/gradle/api/tasks/SourceTask done
Event: 9.768 loading class org/gradle/api/tasks/compile/JavaCompile
Event: 9.768 loading class org/gradle/api/tasks/compile/JavaCompile done
Event: 9.770 loading class org/gradle/api/internal/tasks/compile/HasCompileOptions
Event: 9.770 loading class org/gradle/api/internal/tasks/compile/HasCompileOptions done
Event: 9.771 loading class org/gradle/api/tasks/compile/AbstractCompile
Event: 9.771 loading class org/gradle/api/tasks/compile/AbstractCompile done


Dynamic libraries:
0x00007ff702190000 - 0x00007ff70219a000 	C:\Users\Dark Knight\Desktop\android-studio-2021.3.1.5-windows-JETPACK COMPOSE\android-studio\jre\bin\java.exe
0x00007ff8e17c0000 - 0x00007ff8e19c9000 	C:\WINDOWS\SYSTEM32\ntdll.dll
0x00007ff8e0d60000 - 0x00007ff8e0e1d000 	C:\WINDOWS\System32\KERNEL32.DLL
0x00007ff8dedd0000 - 0x00007ff8df144000 	C:\WINDOWS\System32\KERNELBASE.dll
0x00007ff8df1c0000 - 0x00007ff8df2d1000 	C:\WINDOWS\System32\ucrtbase.dll
0x00007ff8d68e0000 - 0x00007ff8d68f9000 	C:\Users\Dark Knight\Desktop\android-studio-2021.3.1.5-windows-JETPACK COMPOSE\android-studio\jre\bin\jli.dll
0x00007ff8ce620000 - 0x00007ff8ce637000 	C:\Users\Dark Knight\Desktop\android-studio-2021.3.1.5-windows-JETPACK COMPOSE\android-studio\jre\bin\VCRUNTIME140.dll
0x00007ff8dfc90000 - 0x00007ff8dfe3c000 	C:\WINDOWS\System32\USER32.dll
0x00007ff8df2e0000 - 0x00007ff8df306000 	C:\WINDOWS\System32\win32u.dll
0x00007ff8cc010000 - 0x00007ff8cc2b5000 	C:\WINDOWS\WinSxS\amd64_microsoft.windows.common-controls_6595b64144ccf1df_6.0.22000.120_none_9d947278b86cc467\COMCTL32.dll
0x00007ff8e1750000 - 0x00007ff8e1779000 	C:\WINDOWS\System32\GDI32.dll
0x00007ff8e0060000 - 0x00007ff8e0103000 	C:\WINDOWS\System32\msvcrt.dll
0x00007ff8decb0000 - 0x00007ff8dedc2000 	C:\WINDOWS\System32\gdi32full.dll
0x00007ff8df540000 - 0x00007ff8df5dd000 	C:\WINDOWS\System32\msvcp_win.dll
0x00007ff8dfb30000 - 0x00007ff8dfb61000 	C:\WINDOWS\System32\IMM32.DLL
0x00007ff89b1c0000 - 0x00007ff89b25d000 	C:\Users\Dark Knight\Desktop\android-studio-2021.3.1.5-windows-JETPACK COMPOSE\android-studio\jre\bin\msvcp140.dll
0x00007ff86cfb0000 - 0x00007ff86dab2000 	C:\Users\Dark Knight\Desktop\android-studio-2021.3.1.5-windows-JETPACK COMPOSE\android-studio\jre\bin\server\jvm.dll
0x00007ff8dfe60000 - 0x00007ff8dff0e000 	C:\WINDOWS\System32\ADVAPI32.dll
0x00007ff8df900000 - 0x00007ff8df99e000 	C:\WINDOWS\System32\sechost.dll
0x00007ff8e0e20000 - 0x00007ff8e0f40000 	C:\WINDOWS\System32\RPCRT4.dll
0x00007ff8dfe50000 - 0x00007ff8dfe58000 	C:\WINDOWS\System32\PSAPI.DLL
0x00007ff8db2e0000 - 0x00007ff8db2e9000 	C:\WINDOWS\SYSTEM32\WSOCK32.dll
0x00007ff8d8ac0000 - 0x00007ff8d8af3000 	C:\WINDOWS\SYSTEM32\WINMM.dll
0x00007ff8d50c0000 - 0x00007ff8d50ca000 	C:\WINDOWS\SYSTEM32\VERSION.dll
0x00007ff8dfac0000 - 0x00007ff8dfb2f000 	C:\WINDOWS\System32\WS2_32.dll
0x00007ff8ddea0000 - 0x00007ff8ddeb8000 	C:\WINDOWS\SYSTEM32\kernel.appcore.dll
0x00007ff8ceac0000 - 0x00007ff8cead1000 	C:\Users\Dark Knight\Desktop\android-studio-2021.3.1.5-windows-JETPACK COMPOSE\android-studio\jre\bin\verify.dll
0x00007ff8dc7f0000 - 0x00007ff8dca11000 	C:\WINDOWS\SYSTEM32\DBGHELP.DLL
0x00007ff8c5620000 - 0x00007ff8c5651000 	C:\WINDOWS\SYSTEM32\dbgcore.DLL
0x00007ff8df5e0000 - 0x00007ff8df65f000 	C:\WINDOWS\System32\bcryptPrimitives.dll
0x00007ff8cd4d0000 - 0x00007ff8cd4f9000 	C:\Users\Dark Knight\Desktop\android-studio-2021.3.1.5-windows-JETPACK COMPOSE\android-studio\jre\bin\java.dll
0x00007ff8d8ed0000 - 0x00007ff8d8edb000 	C:\Users\Dark Knight\Desktop\android-studio-2021.3.1.5-windows-JETPACK COMPOSE\android-studio\jre\bin\jimage.dll
0x00007ff8c8410000 - 0x00007ff8c8428000 	C:\Users\Dark Knight\Desktop\android-studio-2021.3.1.5-windows-JETPACK COMPOSE\android-studio\jre\bin\zip.dll
0x00007ff8e0fa0000 - 0x00007ff8e174e000 	C:\WINDOWS\System32\SHELL32.dll
0x00007ff8dce30000 - 0x00007ff8dd698000 	C:\WINDOWS\SYSTEM32\windows.storage.dll
0x00007ff8e09d0000 - 0x00007ff8e0d48000 	C:\WINDOWS\System32\combase.dll
0x00007ff8dccc0000 - 0x00007ff8dce26000 	C:\WINDOWS\SYSTEM32\wintypes.dll
0x00007ff8dff10000 - 0x00007ff8dfffa000 	C:\WINDOWS\System32\SHCORE.dll
0x00007ff8e0f40000 - 0x00007ff8e0f9d000 	C:\WINDOWS\System32\shlwapi.dll
0x00007ff8debe0000 - 0x00007ff8dec01000 	C:\WINDOWS\SYSTEM32\profapi.dll
0x00007ff8b8120000 - 0x00007ff8b813a000 	C:\Users\Dark Knight\Desktop\android-studio-2021.3.1.5-windows-JETPACK COMPOSE\android-studio\jre\bin\net.dll
0x00007ff8d7b90000 - 0x00007ff8d7c9c000 	C:\WINDOWS\SYSTEM32\WINHTTP.dll
0x00007ff8de2d0000 - 0x00007ff8de337000 	C:\WINDOWS\system32\mswsock.dll
0x00007ff8b7780000 - 0x00007ff8b7794000 	C:\Users\Dark Knight\Desktop\android-studio-2021.3.1.5-windows-JETPACK COMPOSE\android-studio\jre\bin\nio.dll
0x00007ff8d6880000 - 0x00007ff8d68a7000 	C:\Users\Dark Knight\.gradle\native\e1d6ef7f7dcc3fd88c89a11ec53ec762bb8ba0a96d01ffa2cd45eb1d1d8dd5c5\windows-amd64\native-platform.dll
0x00007ff881040000 - 0x00007ff881184000 	C:\Users\Dark Knight\.gradle\native\0d407fdbe67a94daf76414ababcb853783967236a71b16ec16e742cd7a986fd3\windows-amd64\native-platform-file-events.dll
0x00007ff8d8de0000 - 0x00007ff8d8dea000 	C:\Users\Dark Knight\Desktop\android-studio-2021.3.1.5-windows-JETPACK COMPOSE\android-studio\jre\bin\management.dll
0x00007ff8d3c00000 - 0x00007ff8d3c0d000 	C:\Users\Dark Knight\Desktop\android-studio-2021.3.1.5-windows-JETPACK COMPOSE\android-studio\jre\bin\management_ext.dll
0x00007ff8de510000 - 0x00007ff8de528000 	C:\WINDOWS\SYSTEM32\CRYPTSP.dll
0x00007ff8dde00000 - 0x00007ff8dde35000 	C:\WINDOWS\system32\rsaenh.dll
0x00007ff8de3c0000 - 0x00007ff8de3e9000 	C:\WINDOWS\SYSTEM32\USERENV.dll
0x00007ff8de690000 - 0x00007ff8de6b7000 	C:\WINDOWS\SYSTEM32\bcrypt.dll
0x00007ff8de530000 - 0x00007ff8de53c000 	C:\WINDOWS\SYSTEM32\CRYPTBASE.dll
0x00007ff8dda10000 - 0x00007ff8dda3d000 	C:\WINDOWS\SYSTEM32\IPHLPAPI.DLL
0x00007ff8dfe40000 - 0x00007ff8dfe49000 	C:\WINDOWS\System32\NSI.dll
0x00007ff8d8560000 - 0x00007ff8d8579000 	C:\WINDOWS\SYSTEM32\dhcpcsvc6.DLL
0x00007ff8d8680000 - 0x00007ff8d869e000 	C:\WINDOWS\SYSTEM32\dhcpcsvc.DLL
0x00007ff8dda40000 - 0x00007ff8ddb27000 	C:\WINDOWS\SYSTEM32\DNSAPI.dll

dbghelp: loaded successfully - version: 4.0.5 - missing functions: none
symbol engine: initialized successfully - sym options: 0x614 - pdb path: .;C:\Users\Dark Knight\Desktop\android-studio-2021.3.1.5-windows-JETPACK COMPOSE\android-studio\jre\bin;C:\WINDOWS\SYSTEM32;C:\WINDOWS\WinSxS\amd64_microsoft.windows.common-controls_6595b64144ccf1df_6.0.22000.120_none_9d947278b86cc467;C:\Users\Dark Knight\Desktop\android-studio-2021.3.1.5-windows-JETPACK COMPOSE\android-studio\jre\bin\server;C:\Users\Dark Knight\.gradle\native\e1d6ef7f7dcc3fd88c89a11ec53ec762bb8ba0a96d01ffa2cd45eb1d1d8dd5c5\windows-amd64;C:\Users\Dark Knight\.gradle\native\0d407fdbe67a94daf76414ababcb853783967236a71b16ec16e742cd7a986fd3\windows-amd64

VM Arguments:
jvm_args: --add-opens=java.base/java.util=ALL-UNNAMED --add-opens=java.base/java.lang=ALL-UNNAMED --add-opens=java.base/java.lang.invoke=ALL-UNNAMED --add-opens=java.base/java.util=ALL-UNNAMED --add-opens=java.prefs/java.util.prefs=ALL-UNNAMED --add-opens=java.prefs/java.util.prefs=ALL-UNNAMED --add-opens=java.base/java.nio.charset=ALL-UNNAMED --add-opens=java.base/java.net=ALL-UNNAMED --add-opens=java.base/java.util.concurrent.atomic=ALL-UNNAMED -Xmx2048m -Dfile.encoding=UTF-8 -Duser.country=IN -Duser.language=en -Duser.variant 
java_command: org.gradle.launcher.daemon.bootstrap.GradleDaemon 7.4
java_class_path (initial): C:\Users\Dark Knight\.gradle\wrapper\dists\gradle-7.4-bin\c0gwcg53nkjbqw7r0h0umtfvt\gradle-7.4\lib\gradle-launcher-7.4.jar
Launcher Type: SUN_STANDARD

[Global flags]
     intx CICompilerCount                          = 4                                         {product} {ergonomic}
     uint ConcGCThreads                            = 2                                         {product} {ergonomic}
     uint G1ConcRefinementThreads                  = 8                                         {product} {ergonomic}
   size_t G1HeapRegionSize                         = 1048576                                   {product} {ergonomic}
    uintx GCDrainStackTargetSize                   = 64                                        {product} {ergonomic}
   size_t InitialHeapSize                          = 134217728                                 {product} {ergonomic}
   size_t MarkStackSize                            = 4194304                                   {product} {ergonomic}
   size_t MaxHeapSize                              = 2147483648                                {product} {command line}
   size_t MaxNewSize                               = 1287651328                                {product} {ergonomic}
   size_t MinHeapDeltaBytes                        = 1048576                                   {product} {ergonomic}
    uintx NonNMethodCodeHeapSize                   = 5836300                                {pd product} {ergonomic}
    uintx NonProfiledCodeHeapSize                  = 122910970                              {pd product} {ergonomic}
    uintx ProfiledCodeHeapSize                     = 122910970                              {pd product} {ergonomic}
    uintx ReservedCodeCacheSize                    = 251658240                              {pd product} {ergonomic}
     bool SegmentedCodeCache                       = true                                      {product} {ergonomic}
     bool UseCompressedClassPointers               = true                                 {lp64_product} {ergonomic}
     bool UseCompressedOops                        = true                                 {lp64_product} {ergonomic}
     bool UseG1GC                                  = true                                      {product} {ergonomic}
     bool UseLargePagesIndividualAllocation        = false                                  {pd product} {ergonomic}

Logging:
Log output configuration:
 #0: stdout all=warning uptime,level,tags
 #1: stderr all=off uptime,level,tags

Environment Variables:
PATH=C:\Windows\system32;C:\Windows;C:\Windows\System32\Wbem;C:\Windows\System32\WindowsPowerShell\v1.0\;C:\Windows\System32\OpenSSH\;C:\Program Files (x86)\NVIDIA Corporation\PhysX\Common;C:\Program Files\NVIDIA Corporation\NVIDIA NvDLISR;C:\WINDOWS\system32;C:\WINDOWS;C:\WINDOWS\System32\Wbem;C:\WINDOWS\System32\WindowsPowerShell\v1.0\;C:\WINDOWS\System32\OpenSSH\;C:\MinGW\bin;C:\Program Files\MEGA-X;C:\WINDOWS\system32;C:\WINDOWS;C:\WINDOWS\System32\Wbem;C:\WINDOWS\System32\WindowsPowerShell\v1.0\;C:\WINDOWS\System32\OpenSSH\;C:\Program Files\Git\cmd;C:\Users\Dark Knight\AppData\Local\Microsoft\WindowsApps;C:\Users\Dark Knight\AppData\Local\atom\bin;C:\MinGW\bin;C:\Program Files (x86)\Microsoft Visual Studio\2019\BuildTools\MSBuild\Current\Bin;C:\Users\Dark Knight\AppData\Local\Microsoft\WindowsApps;
USERNAME=Dark Knight
OS=Windows_NT
PROCESSOR_IDENTIFIER=Intel64 Family 6 Model 158 Stepping 10, GenuineIntel



---------------  S Y S T E M  ---------------

OS: Windows 11 , 64 bit Build 22000 (10.0.22000.434)
OS uptime: 21 days 5:21 hours

CPU:total 8 (initial active 8) (4 cores per cpu, 2 threads per core) family 6 model 158 stepping 10 microcode 0xde, cmov, cx8, fxsr, mmx, sse, sse2, sse3, ssse3, sse4.1, sse4.2, popcnt, avx, avx2, aes, clmul, erms, 3dnowpref, lzcnt, ht, tsc, tscinvbit, bmi1, bmi2, adx, fma

Memory: 4k page, system-wide physical 8072M (370M free)
TotalPageFile size 12168M (AvailPageFile size 5M)
current process WorkingSet (physical memory assigned to process): 354M, peak: 354M
current process commit charge ("private bytes"): 395M, peak: 397M

vm_info: OpenJDK 64-Bit Server VM (11.0.13+0-b1751.21-8125866) for windows-amd64 JRE (11.0.13+0-b1751.21-8125866), built on Feb  2 2022 03:00:22 by "builder" with MS VC++ 14.0 (VS2015)

END.
